<?xml version="1.0" encoding="UTF-8"?>
<testsuite name="es.arq.persistence.provider.tests.TestCouchBasePersistenceImpl" tests="5" skipped="0" failures="0" errors="0" timestamp="2016-04-11T14:46:12" hostname="mmoran" time="0.702">
  <properties/>
  <testcase name="testQuery" classname="es.arq.persistence.provider.tests.TestCouchBasePersistenceImpl" time="0.675"/>
  <testcase name="testGetById" classname="es.arq.persistence.provider.tests.TestCouchBasePersistenceImpl" time="0.011"/>
  <testcase name="testDelete" classname="es.arq.persistence.provider.tests.TestCouchBasePersistenceImpl" time="0.006"/>
  <testcase name="testInsert" classname="es.arq.persistence.provider.tests.TestCouchBasePersistenceImpl" time="0.004"/>
  <testcase name="testUpdate" classname="es.arq.persistence.provider.tests.TestCouchBasePersistenceImpl" time="0.005"/>
  <system-out><![CDATA[2016-04-11 16:46:11 INFO  CouchbaseCore:141 - CouchbaseEnvironment: {sslEnabled=false, sslKeystoreFile='null', sslKeystorePassword='null', queryEnabled=false, queryPort=8093, bootstrapHttpEnabled=true, bootstrapCarrierEnabled=true, bootstrapHttpDirectPort=8091, bootstrapHttpSslPort=18091, bootstrapCarrierDirectPort=11210, bootstrapCarrierSslPort=11207, ioPoolSize=4, computationPoolSize=4, responseBufferSize=16384, requestBufferSize=16384, kvServiceEndpoints=1, viewServiceEndpoints=1, queryServiceEndpoints=1, ioPool=NioEventLoopGroup, coreScheduler=CoreScheduler, eventBus=DefaultEventBus, packageNameAndVersion=couchbase-jvm-core/1.2.3 (git: 1.2.3), dcpEnabled=false, retryStrategy=BestEffort, maxRequestLifetime=75000, retryDelay=ExponentialDelay{growBy 1.0 MICROSECONDS; lower=100, upper=100000}, reconnectDelay=ExponentialDelay{growBy 1.0 MILLISECONDS; lower=32, upper=4096}, observeIntervalDelay=ExponentialDelay{growBy 1.0 MICROSECONDS; lower=10, upper=100000}, keepAliveInterval=30000, autoreleaseAfter=2000, bufferPoolingEnabled=true, tcpNodelayEnabled=true, mutationTokensEnabled=false, socketConnectTimeout=1000, dcpConnectionBufferSize=20971520, dcpConnectionBufferAckThreshold=0.2, queryTimeout=75000, viewTimeout=75000, kvTimeout=2500, connectTimeout=5000, disconnectTimeout=25000, dnsSrvEnabled=false}
2016-04-11 16:46:12 INFO  Node:135 - Connected to Node localhost
2016-04-11 16:46:12 INFO  ConfigurationProvider:272 - Opened bucket default
2016-04-11 16:46:12 INFO  CouchBasePersistenceImpl:87 - Connection to bucket: default on host has been stablished
2016-04-11 16:46:12 INFO  TestCouchBasePersistenceImpl:31 - Connection to couchbase database established
2016-04-11 16:46:12 INFO  CouchBasePersistenceImpl:203 - Retrieved 588 documents from view dev_collection/collection_view
2016-04-11 16:46:12 INFO  CouchBasePersistenceImpl:206 - Document retrieved from view: 01844702-1a61-4ee0-9848-a3ef22b4b6f6 - {"release_id":"391989","date added":"2016-02-14 11:40:09","artist":"Soilwork","catalog#":"NB 582-2-27361 65822","format":"CD-Album","label":"Nuclear Blast-Nuclear Blast","title":"A Predator's Portrait","collectionfolder":"Death Metal","released":"2001"}
2016-04-11 16:46:12 INFO  CouchBasePersistenceImpl:206 - Document retrieved from view: 01ef22d8-5ae1-453f-85b1-9933f71ad1b5 - {"release_id":"326404","date added":"2011-05-28 06:21:26","artist":"Skinny Puppy","catalog#":"5 03770 30149 2 3","collection style":"Industrial","format":"CD-Comp","rating":"4","label":"Nettwerk","title":"B-Sides Collect","collectionfolder":"Industrial","released":"1999"}
2016-04-11 16:46:12 INFO  CouchBasePersistenceImpl:206 - Document retrieved from view: 01f4a898-e617-4fc0-ac30-b9da1210adb6 - {"release_id":"543654","date added":"2011-08-21 07:21:30","artist":"Christian Death","catalog#":"CLP 0617-2","collection style":"Gothic","format":"CD-Album-RE","rating":"3","label":"Cleopatra","title":"Sex And Drugs And Jesus Christ","collectionfolder":"Gothic","released":"1999"}
2016-04-11 16:46:12 INFO  CouchBasePersistenceImpl:206 - Document retrieved from view: 02100ef0-15fe-4fba-8a2f-34b0005acd13 - {"release_id":"383713","date added":"2013-08-21 00:01:55","artist":"Texas","catalog#":"848 578-2","format":"CD-Album","rating":"4","label":"Mercury","title":"Mothers Heaven","collectionfolder":"Brit Pop","released":"1991"}
2016-04-11 16:46:12 INFO  CouchBasePersistenceImpl:206 - Document retrieved from view: 0264c888-9088-4d91-8b03-bee36c0ebcf4 - {"release_id":"902974","date added":"2011-08-21 07:05:43","artist":"Charon (2)","catalog#":"spi140cd","collection style":"Gothic","format":"CD-Album-Enh","rating":"2","label":"Spinefarm Records","title":"Downhearted","collectionfolder":"Gothic","released":"2002"}
2016-04-11 16:46:12 INFO  CouchBasePersistenceImpl:206 - Document retrieved from view: 0280da30-afed-45cd-b666-8f151f8d4173 - {"release_id":"2407239","date added":"2011-05-17 14:16:17","artist":"Kreuzfeuer","catalog#":"004099","format":"CD-Album","rating":"3","label":"Endzeit Klänge","title":"Blut Für Blut","collectionfolder":"R.A.C","released":"2000"}
2016-04-11 16:46:12 INFO  CouchBasePersistenceImpl:206 - Document retrieved from view: 02c96a05-4b66-4611-93d0-b10f75318728 - {"release_id":"384101","date added":"2011-05-14 06:02:29","artist":"Helloween","catalog#":"RAW CD 125-GSA 0000125 RAW","format":"CD-Album","rating":"5","label":"Raw Power-Raw Power","title":"Better Than Raw","collectionfolder":"Power Metal","released":"1998"}
2016-04-11 16:46:12 INFO  CouchBasePersistenceImpl:206 - Document retrieved from view: 030f4f65-4d45-4a81-9573-f07b80b70f5d - {"release_id":"332597","date added":"2011-05-30 13:24:48","artist":"The Prodigy","catalog#":"EVERCD 039","format":"CD-Album","rating":"5","label":"Everlasting Records (2)","title":"The Fat Of The Land","collectionfolder":"Rave","released":"1997"}
2016-04-11 16:46:12 INFO  CouchBasePersistenceImpl:206 - Document retrieved from view: 03e2e1e2-e9cd-415d-9396-9d61f76871fc - {"release_id":"1240141","date added":"2011-05-14 06:02:39","artist":"Helloween","catalog#":"NB 480-2-27361 64802","format":"CD-Album","rating":"4","label":"Nuclear Blast-Nuclear Blast","title":"The Dark Ride","collectionfolder":"Power Metal","released":"2000"}
2016-04-11 16:46:12 INFO  CouchBasePersistenceImpl:206 - Document retrieved from view: 03f065a0-b562-40d8-acc2-794a502dc250 - {"release_id":"48940","date added":"2011-05-23 13:03:03","artist":"Der Blutharsch","catalog#":"WKN 10","format":"CD-Album","rating":"5","label":"WKN","title":"The Track Of The Hunted","collectionfolder":"Ambiental","released":"2000"}
2016-04-11 16:46:12 INFO  CouchBasePersistenceImpl:206 - Document retrieved from view: 04e8bd18-2454-4205-aa52-1fd48777505b - {"release_id":"685126","date added":"2011-05-14 06:18:52","artist":"Nashville Pussy","catalog#":"TVT 3340-2","format":"CD-Album","rating":"5","label":"TVT Records","title":"High As Hell","collectionfolder":"Punk Rock","released":"2000"}
2016-04-11 16:46:12 INFO  CouchBasePersistenceImpl:206 - Document retrieved from view: 052db13f-b52b-4c45-b557-3e7b54b4f20d - {"release_id":"2882007","date added":"2013-08-16 00:31:40","artist":"Hate Society","catalog#":"hs 001","collection style":"R.A.C","format":"CD-Album-Ltd","rating":"2","label":"Not On Label","title":"Hell's Your Place !!!","collectionfolder":"R.A.C","released":"1998"}
2016-04-11 16:46:12 INFO  CouchBasePersistenceImpl:206 - Document retrieved from view: 053f64bf-8310-4301-9270-e2df5b968499 - {"release_id":"379149","date added":"2012-02-29 22:55:15","artist":"Paradise Lost","catalog#":"CDMFN 152DG-CD MFN 152 DG","format":"CD-Album-Ltd-Dig","rating":"5","label":"Music For Nations-Music For Nations","title":"Icon","collectionfolder":"Gothic","released":"1993"}
2016-04-11 16:46:12 INFO  CouchBasePersistenceImpl:206 - Document retrieved from view: 05dfb38c-bed9-4921-b5af-11bb8e11b011 - {"release_id":"2450353","date added":"2013-08-20 23:38:07","artist":"Estirpe Imperial","catalog#":"RT-7034","collection style":"R.A.C","format":"CD-Album","rating":"4","label":"Rata - Ta Ta Tá...","title":"Sin Miedo","collectionfolder":"R.A.C","released":"2007"}
2016-04-11 16:46:12 INFO  CouchBasePersistenceImpl:206 - Document retrieved from view: 060b8460-97a7-4ed1-ac31-7aef4fb48ad0 - {"release_id":"549222","date added":"2011-05-17 13:39:32","artist":"Moonspell","catalog#":"77490-2","format":"CD-Album-Enh","rating":"4","label":"Century Media","title":"The Antidote","collectionfolder":"Gothic","released":"2003"}
2016-04-11 16:46:12 INFO  CouchBasePersistenceImpl:206 - Document retrieved from view: 06982fb6-5661-4f2d-aa4d-b5f8a476b98e - {"release_id":"3786295","date added":"2015-03-28 00:17:55","artist":"Fortress (6) & Brutal Attack (2)","catalog#":"88CD016","format":"CD-EP-RE","label":"Midgård Records","title":"The Garrison C.D.","collectionfolder":"R.A.C","released":"2006"}
2016-04-11 16:46:12 INFO  CouchBasePersistenceImpl:206 - Document retrieved from view: 06e3a921-0711-4682-a9ca-1ea20d025ee7 - {"release_id":"383931","date added":"2011-05-13 08:28:58","artist":"Danzig","catalog#":"HR-66006-2","collection style":"Hard Rock","format":"CD-Maxi","rating":"3","label":"Hollywood Records","title":"Sacrifice","collectionfolder":"Hard Rock","released":"1996"}
2016-04-11 16:46:12 INFO  CouchBasePersistenceImpl:206 - Document retrieved from view: 099179e4-34a8-47a8-aa23-48f83f53a506 - {"release_id":"676344","date added":"2013-08-21 00:27:30","artist":"Valkyria (2)","catalog#":"none","collection style":"R.A.C","format":"CD-Album","rating":"3","label":"Resistance Records (3)","title":"Väsens Hymner","collectionfolder":"R.A.C","released":"2001"}
2016-04-11 16:46:12 INFO  CouchBasePersistenceImpl:206 - Document retrieved from view: 0a3e32a5-4f4e-4bff-905c-256e89cf15b3 - {"release_id":"422069","date added":"2015-04-14 22:48:43","artist":"Tiamat","catalog#":"77180-2","format":"CD-Album-Ltd-Dig","label":"Century Media","title":"A Deeper Kind Of Slumber","collectionfolder":"Doom Metal","released":"1997"}
2016-04-11 16:46:12 INFO  CouchBasePersistenceImpl:206 - Document retrieved from view: 0a54d59c-55ea-43e8-a3c1-40ec6c98b42f - {"release_id":"4930716","date added":"2015-04-15 22:15:15","artist":"Kreator","catalog#":"N 0129-4","format":"Cass-Album","label":"Noise International","title":"Extreme Aggression","collectionfolder":"Trash Metal","released":"1989"}
2016-04-11 16:46:12 INFO  CouchBasePersistenceImpl:206 - Document retrieved from view: 0a9b4f6c-8f95-4e01-acb0-704519b3bae7 - {"release_id":"5630307","date added":"2014-07-15 13:43:58","artist":"Triptykon","catalog#":"9984200-016","format":"CD-Album-Dlx-Med","label":"Century Media-Prowling Death Records","title":"Melana Chasmata","collectionfolder":"Doom Metal","released":"2014"}
2016-04-11 16:46:12 INFO  CouchBasePersistenceImpl:206 - Document retrieved from view: 0bd85824-db63-4517-a761-c79041dfaf4d - {"release_id":"403095","date added":"2016-02-14 11:13:36","artist":"Audioslave","catalog#":"EPC 510130 2-510 130 2","format":"CD-Album","label":"Epic-Interscope Records","title":"Audioslave","collectionfolder":"Hard Rock","released":"2002"}
2016-04-11 16:46:12 INFO  CouchBasePersistenceImpl:206 - Document retrieved from view: 0ca89729-8e77-46fb-a41c-3bb05e4a1cae - {"release_id":"385043","date added":"2011-05-17 14:14:05","artist":"Böhse Onkelz","catalog#":"7243 8 42349 2 8-7243 842349 2 8","format":"CD-Album","rating":"3","label":"Onkelz Productions-Onkelz Productions","title":"E.I.N.S.","collectionfolder":"Hard Rock","released":"1996"}
2016-04-11 16:46:12 INFO  CouchBasePersistenceImpl:206 - Document retrieved from view: 0cac549f-c81a-4f13-baca-6cb5ac195c88 - {"release_id":"910504","date added":"2011-05-12 10:28:53","artist":"Type O Negative","catalog#":"RR 8874-4","format":"Cass-Album","rating":"5","label":"Roadrunner Records","title":"October Rust","collectionfolder":"Gothic","released":"1996"}
2016-04-11 16:46:12 INFO  CouchBasePersistenceImpl:206 - Document retrieved from view: 0d0c3746-ab6d-4623-b0a1-0fdea0749641 - {"release_id":"2582473","date added":"2011-05-13 08:35:12","artist":"Alice In Chains","catalog#":"50999 3 08265 2 6","collection style":"Hard Rock","format":"CD-Album","rating":"5","label":"Virgin","title":"Black Gives Way To Blue","collectionfolder":"Hard Rock","released":"2009"}
2016-04-11 16:46:12 INFO  CouchBasePersistenceImpl:206 - Document retrieved from view: 0db861dd-8f2f-4db0-bb17-0344a0a4b892 - {"release_id":"1173497","date added":"2012-02-29 23:00:45","artist":"Paradise Lost","catalog#":"VILE 17 P","format":"LP-Pic-Album","rating":"5","label":"Peaceville","title":"Lost Paradise","collectionfolder":"Gothic","released":"1990"}
2016-04-11 16:46:12 INFO  CouchBasePersistenceImpl:206 - Document retrieved from view: 0ddd1db4-abd8-4c82-9945-06c6f1e2d844 - {"release_id":"917855","date added":"2011-05-13 08:26:17","artist":"Danzig","catalog#":"COL 491784 2-491784 2-02-491784-10","collection style":"Hard Rock","format":"CD-Album-RE- ","rating":"5","label":"Columbia-American Recordings-American Recordings","title":"Danzig II: Lucifuge","collectionfolder":"Hard Rock","released":"1999"}
2016-04-11 16:46:12 INFO  CouchBasePersistenceImpl:206 - Document retrieved from view: 0e6a775e-388f-43a8-afc3-bfa92fc54afb - {"release_id":"2576982","date added":"2014-09-14 11:29:32","artist":"Hawkwind","catalog#":"CD-FA 3220-CDM 7 92025 2 ·","format":"CD-Comp","label":"Fame-EMI","title":"Masters Of The Universe","collectionfolder":"Stoner Rock","released":"1989"}
2016-04-11 16:46:12 INFO  CouchBasePersistenceImpl:206 - Document retrieved from view: 0e92ad73-f0f0-47dd-a4d9-6a4a6022cfd5 - {"release_id":"1026713","date added":"2011-05-15 05:45:06","artist":"Slayer","catalog#":"MX 8020-MBR 1040","format":"LP-Album","rating":"4","label":"Combat-Metal Blade Records","title":"Hell Awaits","collectionfolder":"Trash Metal","released":"1985"}
2016-04-11 16:46:12 INFO  CouchBasePersistenceImpl:206 - Document retrieved from view: 0f77de8e-1f2f-4dc6-a76e-fbea1dbeba47 - {"release_id":"8027794","date added":"2016-02-09 10:46:36","artist":"Intolleranza","catalog#":"none","format":"LP-Album-Ltd-Num-RE-Whi","label":"Black Shirts Records","title":"Tutti All' Inferno","collectionfolder":"R.A.C","released":"2015"}
2016-04-11 16:46:12 INFO  CouchBasePersistenceImpl:206 - Document retrieved from view: 0fa94a8f-0e79-4a5d-8bdd-0d64c204aabc - {"release_id":"3527491","date added":"2016-02-14 01:00:02","artist":"Heathen Dawn","catalog#":"amcd03","format":"CD-MiniAlbum","label":"Aura Mystique Productions","title":"Wasted Land","collectionfolder":"Black Metal","released":"2002"}
2016-04-11 16:46:12 INFO  CouchBasePersistenceImpl:206 - Document retrieved from view: 0fa9e561-71ba-4d9e-8e42-e847b861d607 - {"release_id":"886977","date added":"2011-05-11 12:00:46","artist":"Paradise Lost","catalog#":"cdkut 169-CDKUT 169","format":"CD-Single-Dig","rating":"5","label":"Music For Nations-Music For Nations","title":"Forever Failure","collectionfolder":"Gothic","released":"1995"}
2016-04-11 16:46:12 INFO  CouchBasePersistenceImpl:206 - Document retrieved from view: 0fc85b07-ae9a-49f9-8d4b-eee9d685f1b4 - {"release_id":"698106","date added":"2011-05-26 11:57:43","artist":"Rammstein","catalog#":"987 458-9-9874589","collection style":"Industrial","format":"CD-Album + DVD-V + Ltd-Dig","rating":"3","label":"Universal Music-Universal Music","title":"Rosenrot","collectionfolder":"Industrial","released":"2005"}
2016-04-11 16:46:12 INFO  CouchBasePersistenceImpl:206 - Document retrieved from view: 10494d9b-24b3-444e-a970-ac917ccf0b86 - {"release_id":"1727290","date added":"2011-05-15 05:43:01","artist":"Metallica","catalog#":"0110225HWR","format":"CD-Single-Ltd-Bla","rating":"5","label":"Hollywood Records","title":"I Disappear","collectionfolder":"Trash Metal","released":"2000"}
2016-04-11 16:46:12 INFO  CouchBasePersistenceImpl:206 - Document retrieved from view: 108027e7-8f4e-4f07-81ac-47e2c1f7c5ff - {"release_id":"1230955","date added":"2011-08-21 07:08:22","artist":"Beaten Back To Pure","catalog#":"RET 006","collection style":"Stoner Rock","format":"CD-Album","rating":"5","label":"Retribute Records","title":"Southern Apocalypse","collectionfolder":"Stoner Rock","released":"2001"}
2016-04-11 16:46:12 INFO  CouchBasePersistenceImpl:206 - Document retrieved from view: 10add03f-a332-4cce-91ce-27ae804197e7 - {"release_id":"7149781","date added":"2015-11-10 10:44:53","artist":"Lucifer (37)","catalog#":"RISELP200","format":"LP-Ltd-Sol","label":"Rise Above Records","title":"Lucifer I","collectionfolder":"Black Metal","released":"2015"}
2016-04-11 16:46:12 INFO  CouchBasePersistenceImpl:206 - Document retrieved from view: 11072904-6c5c-4301-a7ed-90e3c2410a38 - {"release_id":"3927301","date added":"2015-11-10 14:23:26","artist":"Black Sabbath","catalog#":"6302 017","format":"LP-Album","label":"Vertigo","title":"Heaven And Hell","collectionfolder":"Heavy Metal","released":"1980"}
2016-04-11 16:46:12 INFO  CouchBasePersistenceImpl:206 - Document retrieved from view: 1152bd0d-97c3-4727-83ea-70a82817d09d - {"release_id":"418523","date added":"2011-05-15 05:44:49","artist":"Slayer","catalog#":"CD ZORRO 7","format":"CD-Album-RE","rating":"4","label":"Metal Blade Records","title":"Show No Mercy","collectionfolder":"Trash Metal","released":"1990"}
2016-04-11 16:46:12 INFO  CouchBasePersistenceImpl:206 - Document retrieved from view: 11d01efa-3ff2-414c-8f12-f248a4ea9c61 - {"release_id":"2443428","date added":"2013-08-18 05:23:08","artist":"Mistreat / Bound For Glory","catalog#":"PCD034","collection style":"R.A.C","format":"CD-Album","rating":"3","label":"Panzerfaust Records","title":"Beer Bottles & Hockey Sticks","collectionfolder":"R.A.C","released":"2002"}
2016-04-11 16:46:12 INFO  CouchBasePersistenceImpl:206 - Document retrieved from view: 11d0bcff-a946-4b27-acf9-f9ae3c26c981 - {"release_id":"6231551","date added":"2016-03-12 13:06:35","artist":"Reverend Horton Heat","catalog#":"SPCD 250","format":"CD-Album-RE","label":"Sub Pop","title":"Liquor In The Front","collectionfolder":"Uncategorized","released":"2003"}
2016-04-11 16:46:12 INFO  CouchBasePersistenceImpl:206 - Document retrieved from view: 121762e9-e430-4cb8-bdbb-d1fec9ffb24a - {"release_id":"899230","date added":"2011-05-14 06:18:24","artist":"Nashville Pussy","catalog#":"538 456-2","format":"CD-Album + CD + Ltd","rating":"5","label":"Mercury","title":"Let Them Eat Pussy","collectionfolder":"Punk Rock","released":"1998"}
2016-04-11 16:46:12 INFO  CouchBasePersistenceImpl:206 - Document retrieved from view: 1243eb3c-b2d6-44c8-9264-c46f48dda236 - {"release_id":"1549759","date added":"2011-05-23 11:18:55","artist":"Mötley Crüe","catalog#":"960 725-2-60725-2","format":"CD-Album","rating":"5","label":"Elektra-Elektra","title":"Girls-Girls-Girls","collectionfolder":"Glam","released":"1987"}
2016-04-11 16:46:12 INFO  CouchBasePersistenceImpl:206 - Document retrieved from view: 12928037-ef6e-44f9-adc6-5bbc7a5c1a84 - {"release_id":"584961","date added":"2011-05-11 12:07:46","artist":"Before God","catalog#":"CD EK006000-none","collection style":"R.A.C","format":"CD-Album-DIG","rating":"4","label":"Endzeit Klänge-BFG Productions","title":"Under The Blood Banner","collectionfolder":"R.A.C","released":"2000"}
2016-04-11 16:46:12 INFO  CouchBasePersistenceImpl:206 - Document retrieved from view: 12a55a4f-da46-442f-bb79-2fecbbcce3bb - {"release_id":"372533","date added":"2013-08-21 00:29:54","artist":"Honor","catalog#":"SSR 001","collection style":"R.A.C","format":"CD-Album","rating":"2","label":"Strong Survive Records","title":"W Płomieniach Wschodzącej Siły","collectionfolder":"R.A.C","released":"2000"}
2016-04-11 16:46:12 INFO  CouchBasePersistenceImpl:206 - Document retrieved from view: 13573dee-5d74-4478-8d68-67cb65b14f19 - {"release_id":"951362","date added":"2011-05-14 06:11:20","artist":"Porcupine Tree","catalog#":"RR 8011-2","format":"CD-Album","rating":"3","label":"Roadrunner Records","title":"Fear Of A Blank Planet","collectionfolder":"Progressive","released":"2007"}
2016-04-11 16:46:12 INFO  CouchBasePersistenceImpl:206 - Document retrieved from view: 136a531a-41b3-4cf6-801a-e35bb8323a3b - {"release_id":"369760","date added":"2013-08-21 00:29:02","artist":"Honor / Graveland","catalog#":"RES 017","collection style":"R.A.C","format":"CD","rating":"2","label":"Resistance Records (3)","title":"Raiders Of Revenge","collectionfolder":"R.A.C","released":"2000"}
2016-04-11 16:46:12 INFO  CouchBasePersistenceImpl:206 - Document retrieved from view: 14473873-fc14-458e-abc6-a5607b6635fb - {"release_id":"1191223","date added":"2015-03-22 09:05:40","artist":"Skid Row","catalog#":"7567-81936-2","format":"CD-Album","label":"Atlantic","title":"Skid Row","collectionfolder":"Heavy Metal","released":"1989"}
2016-04-11 16:46:12 INFO  CouchBasePersistenceImpl:206 - Document retrieved from view: 158c8b8d-fbf1-4720-903e-556c9f4bfb98 - {"release_id":"383727","date added":"2013-08-21 00:01:03","artist":"Texas","catalog#":"534 315-2","format":"CD-Album","rating":"4","label":"Mercury","title":"White On Blonde","collectionfolder":"Brit Pop","released":"1997"}
2016-04-11 16:46:12 INFO  CouchBasePersistenceImpl:206 - Document retrieved from view: 16c10368-dbca-488d-936e-309b6e57da8c - {"release_id":"788544","date added":"2011-05-11 14:17:03","artist":"Carnivore","catalog#":"RR 8745-2","format":"CD-Album-RE-RM","rating":"4","label":"Roadrunner Records","title":"Carnivore","collectionfolder":"Trash Metal","released":"2001"}
2016-04-11 16:46:12 INFO  CouchBasePersistenceImpl:206 - Document retrieved from view: 16ee5c6a-5bd2-45b8-bc0f-79e5775e683f - {"test":"couchbase persistence test"}
2016-04-11 16:46:12 INFO  CouchBasePersistenceImpl:206 - Document retrieved from view: 171c8e0f-1faf-406f-9a31-be51f7c746ca - {"release_id":"2447722","date added":"2013-01-08 01:06:45","artist":"Grinderman","catalog#":"LCDSTUMM299-5099964727929-LCSTUMM299","format":"CD-Album-Ltd","rating":"5","label":"Mute-Mute-Mute","title":"Grinderman 2","collectionfolder":"R´N´R","released":"2010"}
2016-04-11 16:46:12 INFO  CouchBasePersistenceImpl:206 - Document retrieved from view: 17444b82-4cc0-4c7b-b728-ede798f129b8 - {"release_id":"1279521","date added":"2015-03-22 08:52:51","artist":"Skid Row","catalog#":"7567-82242-1","format":"LP-Album","label":"Atlantic","title":"Slave To The Grind","collectionfolder":"Heavy Metal","released":"1991"}
2016-04-11 16:46:12 INFO  CouchBasePersistenceImpl:206 - Document retrieved from view: 17cb5269-6e66-4cb2-b0a7-7084ae1b72d5 - {"release_id":"1346639","date added":"2011-05-11 11:59:02","artist":"Paradise Lost","catalog#":"9977709","format":"2xDVD-V-NTSC + 2xCD-Album + Box-Ltd","rating":"3","label":"Century Media","title":"The Anatomy Of Melancholy","collectionfolder":"Gothic","released":"2008"}
2016-04-11 16:46:12 INFO  CouchBasePersistenceImpl:206 - Document retrieved from view: 17d35117-597c-4933-8e3c-92bccb787caf - {"release_id":"771025","date added":"2011-05-11 11:56:34","artist":"Paradise Lost","catalog#":"CDMFN 222","format":"CD-Album","rating":"4","label":"Music For Nations","title":"One Second","collectionfolder":"Gothic","released":"1997"}
2016-04-11 16:46:12 INFO  CouchBasePersistenceImpl:206 - Document retrieved from view: 17da1ccf-d142-410f-ad81-7c8702c9a550 - {"release_id":"1376885","date added":"2011-05-13 08:27:38","artist":"Danzig","catalog#":"EMA 61011-2-none","collection style":"Hard Rock","format":"CD-Album-RE","rating":"3","label":"E-Magine Entertainment-Evilive","title":"Danzig 5: Blackacidevil","collectionfolder":"Hard Rock","released":"2000"}
2016-04-11 16:46:12 INFO  CouchBasePersistenceImpl:206 - Document retrieved from view: 18686909-9eb9-4ac2-898c-1031f8f6a243 - {"release_id":"261584","date added":"2011-05-26 12:12:58","artist":"Sal Solaris","catalog#":"HR!19","format":"CD-Album","rating":"5","label":"Hau Ruck!","title":"Outerpretation Of Dreams","collectionfolder":"Ambiental","released":"2001"}
2016-04-11 16:46:12 INFO  CouchBasePersistenceImpl:206 - Document retrieved from view: 191af101-e79d-4a53-b1aa-53189d5a8b69 - {"release_id":"1252439","date added":"2011-05-11 14:10:49","artist":"Pantera","catalog#":"7567-92302-4","format":"Cass-Album","rating":"5","label":"EastWest Records America","title":"Far Beyond Driven","collectionfolder":"Sludge Metal","released":"1994"}
2016-04-11 16:46:12 INFO  CouchBasePersistenceImpl:206 - Document retrieved from view: 1987713b-bce0-4ff8-8140-f4c68bcdd66f - {"release_id":"2696050","date added":"2016-02-07 00:18:13","artist":"Novadriver","catalog#":"SS-055","format":"CD-Album","label":"Small Stone Records","title":"Deeper High","collectionfolder":"Stoner Rock","released":"2005"}
2016-04-11 16:46:12 INFO  CouchBasePersistenceImpl:206 - Document retrieved from view: 19907241-e688-4877-b19c-9f4fe3624d55 - {"release_id":"1552902","date added":"2016-01-18 10:23:18","artist":"The Quakes (2)","catalog#":"NERD 037","format":"LP-Album","label":"Nervous Records (2)","title":"The Quakes","collectionfolder":"Psychobilly","released":"1988"}
2016-04-11 16:46:12 INFO  CouchBasePersistenceImpl:206 - Document retrieved from view: 1a13729b-5879-4804-8de6-e63f85ca42f5 - {"release_id":"2395523","date added":"2013-08-21 00:36:17","artist":"Kaiserbund","catalog#":"none","collection style":"Industrial","format":"CD-Album","rating":"3","label":"Bleu Blanc Rock","title":"Euromatrice Type 1.7","collectionfolder":"Electronic","released":"2000"}
2016-04-11 16:46:12 INFO  CouchBasePersistenceImpl:206 - Document retrieved from view: 1aa3dc29-ee94-4c46-b5e1-e407e912872c - {"release_id":"630253","date added":"2011-05-13 09:24:37","artist":"Guns N' Roses","catalog#":"B0000920-09","collection style":"Hard Rock","format":"DVD-Kee","rating":"5","label":"Geffen Records","title":"Use Your Illusion II - World Tour - 1992 In Tokyo","collectionfolder":"Hard Rock","released":"2004"}
2016-04-11 16:46:12 INFO  CouchBasePersistenceImpl:206 - Document retrieved from view: 1af2cd75-005e-4eee-b167-47239565b7ff - {"release_id":"1024001","date added":"2011-05-30 13:35:53","artist":"Nick Cave & The Bad Seeds","catalog#":"LCDStumm233-CDStumm233-0094633430600","format":"2xCD-Album-Dig","rating":"5","label":"Mute Records Ltd.-Mute Records Ltd.-Mute Records Ltd.","title":"Abattoir Blues / The Lyre Of Orpheus","collectionfolder":"Blues Rock","released":"2004"}
2016-04-11 16:46:12 INFO  CouchBasePersistenceImpl:206 - Document retrieved from view: 1b951921-6e93-441a-a3f6-ed7f9b7024db - {"release_id":"2694730","date added":"2011-05-30 13:43:04","artist":"Kraftschlag","catalog#":"Hatefront CD 001","collection style":"R.A.C","format":"CD-Album-RE","rating":"2","label":"Hatefront Records","title":"Trotz Verbot Nicht Tot","collectionfolder":"R.A.C","released":"1999"}
2016-04-11 16:46:12 INFO  CouchBasePersistenceImpl:206 - Document retrieved from view: 1c5c46ff-5278-470e-b02a-ed8ba5c08822 - {"release_id":"1676816","date added":"2011-05-21 07:36:18","artist":"No Fear (2)","catalog#":"MIDCD 009","format":"CD-Album","rating":"4","label":"Midgård Records","title":"Still Got The Power","collectionfolder":"R.A.C","released":"1999"}
2016-04-11 16:46:12 INFO  CouchBasePersistenceImpl:206 - Document retrieved from view: 1c6d5f6c-a841-457d-8562-fe8ee69cfffe - {"release_id":"1594201","date added":"2011-05-15 04:24:55","artist":"Metallica","catalog#":"838 141-2","format":"CD-Album-RE","rating":"5","label":"Vertigo-Phonogram","title":"Master Of Puppets","collectionfolder":"Trash Metal","released":"1989"}
2016-04-11 16:46:12 INFO  CouchBasePersistenceImpl:206 - Document retrieved from view: 1c8337ee-f365-4cd3-896a-4bdfd041d9ed - {"release_id":"1985121","date added":"2011-05-13 08:38:07","artist":"Guns N' Roses","catalog#":"924 198-2","collection style":"Hard Rock","format":"CD-Album","rating":"4","label":"Geffen Records-Uzi Suicide Records","title":"G N' R Lies","collectionfolder":"Hard Rock","released":"1988"}
2016-04-11 16:46:12 INFO  CouchBasePersistenceImpl:206 - Document retrieved from view: 1ce6097d-ab35-4a2c-8886-fa99ad1d9a97 - {"release_id":"368288","date added":"2011-05-15 04:24:04","artist":"Metallica","catalog#":"838 142-2","format":"CD-Album-RE","rating":"4","label":"Vertigo","title":"Kill 'Em All","collectionfolder":"Trash Metal","released":"0"}
2016-04-11 16:46:12 INFO  CouchBasePersistenceImpl:206 - Document retrieved from view: 1cf39f76-aeaf-4945-ab37-7c8eba237120 - {"release_id":"1125013","date added":"2011-05-15 04:27:39","artist":"Metallica","catalog#":"510 022-2","format":"CD-Album","rating":"4","label":"Vertigo","title":"Metallica","collectionfolder":"Trash Metal","released":"1991"}
2016-04-11 16:46:12 INFO  CouchBasePersistenceImpl:206 - Document retrieved from view: 1df048c2-c85d-4339-9555-b81bb7943d8a - {"release_id":"367926","date added":"2011-05-15 04:28:36","artist":"Metallica","catalog#":"536 409-2","format":"CD-Album","rating":"2","label":"Vertigo","title":"Reload","collectionfolder":"Trash Metal","released":"1997"}
2016-04-11 16:46:12 INFO  CouchBasePersistenceImpl:206 - Document retrieved from view: 1f261b15-7386-4ea4-a8f9-219e52c9cd11 - {"release_id":"379234","date added":"2011-05-11 11:56:05","artist":"Paradise Lost","catalog#":"cdmfn 184-CDMFN 184-rtd gas 211.11842","format":"CD-Album","rating":"5","label":"Music For Nations-Music For Nations-Music For Nations","title":"Draconian Times","collectionfolder":"Gothic","released":"1995"}
2016-04-11 16:46:12 INFO  CouchBasePersistenceImpl:206 - Document retrieved from view: 1f37bed6-4774-4325-97ff-e258d117fff5 - {"release_id":"6623658","date added":"2016-01-09 09:37:45","artist":"Nick Cave & The Bad Seeds","catalog#":"LPSEEDS7","format":"LP-Album-RE-RM","label":"Mute-BMG","title":"Henry's Dream","collectionfolder":"Blues Rock","released":"2015"}
2016-04-11 16:46:12 INFO  CouchBasePersistenceImpl:206 - Document retrieved from view: 1f7a7074-d1ff-445a-9d38-8f12a6277677 - {"release_id":"1088321","date added":"2011-05-15 04:31:33","artist":"Metallica","catalog#":"058 632 2","format":"2xDVD-Copy Prot.-PAL + Box","rating":"3","label":"Universal","title":"Cunning Stunts","collectionfolder":"Trash Metal","released":"1998"}
2016-04-11 16:46:12 INFO  CouchBasePersistenceImpl:206 - Document retrieved from view: 1fb0c80b-822a-48d5-bbff-414d98c6e9ec - {"release_id":"2606957","date added":"2011-05-30 13:31:57","artist":"Nick Cave & The Bad Seeds","catalog#":"CDSEEDS7-5099996465226","format":"CD-Album-RM + DVD-V-NTSC-Multichannel","rating":"5","label":"Mute-Mute","title":"Henry's Dream","collectionfolder":"Blues Rock","released":"2010"}
2016-04-11 16:46:12 INFO  CouchBasePersistenceImpl:206 - Document retrieved from view: 200fa3fb-5fa9-4c93-b0cf-a1c6db9a42a7 - {"release_id":"3790194","date added":"2016-02-14 11:11:04","artist":"Luca Turilli","catalog#":"LMP 9909-013 CD","format":"CD-Album-Enh-Ltd-Dig","label":"LMP-Inside Out Music","title":"King Of The Nordic Twilight","collectionfolder":"Power Metal","released":"1999"}
2016-04-11 16:46:12 INFO  CouchBasePersistenceImpl:206 - Document retrieved from view: 20154872-e92f-4675-8847-6097f02c3ede - {"test":"couchbase persistence test"}
2016-04-11 16:46:12 INFO  CouchBasePersistenceImpl:206 - Document retrieved from view: 2130dbd9-92a1-4bcc-acc0-e46a23414840 - {"release_id":"5097565","date added":"2015-10-18 02:35:57","artist":"Slayer","catalog#":"0600753461839","format":"LP-Album-RE","label":"American Recordings-Universal","title":"World Painted Blood","collectionfolder":"Trash Metal","released":"2013"}
2016-04-11 16:46:12 INFO  CouchBasePersistenceImpl:206 - Document retrieved from view: 226f16d0-c514-4cfc-a2b0-a4bf09172636 - {"release_id":"3079531","date added":"2013-01-08 23:28:43","artist":"No Remorse","catalog#":"CNR-002A","format":"CD-Comp","rating":"5","label":"Resistance Records (3)","title":"The Best Of No Remorse","collectionfolder":"R.A.C","released":"1995"}
2016-04-11 16:46:12 INFO  CouchBasePersistenceImpl:206 - Document retrieved from view: 22bd92ca-1b4b-4106-84ae-8f424bef8b1c - {"release_id":"7545164","date added":"2015-10-18 02:31:41","artist":"Monster Magnet","catalog#":"NPR 629 DP","format":"CD-Album-Ltd-Dig","label":"Napalm Records","title":"Cobras And Fire (The Mastermind Redux)","collectionfolder":"Hard Rock","released":"2015"}
2016-04-11 16:46:12 INFO  CouchBasePersistenceImpl:206 - Document retrieved from view: 234dfa7e-4c67-453f-9fd5-1b12b065c8f5 - {"release_id":"2881716","date added":"2011-05-15 09:36:47","artist":"West Wall","catalog#":"none","collection style":"Death Metal","format":"CD-Album","rating":"5","label":"Not On Label (West Wall Self-released)","title":"Conquest Or Death","collectionfolder":"Death Metal","released":"2009"}
2016-04-11 16:46:12 INFO  CouchBasePersistenceImpl:206 - Document retrieved from view: 23e5cba6-7ff8-444b-b981-575bf347a350 - {"release_id":"402034","date added":"2011-05-15 05:56:12","artist":"Satyricon","catalog#":"FOG 022","format":"CD-Album","rating":"5","label":"Moonfog Productions","title":"Rebel Extravaganza","collectionfolder":"Black Metal","released":"1999"}
2016-04-11 16:46:12 INFO  CouchBasePersistenceImpl:206 - Document retrieved from view: 24433f0c-3a4c-49c7-be7a-a7c84cccfbd6 - {"release_id":"3075365","date added":"2011-08-28 08:51:44","artist":"Ravens Wing","catalog#":"DSR0803","format":"CD-Album","rating":"5","label":"Destiny Records (10)","title":"Through The Looking Glass","collectionfolder":"R.A.C","released":"1997"}
2016-04-11 16:46:12 INFO  CouchBasePersistenceImpl:206 - Document retrieved from view: 258a919a-f782-43f7-8c6f-217d84bab4bd - {"release_id":"4140175","date added":"2013-08-20 23:54:38","artist":"Kindred Spirit (6)","catalog#":"88CD 017","collection style":"R.A.C","format":"CD-Album","rating":"2","label":"Nordland","title":"Carry The Flame","collectionfolder":"R.A.C","released":"1997"}
2016-04-11 16:46:12 INFO  CouchBasePersistenceImpl:206 - Document retrieved from view: 25a4e234-77b9-487f-87fb-197ec2852760 - {"release_id":"1141200","date added":"2013-09-03 23:32:16","artist":"Alta Tensión","catalog#":"BULL 70099 CD","collection style":"Oi!","format":"CD-Album","rating":"1","label":"Bronco Bullfrog Records","title":"La Historia Continúa","collectionfolder":"Oi!","released":"1999"}
2016-04-11 16:46:12 INFO  CouchBasePersistenceImpl:206 - Document retrieved from view: 264e6b29-a871-449d-a51b-6e7f6af3e896 - {"release_id":"367301","date added":"2011-05-11 14:09:35","artist":"Pantera","catalog#":"7 91372-2","format":"CD-Album","rating":"5","label":"ATCO Records","title":"Cowboys From Hell","collectionfolder":"Sludge Metal","released":"1990"}
2016-04-11 16:46:12 INFO  CouchBasePersistenceImpl:206 - Document retrieved from view: 267a4e5d-b3eb-4c56-9864-b61733d2a362 - {"release_id":"48944","date added":"2011-05-23 13:01:36","artist":"Death In June","catalog#":"BAD VC CD44","format":"CD-Album","rating":"5","label":"New European Recordings","title":"Operation Hummingbird","collectionfolder":"Ambiental","released":"1999"}
2016-04-11 16:46:12 INFO  CouchBasePersistenceImpl:206 - Document retrieved from view: 26d81fec-d5bb-413f-800c-eb7afae575eb - {"release_id":"1194852","date added":"2011-05-11 11:53:14","artist":"Type O Negative","catalog#":"RRD 8660","format":"CD-Album-Club","rating":"4","label":"Roadrunner Records","title":"World Coming Down","collectionfolder":"Gothic","released":"1999"}
2016-04-11 16:46:12 INFO  CouchBasePersistenceImpl:206 - Document retrieved from view: 27618e3e-cfcd-4349-a53e-3bdfc23acd0a - {"release_id":"676701","date added":"2011-05-11 14:39:34","artist":"Berserkr","catalog#":"CBR-001A","collection style":"R.A.C","format":"CD-Album","rating":"2","label":"Resistance Records (3)","title":"The Voice Of Our Ancestors","collectionfolder":"R.A.C","released":"1994"}
2016-04-11 16:46:12 INFO  CouchBasePersistenceImpl:206 - Document retrieved from view: 27948266-415f-4234-a243-c2524c9748a0 - {"release_id":"1295270","date added":"2011-05-11 12:03:20","artist":"Paradise Lost","catalog#":"77663-3","format":"CD-Single-Enh","rating":"3","label":"Century Media","title":"The Enemy","collectionfolder":"Gothic","released":"2007"}
2016-04-11 16:46:12 INFO  CouchBasePersistenceImpl:206 - Document retrieved from view: 2808ee64-62b3-4f1f-b6ca-ab88c97837ad - {"release_id":"1637407","date added":"2011-05-15 06:33:28","artist":"Plunder & Pillage","catalog#":"none","format":"CD-Album","rating":"4","label":"Panzerfaust Records","title":"Desolate","collectionfolder":"Hardcore","released":"2000"}
2016-04-11 16:46:12 INFO  CouchBasePersistenceImpl:206 - Document retrieved from view: 28cb0aae-bb39-4d6a-af0e-cbfb0b844afb - {"release_id":"6182395","date added":"2016-02-10 12:45:30","artist":"Chant (6)","catalog#":"SOL 032","format":"CD-Album-wit","label":"Solistitium Records","title":"Cynthia's Fire","collectionfolder":"Gothic","released":"0"}
2016-04-11 16:46:12 INFO  CouchBasePersistenceImpl:206 - Document retrieved from view: 28f2beac-8770-47bb-bbf7-e21f249d3486 - {"release_id":"3262566","date added":"2012-02-29 22:59:24","artist":"Paradise Lost","catalog#":"9981159","format":"2xDVD-V-NTSC-Dlx-Ltd + CD-Album","rating":"4","label":"Century Media","title":"Draconian Times MMXI","collectionfolder":"Gothic","released":"2011"}
2016-04-11 16:46:12 INFO  CouchBasePersistenceImpl:206 - Document retrieved from view: 2988a30e-9cb1-4f00-b971-b551624381db - {"release_id":"852625","date added":"2015-04-22 22:10:00","artist":"Van Halen","catalog#":"9362 47737-2","format":"HDCD-Album-RM","label":"Warner Bros. Records","title":"Van Halen","collectionfolder":"Hard Rock","released":"2000"}
2016-04-11 16:46:12 INFO  CouchBasePersistenceImpl:206 - Document retrieved from view: 29b1770c-0393-435a-b776-d42316bc78b3 - {"release_id":"387455","date added":"2015-04-13 12:04:34","artist":"Blind Guardian","catalog#":"0777 7 87886 2 1","format":"CD-Album-RE","label":"Virgin","title":"Battalions Of Fear","collectionfolder":"Heavy Metal","released":"1991"}
2016-04-11 16:46:12 INFO  CouchBasePersistenceImpl:206 - Document retrieved from view: 2a0b09eb-97d8-4274-9e4f-dd4fc0d5d3d3 - {"release_id":"712045","date added":"2011-05-14 06:25:20","artist":"The Hellacopters","catalog#":"JAZZ 004CD","format":"CD-Album","rating":"5","label":"White Jazz Records","title":"Payin' The Dues","collectionfolder":"R´N´R","released":"1997"}
2016-04-11 16:46:12 INFO  CouchBasePersistenceImpl:206 - Document retrieved from view: 2a17837b-c506-4770-a4cd-5ed931ff67d2 - {"release_id":"1715023","date added":"2015-01-25 10:41:01","artist":"Estirpe Imperial","catalog#":"RT-7001","format":"12-Maxi","label":"Rata - Ta Ta Tá...","title":"Estirpe Imperial","collectionfolder":"R.A.C","released":"1993"}
2016-04-11 16:46:12 INFO  CouchBasePersistenceImpl:206 - Document retrieved from view: 2a350f34-67f6-4e2e-840e-1519dfc14342 - {"release_id":"1218128","date added":"2011-05-11 12:06:35","artist":"Triskelon","catalog#":"MIDCD 004","collection style":"R.A.C","format":"CD-Album","rating":"5","label":"Midgård Records","title":"Vrede","collectionfolder":"R.A.C","released":"1998"}
2016-04-11 16:46:12 INFO  CouchBasePersistenceImpl:206 - Document retrieved from view: 2a9f1017-93d9-41a6-a2ae-2daebe8ad3c1 - {"release_id":"3566048","date added":"2013-08-20 23:55:54","artist":"Ken McLellan","catalog#":"MIDCD 026-MIDCD026","collection style":"R.A.C","format":"CD-Album","rating":"1","label":"Midgård Records-Midgård Records","title":"If I Ever Forget","collectionfolder":"R.A.C","released":"2002"}
2016-04-11 16:46:12 INFO  CouchBasePersistenceImpl:206 - Document retrieved from view: 2af67d30-e68a-4787-8ac1-2ee52a857d0d - {"release_id":"678901","date added":"2011-05-11 11:48:25","artist":"Fortress (6)","catalog#":"VICCD 1005","collection style":"R.A.C","format":"CD-Album","rating":"4","label":"Victory Records (5)","title":"Seize The Day","collectionfolder":"R.A.C","released":"1993"}
2016-04-11 16:46:12 INFO  CouchBasePersistenceImpl:206 - Document retrieved from view: 2b88d263-8f20-42b6-af48-adf2e994a50d - {"release_id":"438729","date added":"2011-05-28 06:18:58","artist":"Skinny Puppy","catalog#":"0 6700 30201 2 1","collection style":"Industrial","format":"CD-Album-RP","rating":"3","label":"Nettwerk America","title":"Bites","collectionfolder":"Industrial","released":"2001"}
2016-04-11 16:46:12 INFO  CouchBasePersistenceImpl:206 - Document retrieved from view: 2bc0631f-c582-4b4f-9583-aa5a9b4634e7 - {"test":"couchbase persistence test"}
2016-04-11 16:46:12 INFO  CouchBasePersistenceImpl:206 - Document retrieved from view: 2c27557d-074b-44d5-a45c-462687d86eab - {"release_id":"4742802","date added":"2015-08-08 12:39:06","artist":"The Cramps","catalog#":"WIKAD 46","format":"LP-Album-RE-Sev","label":"Big Beat Records","title":"A Date With Elvis","collectionfolder":"R´N´R","released":"2013"}
2016-04-11 16:46:12 INFO  CouchBasePersistenceImpl:206 - Document retrieved from view: 2ca08b72-1f61-470c-bd64-cb748a56895a - {"release_id":"2214042","date added":"2015-04-14 22:56:33","artist":"Katar (2)","catalog#":"MHP 069-0069","format":"CD-Album","label":"More Hate Productions","title":"Paradigma Digitized","collectionfolder":"Black Metal","released":"2002"}
2016-04-11 16:46:12 INFO  CouchBasePersistenceImpl:206 - Document retrieved from view: 2ca24132-bc2f-44d4-9fdf-7980612645e2 - {"release_id":"1637690","date added":"2013-08-20 23:56:04","artist":"Ken McLellan","catalog#":"DIKOCD021","collection style":"R.A.C","format":"CD-Album","rating":"1","label":"Dieter Koch","title":"Don't Think Twice","collectionfolder":"R.A.C","released":"1999"}
2016-04-11 16:46:12 INFO  CouchBasePersistenceImpl:206 - Document retrieved from view: 2d160331-82e7-4f78-b949-8efb4065992c - {"release_id":"678895","date added":"2011-05-11 11:53:58","artist":"Fortress (6)","catalog#":"RCD 176","collection style":"R.A.C","format":"CD-MiniAlbum","rating":"3","label":"Rock-O-Rama Records","title":"Fortress","collectionfolder":"R.A.C","released":"1992"}
2016-04-11 16:46:12 INFO  CouchBasePersistenceImpl:206 - Document retrieved from view: 2d3fb29c-a5ee-49e3-b8d7-6ea0a616dc93 - {"release_id":"421601","date added":"2011-05-15 04:29:04","artist":"Metallica","catalog#":"62299-2","format":"2xCD-Album-Comp","rating":"3","label":"Elektra","title":"Garage Inc.","collectionfolder":"Trash Metal","released":"1998"}
2016-04-11 16:46:12 INFO  CouchBasePersistenceImpl:206 - Document retrieved from view: 2df57a87-3034-4f91-a818-7ae09bea4741 - {"release_id":"370203","date added":"2016-02-10 23:13:17","artist":"Selbstmord","catalog#":"OLP-CD 02","format":"CD-Album","label":"Old Legend Productions","title":"Some Day The Whole World...","collectionfolder":"Black Metal","released":"2001"}
2016-04-11 16:46:12 INFO  CouchBasePersistenceImpl:206 - Document retrieved from view: 2e1ad940-a840-440f-a9e6-d2caa10d7fcd - {"release_id":"785934","date added":"2015-06-16 10:14:27","artist":"Paradise Lost","catalog#":"MFN 152","format":"2xLP-Album","label":"Music For Nations","title":"Icon","collectionfolder":"Doom Metal","released":"1993"}
2016-04-11 16:46:12 INFO  CouchBasePersistenceImpl:206 - Document retrieved from view: 2e317502-40c9-4304-ba09-ff001a47ba9b - {"release_id":"4290018","date added":"2013-08-20 01:48:34","artist":"Skrewdriver","catalog#":"MIDCD 016","collection style":"R.A.C","format":"CD-Album-Unofficial-Dig","rating":"5","label":"Midgård Records","title":"Rockumentary 1977-1993","collectionfolder":"R.A.C","released":"2000"}
2016-04-11 16:46:12 INFO  CouchBasePersistenceImpl:206 - Document retrieved from view: 2e4f068f-518b-4037-ad5b-962296dfe87c - {"release_id":"1030391","date added":"2011-05-15 04:32:05","artist":"Metallica","catalog#":"0602517144484","format":"DVD-V-PAL-Comp","rating":"5","label":"Vertigo","title":"The Videos 1989 - 2004","collectionfolder":"Trash Metal","released":"2006"}
2016-04-11 16:46:12 INFO  CouchBasePersistenceImpl:206 - Document retrieved from view: 2e9dafb0-2ff4-447b-ae65-6b9111451477 - {"release_id":"1636959","date added":"2011-05-11 14:37:21","artist":"The Klansmen","catalog#":"RCD 157","collection style":"R.A.C","format":"CD-Album-RE","rating":"3","label":"Rock-O-Rama Records","title":"Rock 'N' Roll Patriots","collectionfolder":"R.A.C","released":"1991"}
2016-04-11 16:46:12 INFO  CouchBasePersistenceImpl:206 - Document retrieved from view: 2f79dab7-acb5-4000-ac26-ec6df601e269 - {"release_id":"6630358","date added":"2016-02-07 00:05:55","artist":"Lucifer (37)","catalog#":"RISE7/190","format":"7-Red","label":"Rise Above Records","title":"Anubis / Morning Star","collectionfolder":"Doom Metal","released":"2015"}
2016-04-11 16:46:12 INFO  CouchBasePersistenceImpl:206 - Document retrieved from view: 2f7ed392-1085-4c1e-ab9e-cebd73372ad7 - {"release_id":"1629690","date added":"2011-05-11 11:46:39","artist":"RAHOWA","catalog#":"CRA-001A","collection style":"R.A.C","format":"CD-Album","rating":"1","label":"Resistance Records (3)","title":"Declaration Of War","collectionfolder":"R.A.C","released":"1993"}
2016-04-11 16:46:12 INFO  CouchBasePersistenceImpl:206 - Document retrieved from view: 30b1abcd-7de7-45c1-b06c-29776235d494 - {"release_id":"1152157","date added":"2011-05-17 14:29:56","artist":"Nine Inch Nails","catalog#":"493 185-2","collection style":"Industrial","format":"CD-Album-Dig","rating":"5","label":"Nothing Records-Interscope Records","title":"And All That Could Have Been. Live","collectionfolder":"Industrial","released":"2002"}
2016-04-11 16:46:12 INFO  CouchBasePersistenceImpl:206 - Document retrieved from view: 30bd326a-e7b9-489e-9245-4cd33e4d5fe9 - {"release_id":"1697204","date added":"2011-08-21 06:53:59","artist":"Shellyz Raven","catalog#":"war003cd","collection style":"Gothic","format":"CD-Album","rating":"4","label":"War Is Imminent Productions","title":"Desolation","collectionfolder":"Gothic","released":"2000"}
2016-04-11 16:46:12 INFO  CouchBasePersistenceImpl:206 - Document retrieved from view: 32b194e8-3149-4fff-8019-06109a59b082 - {"release_id":"2881130","date added":"2011-05-15 05:16:09","artist":"Metallica","catalog#":"none","format":"DVD-PAL-Reg","rating":"5","label":"Vertigo","title":"Francais Pour Une Nuit - Live Aux Arènes De Nîmes","collectionfolder":"Trash Metal","released":"2009"}
2016-04-11 16:46:12 INFO  CouchBasePersistenceImpl:206 - Document retrieved from view: 32e31026-6e2c-4e25-b56f-f9d383d1efe4 - {"release_id":"1851262","date added":"2011-05-30 13:35:22","artist":"Nick Cave & The Bad Seeds","catalog#":"74321 35644 2","format":"CD-Album-RE","rating":"5","label":"Mute","title":"Murder Ballads","collectionfolder":"Blues Rock","released":"1996"}
2016-04-11 16:46:12 INFO  CouchBasePersistenceImpl:206 - Document retrieved from view: 34186b70-35bf-4f8c-8a07-d51dc70be39e - {"release_id":"1076310","date added":"2011-05-17 14:25:41","artist":"Nine Inch Nails","catalog#":"IMCD 8041-524 125-2","collection style":"Industrial","format":"CD-EP-Dig","rating":"2","label":"Island Records-Island Records","title":"Further Down The Spiral","collectionfolder":"Industrial","released":"1995"}
2016-04-11 16:46:12 INFO  CouchBasePersistenceImpl:206 - Document retrieved from view: 345647dd-da65-47e5-8dc6-4bd85ac73b5a - {"release_id":"2229315","date added":"2011-05-30 13:24:08","artist":"The Prodigy","catalog#":"MVM 007 CD","format":"CD-Album-RE","rating":"5","label":"MVM Records-XL Recordings","title":"Music For The Jilted Generation","collectionfolder":"Rave","released":"1997"}
2016-04-11 16:46:12 INFO  CouchBasePersistenceImpl:206 - Document retrieved from view: 3460d3e3-5749-4f9f-a200-887ddb774453 - {"release_id":"1050160","date added":"2011-05-15 05:45:25","artist":"Slayer","catalog#":"0731458679622","format":"CD-Album-RE-RM","rating":"5","label":"American Recordings","title":"Reign In Blood","collectionfolder":"Trash Metal","released":"0"}
2016-04-11 16:46:12 INFO  CouchBasePersistenceImpl:206 - Document retrieved from view: 349968bf-964a-45e9-806c-26c27285783f - {"release_id":"3893249","date added":"2015-04-15 22:06:39","artist":"Dirlewanger (2)","catalog#":"PR01","format":"CD-Album-RE","label":"Pitbull Records (2)","title":"Unity Of Honour","collectionfolder":"R.A.C","released":"1995"}
2016-04-11 16:46:12 INFO  CouchBasePersistenceImpl:206 - Document retrieved from view: 34db82a9-afce-4a47-b4dd-5b5400be895b - {"release_id":"1429298","date added":"2015-06-18 23:20:36","artist":"Notre Dame (2)","catalog#":"OPCD 121","format":"CD-EP-RE","label":"Osmose Productions","title":"Coming Soon To A Theatre Near You-The 2nd","collectionfolder":"Gothic","released":"2002"}
2016-04-11 16:46:12 INFO  CouchBasePersistenceImpl:206 - Document retrieved from view: 34dd8554-2cb8-422e-baec-df8ecaa150cd - {"release_id":"469881","date added":"2011-05-11 11:59:47","artist":"Paradise Lost","catalog#":"CDKUT 157","format":"CD-Single","rating":"5","label":"Music For Nations","title":"Seals The Sense","collectionfolder":"Gothic","released":"1994"}
2016-04-11 16:46:12 INFO  CouchBasePersistenceImpl:206 - Document retrieved from view: 3522e3a8-1adb-4eae-b9ce-15ee9f574f33 - {"release_id":"3209278","date added":"2013-08-20 23:39:24","artist":"7 Muelles","catalog#":"GS-0001-CD","collection style":"R.A.C","format":"CD-Album","rating":"3","label":"El Güevo De La Selpiente Records","title":"¡No Te Cortes!","collectionfolder":"R.A.C","released":"2000"}
2016-04-11 16:46:12 INFO  CouchBasePersistenceImpl:206 - Document retrieved from view: 3572014f-b3d6-4118-9d18-c5396ec7e08c - {"release_id":"2526962","date added":"2016-02-12 02:09:32","artist":"White Noise (7)","catalog#":"none","format":"CD-Comp","label":"Panzerfaust Records","title":"The Final Solution!","collectionfolder":"R.A.C","released":"1999"}
2016-04-11 16:46:12 INFO  CouchBasePersistenceImpl:206 - Document retrieved from view: 3596e4f1-695a-425f-bc16-0481113136d2 - {"release_id":"378013","date added":"2011-05-30 13:40:00","artist":"Anathema","catalog#":"CDVILE 52","collection style":"Gothic","format":"CD-Album","rating":"5","label":"Peaceville","title":"The Silent Enigma","collectionfolder":"Gothic","released":"1995"}
2016-04-11 16:46:12 INFO  CouchBasePersistenceImpl:206 - Document retrieved from view: 365a7dc0-9dad-42fa-bb39-2aef99687809 - {"release_id":"1295253","date added":"2011-05-11 12:03:39","artist":"Paradise Lost","catalog#":"GUN 209-82876 67187 2","format":"CD-Single","rating":"4","label":"GUN Records (2)-BMG","title":"Forever After","collectionfolder":"Gothic","released":"2005"}
2016-04-11 16:46:12 INFO  CouchBasePersistenceImpl:206 - Document retrieved from view: 366a87ce-2a50-42eb-be80-0576e4f9da73 - {"release_id":"1135797","date added":"2011-05-28 06:27:49","artist":"Various","catalog#":"BS 003","collection style":"Death Metal","format":"CD-Comp","rating":"5","label":"Black Sun Records","title":"Slatanic Slaughter A Tribute To Slayer","collectionfolder":"Death Metal","released":"1995"}
2016-04-11 16:46:12 INFO  CouchBasePersistenceImpl:206 - Document retrieved from view: 36816721-8952-4bf4-a2b4-349ef9aa6fbc - {"release_id":"673214","date added":"2011-05-11 12:04:34","artist":"Paradise Lost","catalog#":"DVDMFN19","format":"DVD","rating":"5","label":"Music For Nations","title":"Evolve","collectionfolder":"Gothic","released":"2002"}
2016-04-11 16:46:12 INFO  CouchBasePersistenceImpl:206 - Document retrieved from view: 378d6397-cd92-4414-b1e0-600ad0d1cb7d - {"release_id":"618441","date added":"2011-05-11 11:56:13","artist":"Paradise Lost","catalog#":"CDMFNB 184","format":"2xCD-Album-Comp + Box-Ltd","rating":"5","label":"Music For Nations","title":"Draconian Times","collectionfolder":"Gothic","released":"1995"}
2016-04-11 16:46:12 INFO  CouchBasePersistenceImpl:206 - Document retrieved from view: 38224148-aa92-45b5-b701-83312174a6d1 - {"release_id":"1046034","date added":"2011-05-11 11:58:30","artist":"Paradise Lost","catalog#":"77712-1","format":"LP-Album","rating":"3","label":"Century Media","title":"In Requiem","collectionfolder":"Gothic","released":"2007"}
2016-04-11 16:46:12 INFO  CouchBasePersistenceImpl:206 - Document retrieved from view: 38325fca-56ee-414b-b870-5f69ec86cdaf - {"release_id":"367908","date added":"2011-05-11 11:53:25","artist":"Type O Negative","catalog#":"168 618 438-2","format":"CD-Album","rating":"2","label":"Roadrunner Records","title":"Life Is Killing Me","collectionfolder":"Gothic","released":"2003"}
2016-04-11 16:46:12 INFO  CouchBasePersistenceImpl:206 - Document retrieved from view: 38d47506-e9a7-4e30-b3ed-fa5e5d3feb26 - {"release_id":"508392","date added":"2011-05-11 11:57:38","artist":"Paradise Lost","catalog#":"74321 96178 2","format":"CD-Album-Copy Prot.","rating":"3","label":"Supersonic Records (2)","title":"Symbol Of Life","collectionfolder":"Gothic","released":"2002"}
2016-04-11 16:46:12 INFO  CouchBasePersistenceImpl:206 - Document retrieved from view: 38d8ba14-6ba8-4039-83a1-2ab1fcdbea65 - {"release_id":"723635","date added":"2016-02-14 00:43:50","artist":"Nokturnal Mortum","catalog#":"LEP 066","format":"CD-Album","label":"Last Episode","title":"Нехристь","collectionfolder":"Black Metal","released":"2000"}
2016-04-11 16:46:12 INFO  CouchBasePersistenceImpl:206 - Document retrieved from view: 390d1957-c0eb-4b70-a6ec-f75ca885249c - {"release_id":"3179766","date added":"2013-08-20 02:11:34","artist":"Max Resist","catalog#":"88CD 018","collection style":"R.A.C","format":"CD-Album","rating":"2","label":"Nordland","title":"Second Skin","collectionfolder":"R.A.C","released":"1997"}
2016-04-11 16:46:12 INFO  CouchBasePersistenceImpl:206 - Document retrieved from view: 39966dc4-1856-4c1e-bd5e-dce6fa2bc5cf - {"release_id":"1347049","date added":"2011-05-12 10:35:08","artist":"Samhain","catalog#":"EMA 6 1058-2","format":"CD-EP","rating":"5","label":"E-Magine Entertainment","title":"Unholy Passion","collectionfolder":"Punk","released":"2001"}
2016-04-11 16:46:12 INFO  CouchBasePersistenceImpl:206 - Document retrieved from view: 3a2d3907-b435-4b09-aae5-36b859e72171 - {"release_id":"3676512","date added":"2013-08-20 00:57:22","artist":"Before God","catalog#":"TW013","collection style":"R.A.C","format":"CD-Album-RE-RM","rating":"5","label":"Terrorwolfe Productions","title":"Wolves Amongst The Sheep","collectionfolder":"R.A.C","released":"2012"}
2016-04-11 16:46:12 INFO  CouchBasePersistenceImpl:206 - Document retrieved from view: 3a6f0719-ccc2-412f-9668-6906512605ba - {"release_id":"4388832","date added":"2013-08-14 06:05:29","artist":"Skrewdriver","catalog#":"MICD - 8","collection style":"R.A.C","format":"CD-Comp","rating":"4","label":"Mid Records","title":"History - Vol. 7","collectionfolder":"R.A.C","released":"1998"}
2016-04-11 16:46:12 INFO  CouchBasePersistenceImpl:206 - Document retrieved from view: 3b37fdfd-c6a6-4f19-a0e4-5c56ea27868a - {"release_id":"3242556","date added":"2016-02-14 11:28:07","artist":"Primitive Supremacy","catalog#":"ER10","format":"CD-Album","label":"Elegy Records","title":"Melody And Madness","collectionfolder":"Ambiental","released":"2002"}
2016-04-11 16:46:12 INFO  CouchBasePersistenceImpl:206 - Document retrieved from view: 3b501a06-1055-46a3-b241-8f98e9f87d16 - {"release_id":"5493236","date added":"2014-03-20 00:38:28","artist":"Triptykon","catalog#":"CMD9984261","collection style":"Black-Trash Metal","format":"7-Ltd-Red","label":"Century Media-Prowling Death Records","title":"Breathing","collectionfolder":"Doom Metal","released":"2014"}
2016-04-11 16:46:12 INFO  CouchBasePersistenceImpl:206 - Document retrieved from view: 3ba397e6-cc4a-4b27-8bee-449d94443ac8 - {"release_id":"2750793","date added":"2013-08-20 23:40:35","artist":"Batallón De Castigo","catalog#":"RT-7011","collection style":"R.A.C","format":"CD-Album","rating":"4","label":"Rata - Ta Ta Tá...","title":"¡Desperta Ferro!","collectionfolder":"R.A.C","released":"1999"}
2016-04-11 16:46:12 INFO  CouchBasePersistenceImpl:206 - Document retrieved from view: 3bbbb230-37ed-4317-aa27-390add9a26a9 - {"release_id":"3037538","date added":"2011-08-08 06:57:58","artist":"Might Of Rage","catalog#":"ezk01103","collection style":"R.A.C","format":"CD-Album","rating":"4","label":"Endzeit Klänge","title":"Out Of Hand","collectionfolder":"R.A.C","released":"2003"}
2016-04-11 16:46:12 INFO  CouchBasePersistenceImpl:206 - Document retrieved from view: 3c12798b-3fca-4223-a7a3-a1952e5efccc - {"release_id":"1295216","date added":"2011-05-11 12:03:13","artist":"Paradise Lost","catalog#":"SUPERSONIC 114-74321 97791 2","format":"CD-Maxi","rating":"3","label":"Supersonic Records (2)-BMG","title":"Erased","collectionfolder":"Gothic","released":"2002"}
2016-04-11 16:46:12 INFO  CouchBasePersistenceImpl:206 - Document retrieved from view: 3c92c862-9c1b-49ad-b252-059822fc6a9e - {"release_id":"390556","date added":"2011-05-22 13:15:34","artist":"ZZ Top","catalog#":"7599-23774-2","collection style":"Southern Rock","format":"CD-Album-RE","rating":"4","label":"Warner Bros. Records","title":"Eliminator","collectionfolder":"Southern Rock","released":"0"}
2016-04-11 16:46:12 INFO  CouchBasePersistenceImpl:206 - Document retrieved from view: 3cde238b-8cf1-4ac3-bfce-aad31f1e3c73 - {"test":"couchbase persistence test","update":"OK"}
2016-04-11 16:46:12 INFO  CouchBasePersistenceImpl:206 - Document retrieved from view: 3df54624-0e09-4d21-a2fb-b19cfef56598 - {"release_id":"556630","date added":"2011-08-21 06:56:05","artist":"Black Sabbath","catalog#":"07243 5 21299 2 8-07243 521299 2 8","format":"CD-Album-RE","rating":"3","label":"EMI-EMI","title":"Headless Cross","collectionfolder":"Heavy Metal","released":"1999"}
2016-04-11 16:46:12 INFO  CouchBasePersistenceImpl:206 - Document retrieved from view: 3e59c454-3c32-4660-a83b-8f4ed41ea312 - {"release_id":"7064847","date added":"2015-06-03 12:05:48","artist":"Paradise Lost","catalog#":"9985550","format":"CD-Album-Ltd-Med","label":"Century Media","title":"The Plague Within","collectionfolder":"Doom Metal","released":"2015"}
2016-04-11 16:46:12 INFO  CouchBasePersistenceImpl:206 - Document retrieved from view: 3e6675ff-a6c6-4e34-a123-42a1a1ca5dc1 - {"release_id":"1644296","date added":"2011-05-17 14:28:38","artist":"Nine Inch Nails","catalog#":"CIDX 596-854 061-2","collection style":"Industrial","format":"CD-EP-Whi","rating":"5","label":"Island Records-TVT Records","title":"Closer To God","collectionfolder":"Industrial","released":"1994"}
2016-04-11 16:46:12 INFO  CouchBasePersistenceImpl:206 - Document retrieved from view: 3ece8196-72fb-49d3-ba7d-423ef5054fa3 - {"release_id":"636471","date added":"2011-08-21 06:49:53","artist":"The Cramps","catalog#":"7243 4 93836 2 3-493 8362","collection style":"R´N´R","format":"CD-Album-RE","rating":"5","label":"Zonophone-Zonophone","title":"Songs The Lord Taught Us","collectionfolder":"R´N´R","released":"1998"}
2016-04-11 16:46:12 INFO  CouchBasePersistenceImpl:206 - Document retrieved from view: 3ed00a85-e3ff-4679-86b8-176f85987eb8 - {"release_id":"1978506","date added":"2011-05-17 14:24:00","artist":"Nine Inch Nails","catalog#":"HALO TWENTY SIX CD","collection style":"Industrial","format":"2xCD-Album","rating":"5","label":"The Null Corporation","title":"Ghosts I-IV","collectionfolder":"Industrial","released":"2008"}
2016-04-11 16:46:12 INFO  CouchBasePersistenceImpl:206 - Document retrieved from view: 3ed2ab25-51ce-40b1-99e9-6dbe94c7cf8f - {"release_id":"2536387","date added":"2011-05-15 04:24:49","artist":"Metallica","catalog#":"MFN 60","format":"LP-Album","rating":"5","label":"Music For Nations","title":"Master Of Puppets","collectionfolder":"Trash Metal","released":"1986"}
2016-04-11 16:46:12 INFO  CouchBasePersistenceImpl:206 - Document retrieved from view: 3ef92803-b704-474d-a0e7-8c3f3630bb67 - {"release_id":"1081746","date added":"2011-05-12 10:30:50","artist":"Celtic Frost","catalog#":"77500-2","format":"CD-Album","rating":"5","label":"Century Media","title":"Monotheist","collectionfolder":"Black-Trash Metal","released":"2006"}
2016-04-11 16:46:12 INFO  CouchBasePersistenceImpl:206 - Document retrieved from view: 3f22c424-7f8d-4705-b1f3-0cbd44c0dfd2 - {"release_id":"97215","date added":"2011-05-26 11:54:43","artist":"Rammstein","catalog#":"529160-2-529 160-2","collection style":"Industrial","format":"CD-Album","rating":"5","label":"Motor Music-Motor Music","title":"Herzeleid","collectionfolder":"Industrial","released":"1995"}
2016-04-11 16:46:12 INFO  CouchBasePersistenceImpl:206 - Document retrieved from view: 3face1d8-0ee2-40ef-ada6-654903d4b4d4 - {"release_id":"3367952","date added":"2013-08-18 05:25:56","artist":"Various","catalog#":"FND-20DA","collection style":"R.A.C","format":"2xCD-Comp","rating":"4","label":"Resistance Records (3)","title":"A Tribute To Ian Stuart And The Glory Of Skrewdriver: The Flame That Never Dies","collectionfolder":"R.A.C","released":"1996"}
2016-04-11 16:46:12 INFO  CouchBasePersistenceImpl:206 - Document retrieved from view: 4057c994-8432-4b06-aaf5-3ada1d496c58 - {"release_id":"6656220","date added":"2015-08-12 08:41:47","artist":"Nick Cave & The Bad Seeds","catalog#":"LPSEEDS8","format":"LP-Album-RE-RM-180","label":"Mute-BMG","title":"Let Love In","collectionfolder":"Blues Rock","released":"2015"}
2016-04-11 16:46:12 INFO  CouchBasePersistenceImpl:206 - Document retrieved from view: 40cd974a-9db2-411e-b24a-69a38958a498 - {"release_id":"587254","date added":"2016-02-14 01:02:35","artist":"Uruk-Hai (2)","catalog#":"none","format":"CD-MiniAlbum-Ltd","label":"Battlefield Records","title":"In The Side Of Eternal Eclipse","collectionfolder":"Black Metal","released":"2001"}
2016-04-11 16:46:12 INFO  CouchBasePersistenceImpl:206 - Document retrieved from view: 40e5a682-836a-4078-a08f-8b93f4de3f8b - {"release_id":"1615499","date added":"2011-06-07 10:49:20","artist":"Grenadier (3)","catalog#":"HR-CD 888","collection style":"R.A.C","format":"CD-EP","rating":"5","label":"Hanse Records","title":"Commando","collectionfolder":"R.A.C","released":"1997"}
2016-04-11 16:46:12 INFO  CouchBasePersistenceImpl:206 - Document retrieved from view: 410f966c-56ed-4bdc-8bf7-6b640b6ad22d - {"release_id":"240100","date added":"2011-05-30 13:38:53","artist":"The Sisters Of Mercy","catalog#":"4509-93579-2","format":"CD-Comp","rating":"5","label":"eastwest-Merciful Release","title":"Greatest Hits Volume One - A Slight Case Of Overbombing","collectionfolder":"Gothic","released":"1993"}
2016-04-11 16:46:12 INFO  CouchBasePersistenceImpl:206 - Document retrieved from view: 413aaf2d-5780-442e-93c7-32b690539b48 - {"release_id":"7998973","date added":"2016-03-12 23:57:11","artist":"Slayer","catalog#":"3984-14034-1","format":"12-EP-RE-RM-180","label":"Metal Blade Records","title":"Haunting The Chapel","collectionfolder":"Uncategorized","released":"2016"}
2016-04-11 16:46:12 INFO  CouchBasePersistenceImpl:206 - Document retrieved from view: 41dc6f22-7d77-4d44-b7fe-c5859694c665 - {"release_id":"6029095","date added":"2015-10-18 02:32:47","artist":"Mastodon","catalog#":"RR 7215","format":"CD-Album-Dlx-RE-RM","label":"Relapse Records","title":"Remission","collectionfolder":"Sludge Metal","released":"2014"}
2016-04-11 16:46:12 INFO  CouchBasePersistenceImpl:206 - Document retrieved from view: 41ef28cc-35bc-4a78-b745-837045832923 - {"release_id":"1346389","date added":"2013-08-14 05:58:40","artist":"Freikorps","catalog#":"BHCD-41","collection style":"R.A.C","format":"CD-Album","rating":"4","label":"BHCD","title":"Volk Und Vaterland","collectionfolder":"R.A.C","released":"1998"}
2016-04-11 16:46:12 INFO  CouchBasePersistenceImpl:206 - Document retrieved from view: 430e57f0-06cf-4609-8bc5-e7f986ae960d - {"release_id":"719364","date added":"2015-06-18 23:22:58","artist":"The 69 Eyes","catalog#":"RR 8514-2","format":"CD-Album","label":"Roadrunner Records","title":"Blessed Be","collectionfolder":"Gothic","released":"2000"}
2016-04-11 16:46:12 INFO  CouchBasePersistenceImpl:206 - Document retrieved from view: 43438337-683d-4790-8661-82637b8bf8f3 - {"release_id":"1096525","date added":"2011-05-11 14:07:59","artist":"Paradise Lost","catalog#":"74321 96179 2-none","format":"CD-Album-Ltd-Copy Prot.-Dig","rating":"4","label":"BMG Berlin Musik Gmbh-Supersonic Records (2)","title":"Symbol Of Life","collectionfolder":"Gothic","released":"2002"}
2016-04-11 16:46:12 INFO  CouchBasePersistenceImpl:206 - Document retrieved from view: 437d3a05-ac87-4369-89c6-0467ea56753a - {"release_id":"1888739","date added":"2011-05-17 14:28:59","artist":"Nine Inch Nails","catalog#":"CID 592-854 001-2","collection style":"Industrial","format":"CD-Single-1/2","rating":"5","label":"Island Records-PolyGram","title":"March Of The Pigs","collectionfolder":"Industrial","released":"1994"}
2016-04-11 16:46:12 INFO  CouchBasePersistenceImpl:206 - Document retrieved from view: 43a664d4-8118-477e-a3c0-93e1023a2e6d - {"release_id":"1637678","date added":"2013-08-14 06:29:33","artist":"Ken McLellan & Stigger","catalog#":"PÜCD 004","collection style":"R.A.C","format":"CD-Album-RE","rating":"4","label":"Pühses Liste","title":"They Died With Pride","collectionfolder":"R.A.C","released":"1999"}
2016-04-11 16:46:12 INFO  CouchBasePersistenceImpl:206 - Document retrieved from view: 44eabd81-0a4a-487f-b32f-b31affd91949 - {"release_id":"649169","date added":"2013-08-21 00:15:35","artist":"Lost In Tears","catalog#":"LM092","collection style":"Gothic","format":"CD-Album-Sli","rating":"4","label":"Locomotive Music","title":"Dialogue With Mirror And God","collectionfolder":"Gothic","released":"2002"}
2016-04-11 16:46:12 INFO  CouchBasePersistenceImpl:206 - Document retrieved from view: 4605c767-7cba-4730-a67d-7235e3ac9e7e - {"release_id":"3841419","date added":"2013-09-03 23:34:45","artist":"Ultima Thule (2)","catalog#":"PI 037","collection style":"R.A.C","format":"DVD","rating":"3","label":"Pure Impact","title":"Ultima Thule","collectionfolder":"R.A.C","released":"2006"}
2016-04-11 16:46:12 INFO  CouchBasePersistenceImpl:206 - Document retrieved from view: 47862a8b-9098-41a0-a988-c0f44b2bbc06 - {"release_id":"660872","date added":"2011-05-11 11:54:52","artist":"Paradise Lost","catalog#":"CDVILE 17","format":"CD-Album-RP","rating":"2","label":"Peaceville","title":"Lost Paradise","collectionfolder":"Gothic","released":"1995"}
2016-04-11 16:46:12 INFO  CouchBasePersistenceImpl:206 - Document retrieved from view: 478914c2-e856-4701-8201-8bfe99bc5812 - {"release_id":"4102811","date added":"2013-08-21 00:31:09","artist":"Shutdown (4)","catalog#":"none","collection style":"R.A.C","format":"CD-Album-RE","rating":"4","label":"Resistance Records (3)","title":"Pray For War","collectionfolder":"R.A.C","released":"2001"}
2016-04-11 16:46:12 INFO  CouchBasePersistenceImpl:206 - Document retrieved from view: 481d0e03-9be0-46ba-9e75-295c85a686d5 - {"release_id":"612894","date added":"2011-05-13 08:42:57","artist":"Guns N' Roses","catalog#":"B0000918-09","collection style":"Hard Rock","format":"DVD-Kee","rating":"5","label":"Geffen Records","title":"Use Your Illusion I - World Tour - 1992 In Tokyo","collectionfolder":"Hard Rock","released":"2004"}
2016-04-11 16:46:12 INFO  CouchBasePersistenceImpl:206 - Document retrieved from view: 487cbf8a-ecd7-4591-8928-483a526c8a8d - {"release_id":"2373338","date added":"2011-05-22 13:05:09","artist":"Wolfseye","catalog#":"854.742.938","collection style":"R.A.C","format":"CD-Album","rating":"4","label":"Rock Nord","title":"Winter","collectionfolder":"R.A.C","released":"1998"}
2016-04-11 16:46:12 INFO  CouchBasePersistenceImpl:206 - Document retrieved from view: 48851940-8e9d-42b2-9dcf-4f288fa2a6ec - {"release_id":"5311805","date added":"2016-03-19 12:02:22","artist":"Indian (2)","catalog#":"RR7224","format":"CD-Album","label":"Relapse Records","title":"From All Purity","collectionfolder":"Uncategorized","released":"2014"}
2016-04-11 16:46:12 INFO  CouchBasePersistenceImpl:206 - Document retrieved from view: 4893de72-98f2-4e18-9736-4811cb3fd161 - {"release_id":"383003","date added":"2011-05-17 13:49:13","artist":"Manowar","catalog#":"GED 24925","format":"CD-Album","rating":"3","label":"Geffen Records","title":"Louder Than Hell","collectionfolder":"Heavy Metal","released":"1996"}
2016-04-11 16:46:12 INFO  CouchBasePersistenceImpl:206 - Document retrieved from view: 48e53601-9f30-4ba9-a115-3df94925a353 - {"release_id":"3094587","date added":"2013-08-22 22:48:06","artist":"Decibelios","catalog#":"ILLA CD-510","collection style":"Oi!","format":"CD-Album","rating":"3","label":"Decibelios Records","title":"Igual De Borrachos Pero Mucho Más Orgullosos ","collectionfolder":"Oi!","released":"0"}
2016-04-11 16:46:12 INFO  CouchBasePersistenceImpl:206 - Document retrieved from view: 498b73a2-9be2-4d25-893f-fbdc743e45c5 - {"release_id":"2615985","date added":"2011-05-11 12:06:28","artist":"Triskelon","catalog#":"88CD 19","collection style":"R.A.C","format":"CD-Album","rating":"5","label":"Nordland","title":"Endast Mörker","collectionfolder":"R.A.C","released":"1997"}
2016-04-11 16:46:12 INFO  CouchBasePersistenceImpl:206 - Document retrieved from view: 4a20132b-0bd2-44cb-85f4-fffdedf293ce - {"release_id":"2748958","date added":"2012-02-29 23:03:26","artist":"Paradise Lost","catalog#":"cdkut 165-CDKUT 165","format":"CD-Single","rating":"5","label":"Music For Nations-Music For Nations","title":"The Last Time","collectionfolder":"Gothic","released":"1995"}
2016-04-11 16:46:12 INFO  CouchBasePersistenceImpl:206 - Document retrieved from view: 4a67689a-a575-4c15-8365-7af57cafc700 - {"release_id":"421281","date added":"2015-06-18 23:12:04","artist":"Vintersorg","catalog#":"NPR 085","format":"CD-Album","label":"Napalm Records","title":"Cosmic Genesis","collectionfolder":"Black Metal","released":"2000"}
2016-04-11 16:46:12 INFO  CouchBasePersistenceImpl:206 - Document retrieved from view: 4a8a12f0-0b94-4da1-84b5-9c833fdfc1d6 - {"release_id":"1813323","date added":"2011-05-17 14:24:24","artist":"Nine Inch Nails","catalog#":"IMCD 8005-514 321-2","collection style":"Industrial","format":"CD-EP-Dig","rating":"3","label":"TVT Records-Island Records","title":"Fixed","collectionfolder":"Industrial","released":"1992"}
2016-04-11 16:46:12 INFO  CouchBasePersistenceImpl:206 - Document retrieved from view: 4b2dd02e-5e38-436f-9bc9-eb03f2ccc5b9 - {"release_id":"923989","date added":"2011-05-17 14:27:05","artist":"Nine Inch Nails","catalog#":"0602517206816","collection style":"Industrial","format":"DVD-V-NTSC","rating":"5","label":"Interscope Records-Nothing Records","title":"Live: Beside You In Time","collectionfolder":"Industrial","released":"2007"}
2016-04-11 16:46:12 INFO  CouchBasePersistenceImpl:206 - Document retrieved from view: 4b5a9c5b-cfbf-4d8a-a133-6a41aa591557 - {"release_id":"3414133","date added":"2013-08-20 01:49:15","artist":"Frostfödd","catalog#":"MIDCD 21","collection style":"R.A.C","format":"CD-Album","rating":"1","label":"Midgård Records","title":"Det Andra Inseglet","collectionfolder":"R.A.C","released":"2000"}
2016-04-11 16:46:12 INFO  CouchBasePersistenceImpl:206 - Document retrieved from view: 4c140ee7-48af-44d3-8343-44ec0605718c - {"release_id":"2989607","date added":"2016-02-09 23:08:35","artist":"Gesta Bellica","catalog#":"CD 01199","format":"CD-Album","label":"Tuono Records","title":"Iterum Rudit Leo","collectionfolder":"R.A.C","released":"1999"}
2016-04-11 16:46:12 INFO  CouchBasePersistenceImpl:206 - Document retrieved from view: 4c2106eb-4828-49f4-b3e3-c4d821ee1200 - {"release_id":"1158692","date added":"2011-05-13 08:35:45","artist":"Alice In Chains","catalog#":"COL 474913 2","collection style":"Hard Rock","format":"CD-EP","rating":"3","label":"Columbia","title":"SAP","collectionfolder":"Hard Rock","released":"1993"}
2016-04-11 16:46:12 INFO  CouchBasePersistenceImpl:206 - Document retrieved from view: 4d220ec4-7e4f-4003-ae24-d8e6aca9f1fa - {"release_id":"8000296","date added":"2016-02-07 00:05:19","artist":"Slayer","catalog#":"3984-14031-1","format":"LP-Album-RE-RM","label":"Metal Blade Records","title":"Hell Awaits","collectionfolder":"Trash Metal","released":"2016"}
2016-04-11 16:46:12 INFO  CouchBasePersistenceImpl:206 - Document retrieved from view: 4da91568-280b-4f8b-b15c-5a87d3bfe217 - {"release_id":"385957","date added":"2011-05-11 11:53:07","artist":"Type O Negative","catalog#":"RO 9313-2-RO 9313 2","format":"CD-Album","rating":"3","label":"Roadracer Records-Roadracer Records","title":"Slow-Deep And Hard","collectionfolder":"Gothic","released":"1991"}
2016-04-11 16:46:12 INFO  CouchBasePersistenceImpl:206 - Document retrieved from view: 4db7aae4-da6f-404c-a7db-c5ea95cc47a4 - {"release_id":"521736","date added":"2011-05-11 11:58:06","artist":"Paradise Lost","catalog#":"GUN 210-82876 67190 2","format":"CD-Album-Enh-Ltd-Dig","rating":"2","label":"GUN Records (2)-BMG","title":"Paradise Lost","collectionfolder":"Gothic","released":"2005"}
2016-04-11 16:46:12 INFO  CouchBasePersistenceImpl:206 - Document retrieved from view: 4e6e007a-5dc2-4417-9a64-f0aae8227109 - {"release_id":"3574031","date added":"2015-02-04 11:04:27","artist":"Fortress (6)","catalog#":"none","format":"CD-Single","label":"Subzero Records","title":"The Bell Tolls","collectionfolder":"R.A.C","released":"1999"}
2016-04-11 16:46:12 INFO  CouchBasePersistenceImpl:206 - Document retrieved from view: 4f5f16ce-5e0a-4aba-a053-5378405f574d - {"release_id":"733373","date added":"2014-04-03 11:41:25","artist":"Massimo Morsello","catalog#":"RTP CD07","format":"CD-Album-Dig","rating":"4","label":"Rupe Tarpea Produzioni","title":"La Direzione Del Vento","collectionfolder":"R.A.C","released":"1998"}
2016-04-11 16:46:12 INFO  CouchBasePersistenceImpl:206 - Document retrieved from view: 5014ae92-d284-4c86-a3fa-a664254b6130 - {"release_id":"3654614","date added":"2013-08-18 05:25:04","artist":"Bound For Attack","catalog#":"PCD025","collection style":"R.A.C","format":"CD-Album","rating":"4","label":"Panzerfaust Records","title":"Loved By Few -Hated By Many -Feared By All","collectionfolder":"R.A.C","released":"2001"}
2016-04-11 16:46:12 INFO  CouchBasePersistenceImpl:206 - Document retrieved from view: 5030dc3e-1123-42f7-bc3d-9221a61b1724 - {"release_id":"3091938","date added":"2016-03-12 13:05:38","artist":"Motörhead","catalog#":"471723 2-EPC 471723 2","format":"CD-Album","label":"Epic-Epic","title":"March Ör Die","collectionfolder":"Uncategorized","released":"1992"}
2016-04-11 16:46:12 INFO  CouchBasePersistenceImpl:206 - Document retrieved from view: 51058860-487f-4b78-abb4-5cdfa43730ae - {"release_id":"2088276","date added":"2011-05-15 04:30:12","artist":"Metallica","catalog#":"0602498654033","format":"CD-Album + DVD-V-Multichannel-PAL-Copy Prot.","rating":"3","label":"Vertigo","title":"St. Anger","collectionfolder":"Trash Metal","released":"2003"}
2016-04-11 16:46:12 INFO  CouchBasePersistenceImpl:206 - Document retrieved from view: 517dbf5e-b76a-4495-a799-750bbd28a9b4 - {"release_id":"1135807","date added":"2011-05-28 06:28:11","artist":"Various","catalog#":"BS 006-BS006","collection style":"Death Metal","format":"CD-Comp","rating":"5","label":"Black Sun Records-Black Sun Records","title":"Slatanic Slaughter II A Tribute To Slayer","collectionfolder":"Death Metal","released":"1996"}
2016-04-11 16:46:12 INFO  CouchBasePersistenceImpl:206 - Document retrieved from view: 51edf56e-8de1-42b4-963f-8f1e36fca193 - {"release_id":"1070293","date added":"2011-08-21 07:08:05","artist":"Dismal Euphony","catalog#":"NB 501-2","collection style":"Gothic","format":"CD-Album","rating":"2","label":"Nuclear Blast","title":"Python Zero","collectionfolder":"Gothic","released":"2001"}
2016-04-11 16:46:12 INFO  CouchBasePersistenceImpl:206 - Document retrieved from view: 522583c6-648b-4479-b745-d9fc0870b4f7 - {"release_id":"1295218","date added":"2011-05-11 12:03:35","artist":"Paradise Lost","catalog#":"GUN 209-82876 67670 9","format":"Hybrid-DVDplus-PAL-Single-Ltd-Dig","rating":"4","label":"GUN Records (2)-BMG","title":"Forever After","collectionfolder":"Gothic","released":"2005"}
2016-04-11 16:46:12 INFO  CouchBasePersistenceImpl:206 - Document retrieved from view: 522ff2fe-f58f-4657-a6bb-5914923dce51 - {"release_id":"2202013","date added":"2011-05-15 04:29:43","artist":"Metallica With Michael Kamen Conducting The San Francisco Symphony Orchestra","catalog#":"546 797-2","format":"2xCD-Album","rating":"5","label":"Vertigo","title":"S&M","collectionfolder":"Trash Metal","released":"1999"}
2016-04-11 16:46:12 INFO  CouchBasePersistenceImpl:206 - Document retrieved from view: 52784b4a-cf1c-452a-8fba-65feaf7689ca - {"release_id":"1011740","date added":"2011-05-13 08:29:15","artist":"Danzig","catalog#":"DR-4357","collection style":"Hard Rock","format":"DVD-V","rating":"5","label":"Music Video Distributors","title":"Archive De La Morte","collectionfolder":"Hard Rock","released":"2003"}
2016-04-11 16:46:12 INFO  CouchBasePersistenceImpl:206 - Document retrieved from view: 529092ae-7b83-4f0f-8aaf-a51c5986a954 - {"release_id":"395394","date added":"2011-05-30 13:31:24","artist":"Nick Cave & The Bad Seeds","catalog#":"CD STUMM 76-CDSTUMM 76","format":"CD-Album","rating":"5","label":"Mute-Mute","title":"The Good Son","collectionfolder":"Blues Rock","released":"1990"}
2016-04-11 16:46:12 INFO  CouchBasePersistenceImpl:206 - Document retrieved from view: 531df435-371f-45c6-a316-b7fbacdc3b70 - {"release_id":"425250","date added":"2011-05-13 08:37:55","artist":"Guns N' Roses","catalog#":"GED 24148-GEFD 24148","collection style":"Hard Rock","format":"CD-Album","rating":"5","label":"Geffen Records-Geffen Records-Uzi Suicide-Uzi Suicide","title":"Appetite For Destruction","collectionfolder":"Hard Rock","released":"1987"}
2016-04-11 16:46:12 INFO  CouchBasePersistenceImpl:206 - Document retrieved from view: 53516a2f-5547-492e-919f-09c47a8d6d67 - {"release_id":"1958179","date added":"2011-05-13 08:26:37","artist":"Danzig","catalog#":"50-51011-7376-2-6-51011 7376 2","collection style":"Hard Rock","format":"CD-Album-RE","rating":"5","label":"American Recordings-American Recordings","title":"Danzig III: How The Gods Kill","collectionfolder":"Hard Rock","released":"2006"}
2016-04-11 16:46:12 INFO  CouchBasePersistenceImpl:206 - Document retrieved from view: 5364708f-8546-474c-92c1-54c5e0666bca - {"release_id":"2669645","date added":"2011-05-15 04:24:24","artist":"Metallica","catalog#":"838 140-2","format":"CD-Album-RE","rating":"5","label":"Vertigo-Phonogram","title":"Ride The Lightning","collectionfolder":"Trash Metal","released":"1989"}
2016-04-11 16:46:12 INFO  CouchBasePersistenceImpl:206 - Document retrieved from view: 537c9602-62fa-4f0d-a947-411617c04c93 - {"release_id":"7141332","date added":"2016-03-12 13:04:09","artist":"Motörhead","catalog#":"7243 8 54794 2 7","format":"CD-Album-RE-RM","label":"Parlophone","title":"On Parole","collectionfolder":"Uncategorized","released":"2014"}
2016-04-11 16:46:12 INFO  CouchBasePersistenceImpl:206 - Document retrieved from view: 539d26fd-ade0-49e5-9c9d-61446eb2ad4d - {"release_id":"395887","date added":"2013-08-22 23:10:34","artist":"The Last Resort","catalog#":"AHOY CD1","collection style":"Oi!","format":"CD-Album-RE","rating":"3","label":"Captain Oi!","title":"A Way Of Life - Skinhead Anthems","collectionfolder":"Oi!","released":"1993"}
2016-04-11 16:46:12 INFO  CouchBasePersistenceImpl:206 - Document retrieved from view: 53b63a70-6f2a-49ee-a70a-eb0c7d144d61 - {"release_id":"1739641","date added":"2011-05-13 09:33:24","artist":"Fortress (6)","catalog#":"CFT 015A","collection style":"R.A.C","format":"CD-Album","rating":"5","label":"Resistance Records (3)","title":"Into Legend","collectionfolder":"R.A.C","released":"1996"}
2016-04-11 16:46:12 INFO  CouchBasePersistenceImpl:206 - Document retrieved from view: 53c1ad9f-6e7f-4f9e-a3fc-487d44388e6f - {"release_id":"2200930","date added":"2011-05-14 06:28:42","artist":"The Hellacopters & The Flaming Sideburns","catalog#":"AFROCD008","format":"CD-EP","rating":"3","label":"Bad Afro Records","title":"White Trash Soul!","collectionfolder":"R´N´R","released":"2001"}
2016-04-11 16:46:12 INFO  CouchBasePersistenceImpl:206 - Document retrieved from view: 54160e0e-3465-4911-998c-3c1fb6d54115 - {"release_id":"3650569","date added":"2013-07-22 11:42:06","artist":"Avenged Sevenfold","catalog#":"9362-49919-9","format":"CD-Album","rating":"3","label":"Warner Bros. Records","title":"Avenged Sevenfold","collectionfolder":"Heavy Metal","released":"2007"}
[...]
2016-04-11 16:46:13 INFO  CouchBasePersistenceImpl:206 - Document retrieved from view: e981d755-4795-4cda-addd-a66f8d594db5 - {"release_id":"683134","date added":"2013-08-20 23:58:32","artist":"The Smiths","catalog#":"4509-91155-2","format":"DVD-V-Comp-PAL-Copy Prot.","rating":"5","label":"Warner Music Vision","title":"The Complete Picture","collectionfolder":"Brit Pop","released":"2000"}
2016-04-11 16:46:13 INFO  CouchBasePersistenceImpl:206 - Document retrieved from view: ea572fa4-4aca-44c6-9b9e-71df3d2587a3 - {"release_id":"2565338","date added":"2011-05-14 06:04:44","artist":"Monster Magnet","catalog#":"NPR 336","format":"CD-Album-Ltd-Dig","rating":"3","label":"Napalm Records","title":"Mastermind","collectionfolder":"Stoner Rock","released":"2010"}
2016-04-11 16:46:13 INFO  CouchBasePersistenceImpl:206 - Document retrieved from view: eb09ca10-5e40-42cb-b965-3bb90524ba49 - {"release_id":"685820","date added":"2011-05-14 06:12:49","artist":"The Quakes (2)","catalog#":"NERCD 037","format":"CD","rating":"5","label":"Nervous Records (2)","title":"The Quakes","collectionfolder":"Psychobilly","released":"1992"}
2016-04-11 16:46:13 INFO  CouchBasePersistenceImpl:206 - Document retrieved from view: eb9b5d6b-f880-4876-9655-d43c94ba0826 - {"release_id":"587629","date added":"2011-05-11 11:55:12","artist":"Paradise Lost","catalog#":"3984-14001-2-14001-2","format":"CD-Album","rating":"4","label":"Metal Blade Records-Metal Blade Records","title":"Shades Of God","collectionfolder":"Gothic","released":"1992"}
2016-04-11 16:46:13 INFO  CouchBasePersistenceImpl:206 - Document retrieved from view: edf67bf1-acf0-4acf-ae77-6fa27814b4c6 - {"release_id":"5862778","date added":"2015-08-01 05:46:27","artist":"Intolleranza","catalog#":"PR 89 V12","format":"7-Ltd-Num","label":"Rupe Tarpea Produzioni","title":"Come Il Vento / Werwolf","collectionfolder":"R.A.C","released":"2014"}
2016-04-11 16:46:13 INFO  CouchBasePersistenceImpl:206 - Document retrieved from view: edfbac51-2374-4cd0-98d3-fe6b524d8752 - {"release_id":"1927315","date added":"2013-08-14 06:11:41","artist":"Störkraft","catalog#":"RCD 117","collection style":"R.A.C","format":"CD-Album","rating":"3","label":"Rock-O-Rama Records","title":"Mann Für Mann","collectionfolder":"R.A.C","released":"1991"}
2016-04-11 16:46:13 INFO  CouchBasePersistenceImpl:206 - Document retrieved from view: ee0db93b-5c6a-4cdc-adb1-7be5c4f73207 - {"release_id":"370013","date added":"2011-05-13 08:38:23","artist":"Guns N' Roses","catalog#":"GED 24420-GEFD 24420-none","collection style":"Hard Rock","format":"CD-Album","rating":"5","label":"Geffen Records-Geffen Records-Uzi Suicide Records","title":"Use Your Illusion II","collectionfolder":"Hard Rock","released":"1991"}
2016-04-11 16:46:13 INFO  CouchBasePersistenceImpl:206 - Document retrieved from view: ef1200f3-7d7a-41c4-803b-a46ddb4f10c7 - {"release_id":"5337632","date added":"2015-08-12 08:33:55","artist":"Ravens Wing","catalog#":"RRR 1012","format":"LP-Album-RE-RM-Ltd-Cle","label":"Rock-O-Rama Records","title":"Through The Looking Glass","collectionfolder":"R.A.C","released":"2008"}
2016-04-11 16:46:13 INFO  CouchBasePersistenceImpl:206 - Document retrieved from view: efc1d846-9c49-46de-8a5a-a237b552d0aa - {"release_id":"511776","date added":"2011-05-11 11:57:22","artist":"Paradise Lost","catalog#":"7243 5 30707 2 4-530 7072","format":"CD-Album","rating":"3","label":"EMI-EMI","title":"Believe In Nothing","collectionfolder":"Gothic","released":"2001"}
2016-04-11 16:46:13 INFO  CouchBasePersistenceImpl:206 - Document retrieved from view: f0090ca6-7f7f-4b33-82ae-e8a997b9075b - {"release_id":"1292597","date added":"2011-05-29 04:46:21","artist":"Candlemass","catalog#":"CDL 0258 CD","format":"CD-Album-RE-RM + CD-RM","rating":"5","label":"Candlelight Records USA","title":"Epicus Doomicus Metallicus","collectionfolder":"Doom Metal","released":"2006"}
2016-04-11 16:46:13 INFO  CouchBasePersistenceImpl:206 - Document retrieved from view: f0f41e35-7630-44f3-8ba3-b75b3a9a0014 - {"release_id":"2163584","date added":"2011-05-14 06:15:02","artist":"Nekromantix","catalog#":"0445-2","format":"CD-Album-Dig","rating":"4","label":"Hellcat Records","title":"Return Of The Loving Dead","collectionfolder":"Psychobilly","released":"2002"}
2016-04-11 16:46:13 INFO  CouchBasePersistenceImpl:206 - Document retrieved from view: f0f62018-af5a-4868-b592-02fedac02c56 - {"release_id":"49006","date added":"2011-05-26 12:15:28","artist":"I-C-K","catalog#":"HR!25","format":"CD-Album","rating":"4","label":"Hau Ruck!","title":"Les Hémorragies Nihilistes","collectionfolder":"Ambiental","released":"2001"}
2016-04-11 16:46:13 INFO  CouchBasePersistenceImpl:206 - Document retrieved from view: f175b10c-f131-4f23-956f-6afa06527aec - {"release_id":"4436855","date added":"2013-08-21 00:00:06","artist":"Coldplay","catalog#":"7243 5 40504 2 8-540 5042","format":"CD-Album","rating":"4","label":"Parlophone-Parlophone","title":"A Rush Of Blood To The Head","collectionfolder":"Brit Pop","released":"2002"}
2016-04-11 16:46:13 INFO  CouchBasePersistenceImpl:206 - Document retrieved from view: f19ad45b-de3b-4962-87ae-ea9b9bdedcc9 - {"release_id":"6099880","date added":"2016-02-14 11:11:46","artist":"Betrayed Blood","catalog#":"BSN 005-1","format":"CD-MiniAlbum-Ltd-Num","label":"Backstreetnoise Music","title":"Pure And Inflamed Nature","collectionfolder":"R.A.C","released":"2001"}
2016-04-11 16:46:13 INFO  CouchBasePersistenceImpl:206 - Document retrieved from view: f1a34be8-0cb4-4f1b-b1ce-6773851426d3 - {"release_id":"580982","date added":"2011-05-11 12:07:35","artist":"Before God","catalog#":"none","collection style":"R.A.C","format":"CD-Album","rating":"5","label":"Subzero Records","title":"Wolves Amongst The Sheep","collectionfolder":"R.A.C","released":"1998"}
2016-04-11 16:46:13 INFO  CouchBasePersistenceImpl:206 - Document retrieved from view: f1d0a842-dc49-4db3-b00a-995371056ac3 - {"release_id":"3274816","date added":"2015-04-14 22:31:21","artist":"No Alibi (2)","catalog#":"none","format":"CD-Album","label":"Subzero Records","title":"Back For Blood And Soil","collectionfolder":"R.A.C","released":"1998"}
2016-04-11 16:46:13 INFO  CouchBasePersistenceImpl:206 - Document retrieved from view: f2965a76-df91-44b2-b413-675c9b2ab0e8 - {"release_id":"1933945","date added":"2011-05-15 04:26:33","artist":"Metallica","catalog#":"METAL 512-874 067-1","format":"12-Single","rating":"5","label":"Vertigo-Phonogram","title":"One","collectionfolder":"Trash Metal","released":"1988"}
2016-04-11 16:46:13 INFO  CouchBasePersistenceImpl:206 - Document retrieved from view: f2e63f9a-03df-4a5e-975b-f60f3f85bb45 - {"release_id":"2607583","date added":"2015-03-28 12:44:14","artist":"Mötley Crüe","catalog#":"038 660-2","format":"CD-Album-Enh-RE","label":"Masters 2000-Mötley Records","title":"Dr. Feelgood","collectionfolder":"Glam","released":"2003"}
2016-04-11 16:46:13 INFO  CouchBasePersistenceImpl:206 - Document retrieved from view: f2e92784-783a-4098-bfd4-52bbde522d43 - {"release_id":"606945","date added":"2011-05-15 04:28:04","artist":"Metallica","catalog#":"0770970","format":"3xCD-Album + 2xDVD-V + Box","rating":"5","label":"Universal","title":"Live Sh*t: Binge & Purge","collectionfolder":"Trash Metal","released":"2003"}
2016-04-11 16:46:13 INFO  CouchBasePersistenceImpl:206 - Document retrieved from view: f30723c2-18ec-4f7e-853d-12c31342897f - {"release_id":"128830","date added":"2011-05-17 13:36:32","artist":"Laibach","catalog#":"CD STUMM 82","format":"CD-Album","rating":"5","label":"Mute","title":"Kapital","collectionfolder":"Industrial","released":"1992"}
2016-04-11 16:46:13 INFO  CouchBasePersistenceImpl:206 - Document retrieved from view: f31dcaf9-5990-46b5-9d2d-f6a3ffb24bd6 - {"release_id":"1295291","date added":"2011-05-11 12:04:23","artist":"Paradise Lost","catalog#":"VFN 13X","format":"VHS","rating":"5","label":"Music For Nations","title":"Harmony Breaks","collectionfolder":"Gothic","released":"1994"}
2016-04-11 16:46:13 INFO  CouchBasePersistenceImpl:206 - Document retrieved from view: f3594e97-72da-4a84-bf29-f4c4f0fefcc0 - {"release_id":"2750745","date added":"2013-08-20 23:40:27","artist":"Batallón De Castigo","catalog#":"RT-7009","collection style":"R.A.C","format":"CD-Album","rating":"5","label":"Rata - Ta Ta Tá...","title":"¡Caña De España!","collectionfolder":"R.A.C","released":"1998"}
2016-04-11 16:46:13 INFO  CouchBasePersistenceImpl:206 - Document retrieved from view: f3b9bfed-40d4-4f6e-9f74-2d724bfc3911 - {"release_id":"883913","date added":"2011-05-11 14:11:17","artist":"Pantera","catalog#":"7559-61908-2","format":"CD-Album","rating":"5","label":"EastWest","title":"The Great Southern Trendkill","collectionfolder":"Sludge Metal","released":"1996"}
2016-04-11 16:46:13 INFO  CouchBasePersistenceImpl:206 - Document retrieved from view: f3f82714-543a-4434-b596-5099bb6685a4 - {"release_id":"701596","date added":"2011-05-14 05:59:25","artist":"Fortress (6)","catalog#":"none","collection style":"R.A.C","format":"CD-Comp-RE","rating":"5","label":"Great White Productions","title":"Victory Or Valhalla: Seize The Day / Fortress I","collectionfolder":"R.A.C","released":"0"}
2016-04-11 16:46:13 INFO  CouchBasePersistenceImpl:206 - Document retrieved from view: f46ef140-e3ed-4688-ab7f-64e1286835ff - {"release_id":"3727423","date added":"2016-02-11 12:46:03","artist":"Honor","catalog#":"none","format":"CD-Album","label":"Resistance Records (3)","title":"In Flames Of The Rising Power","collectionfolder":"R.A.C","released":"2001"}
2016-04-11 16:46:13 INFO  CouchBasePersistenceImpl:206 - Document retrieved from view: f491be25-d578-4dc8-8663-d89b1d2fc44b - {"release_id":"1031887","date added":"2011-05-13 08:29:21","artist":"Danzig","catalog#":"RR 060","collection style":"Hard Rock","format":"DVD","rating":"5","label":"Regain Records","title":"Il Demonio Nera","collectionfolder":"Hard Rock","released":"2005"}
2016-04-11 16:46:13 INFO  CouchBasePersistenceImpl:206 - Document retrieved from view: f4c0bc3b-15bd-4395-be8d-f3b05cfd647d - {"release_id":"6759126","date added":"2015-05-28 22:47:10","artist":"Nile (2)","catalog#":"RR 6983-2","format":"CD-Album","label":"Relapse Records","title":"Amongst The Catacombs Of Nephren-Ka","collectionfolder":"Death Metal","released":"1998"}
2016-04-11 16:46:13 INFO  CouchBasePersistenceImpl:206 - Document retrieved from view: f673c21a-9f4e-4606-a496-8be353c58bc2 - {"release_id":"2905281","date added":"2011-05-28 07:59:16","artist":"Excalibur (6)","catalog#":"MOVEMENT 019","collection style":"R.A.C","format":"CD-Album","rating":"4","label":"Movement Records (6)","title":"Thurisaz","collectionfolder":"R.A.C","released":"1999"}
2016-04-11 16:46:13 INFO  CouchBasePersistenceImpl:206 - Document retrieved from view: f71ce52e-b9d6-4c02-a6c5-0ac7506d0963 - {"release_id":"2169898","date added":"2015-02-20 00:09:22","artist":"Endupdead","catalog#":"none","format":"CD-Album","label":"Ainaskin","title":"... And The Hell Followed Them","collectionfolder":"R.A.C","released":"1999"}
2016-04-11 16:46:13 INFO  CouchBasePersistenceImpl:206 - Document retrieved from view: f75f5c48-7e5c-49af-8cfc-c1c034905cbf - {"release_id":"699840","date added":"2011-05-23 12:01:24","artist":"The Jam","catalog#":"537 423-2","format":"CD-Comp","rating":"5","label":"Polydor","title":"The Very Best Of The Jam","collectionfolder":"Brit Pop","released":"1997"}
2016-04-11 16:46:13 INFO  CouchBasePersistenceImpl:206 - Document retrieved from view: f773cf87-3f24-4671-967f-82db72ef1ccf - {"release_id":"654456","date added":"2011-05-14 06:05:46","artist":"Monster Magnet","catalog#":"31454 0908 2","format":"CD-Album","rating":"5","label":"A&M Records","title":"Powertrip","collectionfolder":"Stoner Rock","released":"1998"}
2016-04-11 16:46:13 INFO  CouchBasePersistenceImpl:206 - Document retrieved from view: f7df7978-6e81-4f0b-b0ea-6d1a39b68962 - {"release_id":"1503848","date added":"2013-08-22 23:09:03","artist":"4 Skins","catalog#":"STEP CD 016","collection style":"Oi!","format":"CD-Comp-RE","rating":"5","label":"Step-1 Music","title":"From Chaos To 1984 / Rarities","collectionfolder":"Oi!","released":"1993"}
2016-04-11 16:46:13 INFO  CouchBasePersistenceImpl:206 - Document retrieved from view: f845b7af-b422-45a1-b292-90e2635702a3 - {"release_id":"800154","date added":"2011-05-17 13:52:26","artist":"Misfits","catalog#":"RR 8658-5-8086585RR","format":"CD-Album-Dig","rating":"5","label":"Roadrunner Records-Roadrunner Records","title":"Famous Monsters","collectionfolder":"Punk","released":"1999"}
2016-04-11 16:46:13 INFO  CouchBasePersistenceImpl:206 - Document retrieved from view: f8541c0c-7841-405e-a66a-659d5fa3a886 - {"release_id":"2894811","date added":"2011-05-22 12:31:02","artist":"Exxtrem","catalog#":"WWR004","collection style":"R.A.C","format":"CD-Album","rating":"3","label":"Wehrwolf Records","title":"Unsere Götter Leben Weiter","collectionfolder":"R.A.C","released":"2002"}
2016-04-11 16:46:13 INFO  CouchBasePersistenceImpl:206 - Document retrieved from view: f88401aa-ea15-4c40-b914-acd28cc8e8b3 - {"release_id":"2569357","date added":"2011-08-21 07:27:05","artist":"Overkill","catalog#":"SPV 076-18442 CD","collection style":"Trash Metal","format":"CD-Album-RE","rating":"4","label":"Steamhammer","title":"Feel The Fire","collectionfolder":"Trash Metal","released":"1998"}
2016-04-11 16:46:13 INFO  CouchBasePersistenceImpl:206 - Document retrieved from view: f8d376b1-f87f-43d6-b88f-b14461791e79 - {"release_id":"712049","date added":"2011-05-14 06:25:51","artist":"The Hellacopters","catalog#":"JAZZ 016CD","format":"CD-Album","rating":"5","label":"White Jazz Records","title":"Grande Rock","collectionfolder":"R´N´R","released":"1999"}
2016-04-11 16:46:13 INFO  CouchBasePersistenceImpl:206 - Document retrieved from view: f9eab833-d079-4a36-9693-e1fec6abc6fe - {"release_id":"469287","date added":"2011-05-17 13:39:09","artist":"Moonspell","catalog#":"77190-2","format":"CD-Album","rating":"4","label":"Century Media","title":"Sin / Pecado","collectionfolder":"Gothic","released":"1998"}
2016-04-11 16:46:13 INFO  CouchBasePersistenceImpl:206 - Document retrieved from view: fa514933-d6fa-48c3-b3dd-e124aa18d341 - {"release_id":"891780","date added":"2011-05-11 14:08:26","artist":"Paradise Lost","catalog#":"CDMFNX 222","format":"CD-Album-Ltd-Dig","rating":"3","label":"Music For Nations","title":"One Second","collectionfolder":"Gothic","released":"1997"}
2016-04-11 16:46:13 INFO  CouchBasePersistenceImpl:206 - Document retrieved from view: fa834013-74d1-4675-93e7-1c8fe6eda22d - {"release_id":"367860","date added":"2016-02-14 11:17:08","artist":"A Perfect Circle","catalog#":"7243 8 49253 2 1","format":"CD-Album","label":"Virgin","title":"Mer De Noms","collectionfolder":"Uncategorized","released":"2000"}
2016-04-11 16:46:13 INFO  CouchBasePersistenceImpl:206 - Document retrieved from view: faf1aa51-f15d-4bb8-8ef2-ee27e9e2c6f0 - {"release_id":"5324045","date added":"2015-04-14 22:55:02","artist":"Opeth","catalog#":"cdmfn291-CDMFN291","format":"CD-Album","label":"Music For Nations-Music For Nations","title":"Deliverance","collectionfolder":"Death Metal","released":"2002"}
2016-04-11 16:46:13 INFO  CouchBasePersistenceImpl:206 - Document retrieved from view: fc27232f-d8bf-4f49-9d6f-cba5740f170c - {"release_id":"780431","date added":"2015-04-13 12:37:19","artist":"Black Sabbath","catalog#":"ESM CD 330-GAS 0000330ESM","format":"CD-Album-RE-RM","label":"Essential-Essential","title":"Heaven And Hell","collectionfolder":"Heavy Metal","released":"1996"}
2016-04-11 16:46:13 INFO  CouchBasePersistenceImpl:206 - Document retrieved from view: fcd4689f-1dff-42c9-9c2f-cebb396fef6e - {"release_id":"3072362","date added":"2013-01-08 01:13:04","artist":"West Wall","catalog#":"none","format":"CD-Album","rating":"5","label":"Not On Label (West Wall Self-released)","title":"On My Shield","collectionfolder":"Death Metal","released":"2011"}
2016-04-11 16:46:13 INFO  CouchBasePersistenceImpl:206 - Document retrieved from view: fda583d2-01e8-418f-8847-b231d840f432 - {"release_id":"369290","date added":"2011-05-11 11:45:52","artist":"RAHOWA","catalog#":"CRA-201A","collection style":"R.A.C","format":"CD-Album","rating":"5","label":"Resistance Records (3)","title":"Cult Of The Holy War","collectionfolder":"Gothic","released":"1995"}
2016-04-11 16:46:13 INFO  CouchBasePersistenceImpl:206 - Document retrieved from view: fde0b0c2-a53e-42b8-98d2-59884b5b1793 - {"release_id":"1664081","date added":"2011-05-30 13:26:53","artist":"The Prodigy","catalog#":"MXCD 1843 (CS) CTV","format":"CD-Album + DVD-V-NTSC","rating":"4","label":"Blanco Y Negro (2)","title":"Invaders Must Die","collectionfolder":"Rave","released":"2009"}
2016-04-11 16:46:13 INFO  CouchBasePersistenceImpl:206 - Document retrieved from view: fe900f24-0096-43b5-b3dd-a72612b30156 - {"release_id":"950131","date added":"2011-08-21 06:58:39","artist":"Atrocity","catalog#":"549 314-2","collection style":"Industrial","format":"CD-Album-blu","rating":"4","label":"Motor Music","title":"Gemini","collectionfolder":"Industrial","released":"2000"}
2016-04-11 16:46:13 INFO  CouchBasePersistenceImpl:206 - Document retrieved from view: fec507c4-70e1-4144-8660-4454d910171e - {"release_id":"4088900","date added":"2016-02-09 23:07:11","artist":"Hobbit (4)","catalog#":"RTP CD44 PR71","format":"CD-Album","label":"Rupe Tarpea Produzioni","title":"L'impero Contrattacca","collectionfolder":"R.A.C","released":"2010"}
2016-04-11 16:46:13 INFO  CouchBasePersistenceImpl:206 - Document retrieved from view: fef1dfae-2252-4d5c-a778-a438e6922407 - {"release_id":"369077","date added":"2011-05-17 13:40:58","artist":"The Gathering","catalog#":"77298-2","format":"CD-Album-Dig","rating":"5","label":"Century Media","title":"If_then_else","collectionfolder":"Gothic","released":"2000"}
2016-04-11 16:46:13 INFO  CouchBasePersistenceImpl:206 - Document retrieved from view: ff730c2c-de61-4afa-af9b-0d6703dc2c17 - {"release_id":"3885762","date added":"2014-09-14 11:20:30","artist":"Down (3)","catalog#":"RR 7627-2 1686-17627-2","format":"CD-EP-Dig","label":"Roadrunner Records","title":"EP I Of IV","collectionfolder":"Doom Metal","released":"2012"}
2016-04-11 16:46:13 INFO  CouchBasePersistenceImpl:206 - Document retrieved from view: ffec4374-cdf5-4004-80b6-a51a964403f6 - {"release_id":"3665962","date added":"2016-03-12 23:56:15","artist":"Slayer","catalog#":"924203-1","format":"LP-Album","label":"Def Jam Recordings-Geffen Records","title":"South Of Heaven","collectionfolder":"Uncategorized","released":"1988"}
2016-04-11 16:46:13 INFO  TestCouchBasePersistenceImpl:124 - Number of documents retrieve from bucket: 588
2016-04-11 16:46:13 INFO  TestCouchBasePersistenceImpl:106 - Document sucessfully inserted in bucket with id: 2c405c19-acee-4980-a059-a791d692759e
2016-04-11 16:46:13 INFO  TestCouchBasePersistenceImpl:71 - Document sucessfully inserted in bucket with id: f293b932-840a-475c-8036-30a9e9cd5a31
2016-04-11 16:46:13 INFO  TestCouchBasePersistenceImpl:56 - Document sucessfully inserted in bucket with id: 26e915f1-f44f-40b1-9220-f032692085d0
2016-04-11 16:46:13 INFO  TestCouchBasePersistenceImpl:88 - Document sucessfully inserted in bucket with id: 6ba2b293-d5d4-4c36-ae0c-777373a0692c
2016-04-11 16:46:13 INFO  Node:145 - Disconnected from Node localhost
2016-04-11 16:46:13 INFO  ConfigurationProvider:300 - Closed bucket default
2016-04-11 16:46:13 INFO  CoreEnvironment:446 - Shutdown Core Scheduler: success 
2016-04-11 16:46:13 INFO  CoreEnvironment:446 - Shutdown Runtime Metrics Collector: success 
2016-04-11 16:46:13 INFO  CoreEnvironment:446 - Shutdown Latency Metrics Collector: success 
2016-04-11 16:46:13 INFO  CoreEnvironment:446 - Shutdown IoPool: success 
2016-04-11 16:46:15 INFO  CoreEnvironment:446 - Shutdown Netty: success 
2016-04-11 16:46:15 INFO  TestCouchBasePersistenceImpl:43 - Couchbase database sucessfully disconnected: true
]]></system-out>
  <system-err><![CDATA[]]></system-err>
</testsuite>
