<?xml version="1.0" encoding="UTF-8"?>
<testsuite name="es.arq.persistence.provider.tests.TestLoadCSV" tests="1" skipped="0" failures="0" errors="0" timestamp="2016-04-11T14:46:15" hostname="mmoran" time="3.032">
  <properties/>
  <testcase name="testLoadCSV" classname="es.arq.persistence.provider.tests.TestLoadCSV" time="3.032"/>
  <system-out><![CDATA[2016-04-11 16:46:15 WARN  CoreEnvironment:208 - More than 1 Couchbase Environments found (2), this can have severe impact on performance and stability. Reuse environments!
2016-04-11 16:46:15 INFO  CouchbaseCore:141 - CouchbaseEnvironment: {sslEnabled=false, sslKeystoreFile='null', sslKeystorePassword='null', queryEnabled=false, queryPort=8093, bootstrapHttpEnabled=true, bootstrapCarrierEnabled=true, bootstrapHttpDirectPort=8091, bootstrapHttpSslPort=18091, bootstrapCarrierDirectPort=11210, bootstrapCarrierSslPort=11207, ioPoolSize=4, computationPoolSize=4, responseBufferSize=16384, requestBufferSize=16384, kvServiceEndpoints=1, viewServiceEndpoints=1, queryServiceEndpoints=1, ioPool=NioEventLoopGroup, coreScheduler=CoreScheduler, eventBus=DefaultEventBus, packageNameAndVersion=couchbase-jvm-core/1.2.3 (git: 1.2.3), dcpEnabled=false, retryStrategy=BestEffort, maxRequestLifetime=75000, retryDelay=ExponentialDelay{growBy 1.0 MICROSECONDS; lower=100, upper=100000}, reconnectDelay=ExponentialDelay{growBy 1.0 MILLISECONDS; lower=32, upper=4096}, observeIntervalDelay=ExponentialDelay{growBy 1.0 MICROSECONDS; lower=10, upper=100000}, keepAliveInterval=30000, autoreleaseAfter=2000, bufferPoolingEnabled=true, tcpNodelayEnabled=true, mutationTokensEnabled=false, socketConnectTimeout=1000, dcpConnectionBufferSize=20971520, dcpConnectionBufferAckThreshold=0.2, queryTimeout=75000, viewTimeout=75000, kvTimeout=2500, connectTimeout=5000, disconnectTimeout=25000, dnsSrvEnabled=false}
2016-04-11 16:46:15 INFO  Node:135 - Connected to Node localhost
2016-04-11 16:46:15 INFO  ConfigurationProvider:272 - Opened bucket default
2016-04-11 16:46:15 INFO  CouchBasePersistenceImpl:87 - Connection to bucket: default on host has been stablished
2016-04-11 16:46:15 INFO  TestLoadCSV:38 - File /music-collection.csv succesfully loaded
2016-04-11 16:46:15 INFO  TestLoadCSV:78 - Document succesfully formatted: {"catalog#":"PIASR311CDX-945.U311.022","artist":"Dead Can Dance","title":"Anastasis","label":"[PIAS] Recordings-[PIAS] Recordings","format":"CD-Album-Dig","rating":"5","released":"2012","release_id":"3791972","collectionfolder":"Ambiental","date added":"2014-02-09 11:54:12"} an inserted into database with id: 89d33034-8d0c-410f-9cc8-bd10aba3311e
2016-04-11 16:46:15 INFO  TestLoadCSV:78 - Document succesfully formatted: {"catalog#":"31454 0908 2","artist":"Monster Magnet","title":"Powertrip","label":"A&M Records","format":"CD-Album","rating":"5","released":"1998","release_id":"654456","collectionfolder":"Stoner Rock","date added":"2011-05-14 06:05:46"} an inserted into database with id: 339d6441-6b68-4048-a51f-52f03361c568
2016-04-11 16:46:15 INFO  TestLoadCSV:78 - Document succesfully formatted: {"catalog#":"490 773-2","artist":"Monster Magnet","title":"God Says No","label":"A&M Records","format":"CD-Album","rating":"5","released":"2000","release_id":"397102","collectionfolder":"Stoner Rock","date added":"2011-05-14 06:05:17"} an inserted into database with id: 06da6ea1-c4c6-4cc0-85e4-5acda6e7bbd2
2016-04-11 16:46:15 INFO  TestLoadCSV:78 - Document succesfully formatted: {"catalog#":"540 215-2","artist":"Soundgarden","title":"Superunknown","label":"A&M Records","format":"CD-Album","rating":"4","released":"1994","release_id":"379144","collectionfolder":"Hard Rock","date added":"2011-05-30 13:37:47","collection style":"Hard Rock"} an inserted into database with id: 49fd6a67-7b79-4262-bcd6-811f4f5beb57
2016-04-11 16:46:15 INFO  TestLoadCSV:78 - Document succesfully formatted: {"catalog#":"540 315-2","artist":"Monster Magnet","title":"Dopes To Infinity","label":"A&M Records","format":"CD-Album","rating":"5","released":"1995","release_id":"370488","collectionfolder":"Stoner Rock","date added":"2011-05-14 06:06:12"} an inserted into database with id: 2cda834d-2c65-4c43-bc47-0f84e6549c99
2016-04-11 16:46:15 INFO  TestLoadCSV:78 - Document succesfully formatted: {"catalog#":"AMLK 64634","artist":"Supertramp","title":"Even In The Quietest Moments...","label":"A&M Records","format":"LP-Album","released":"1977","release_id":"5707873","collectionfolder":"Uncategorized","date added":"2015-08-01 03:31:13"} an inserted into database with id: e4bae04d-1d4f-4b6f-9fe8-9077d1a032bc
2016-04-11 16:46:15 INFO  TestLoadCSV:78 - Document succesfully formatted: {"catalog#":"AFM 554-1","artist":"Danzig","title":"Skeletons","label":"AFM Records-Evilive","format":"LP-Album","released":"2015","release_id":"7777848","collectionfolder":"Hard Rock","date added":"2016-01-06 10:21:52"} an inserted into database with id: 8f2f2961-3b64-44ea-8533-7d9e198dabf8
2016-04-11 16:46:15 INFO  TestLoadCSV:78 - Document succesfully formatted: {"catalog#":"none","artist":"Brick (9)","title":"Secured In Darkness","label":"Aggressive Records","format":"CD-Album","rating":"3","released":"1997","release_id":"1760932","collectionfolder":"Death Metal","date added":"2011-05-26 11:54:12","collection style":"Death Metal"} an inserted into database with id: 1049c75b-3240-40f0-a374-f5d537e9a270
2016-04-11 16:46:15 INFO  TestLoadCSV:78 - Document succesfully formatted: {"catalog#":"none","artist":"Endupdead","title":"... And The Hell Followed Them","label":"Ainaskin","format":"CD-Album","released":"1999","release_id":"2169898","collectionfolder":"R.A.C","date added":"2015-02-20 00:09:22"} an inserted into database with id: f74991ad-7621-478f-b8c3-b70ddf90473c
2016-04-11 16:46:15 INFO  TestLoadCSV:78 - Document succesfully formatted: {"catalog#":"ALCD 4","artist":"Skrewdriver","title":"Hail Victory","label":"ALCD","format":"CD-Album","rating":"3","released":"1994","release_id":"1616948","collectionfolder":"R.A.C","date added":"2013-08-14 06:04:59","collection style":"R.A.C"} an inserted into database with id: 28438770-4eb9-4e81-b713-09f25766177b
2016-04-11 16:46:15 INFO  TestLoadCSV:78 - Document succesfully formatted: {"catalog#":"AR053CD","artist":"Foscor","title":"Those Horrors Wither","label":"Alone Records (2)","format":"CD-Album-Dig","released":"2014","release_id":"6527570","collectionfolder":"Black Metal","date added":"2015-02-01 00:19:24"} an inserted into database with id: c4de199e-43f4-417f-b188-377428c8a2d4
2016-04-11 16:46:15 INFO  TestLoadCSV:78 - Document succesfully formatted: {"catalog#":"AR053LP","artist":"Foscor","title":"Those Horrors Wither","label":"Alone Records (2)","format":"LP-Album-Whi","released":"2014","release_id":"6390095","collectionfolder":"Black Metal","date added":"2015-07-05 10:47:30"} an inserted into database with id: f9b37818-bf6f-4f35-95a6-1ddfe7791636
2016-04-11 16:46:15 INFO  TestLoadCSV:78 - Document succesfully formatted: {"catalog#":"AR053LPS","artist":"Foscor","title":"Graceful Pandora","label":"Alone Records (2)","format":"7-EP","released":"2014","release_id":"6317585","collectionfolder":"Black Metal","date added":"2016-02-14 11:49:07"} an inserted into database with id: adddc01a-29aa-4dce-ac43-a81fa04089de
2016-04-11 16:46:15 INFO  TestLoadCSV:78 - Document succesfully formatted: {"catalog#":"0731458679622","artist":"Slayer","title":"Reign In Blood","label":"American Recordings","format":"CD-Album-RE-RM","rating":"5","released":"0","release_id":"1050160","collectionfolder":"Trash Metal","date added":"2011-05-15 05:45:25"} an inserted into database with id: 7d094324-7a6f-4034-8704-dcc28b9e8d0b
2016-04-11 16:46:15 INFO  TestLoadCSV:78 - Document succesfully formatted: {"catalog#":"491802 2","artist":"Slayer","title":"Divine Intervention","label":"American Recordings","format":"CD-Album","rating":"5","released":"1994","release_id":"379566","collectionfolder":"Trash Metal","date added":"2011-05-15 05:45:53"} an inserted into database with id: ee6574aa-128e-4ee3-abee-5829eda8c429
2016-04-11 16:46:15 INFO  TestLoadCSV:78 - Document succesfully formatted: {"catalog#":"50-51011-7378-2-4","artist":"Danzig","title":"Danzig 4P","label":"American Recordings","format":"CD-Album-RE","rating":"5","released":"2006","release_id":"1516668","collectionfolder":"Hard Rock","date added":"2011-05-13 08:27:04","collection style":"Hard Rock"} an inserted into database with id: e8efc396-8b31-468c-b733-2383017a89b8
2016-04-11 16:46:15 INFO  TestLoadCSV:78 - Document succesfully formatted: {"catalog#":"586 331-2","artist":"Slayer","title":"God Hates Us All","label":"American Recordings","format":"CD-Album","rating":"4","released":"2001","release_id":"368156","collectionfolder":"Trash Metal","date added":"2011-05-15 05:47:06"} an inserted into database with id: c604080c-234b-4397-a154-61c8a47a5dd1
2016-04-11 16:46:15 INFO  TestLoadCSV:78 - Document succesfully formatted: {"catalog#":"88697131072","artist":"Slayer","title":"Undisputed Attitude","label":"American Recordings","format":"CD-Album-RE","rating":"3","released":"2009","release_id":"2530934","collectionfolder":"Trash Metal","date added":"2011-05-15 05:46:05"} an inserted into database with id: 6ca452ee-3dcb-4e82-ad74-a8fed78c0fd1
2016-04-11 16:46:15 INFO  TestLoadCSV:78 - Document succesfully formatted: {"catalog#":"9 45647-1","artist":"Danzig","title":"Danzig 4P","label":"American Recordings","format":"LP-Album-RE-Unofficial-Gat","released":"2014","release_id":"6284928","collectionfolder":"Heavy Metal","date added":"2015-04-26 04:55:11"} an inserted into database with id: 4d5ca0ba-b301-4ab7-96a4-494a0aafd4fa
2016-04-11 16:46:15 INFO  TestLoadCSV:78 - Document succesfully formatted: {"catalog#":"9362-44300-2","artist":"Slayer","title":"Christ Illusion","label":"American Recordings","format":"CD-Album","released":"2006","release_id":"749590","collectionfolder":"Trash Metal","date added":"2015-04-13 12:17:36"} an inserted into database with id: c1fbadeb-814f-4ad0-8d78-dd95fa4dae12
2016-04-11 16:46:15 INFO  TestLoadCSV:78 - Document succesfully formatted: {"catalog#":"491904 2-01-491904-10","artist":"Danzig","title":"Danzig","label":"American Recordings-American Recordings","format":"CD-Album-RE","rating":"4","released":"2001","release_id":"2462696","collectionfolder":"Hard Rock","date added":"2011-05-13 08:25:46","collection style":"Hard Rock"} an inserted into database with id: ba996f10-24cc-4155-b726-77242ec08766
2016-04-11 16:46:15 INFO  TestLoadCSV:78 - Document succesfully formatted: {"catalog#":"50-51011-7376-2-6-51011 7376 2","artist":"Danzig","title":"Danzig III: How The Gods Kill","label":"American Recordings-American Recordings","format":"CD-Album-RE","rating":"5","released":"2006","release_id":"1958179","collectionfolder":"Hard Rock","date added":"2011-05-13 08:26:37","collection style":"Hard Rock"} an inserted into database with id: a0686653-e6b6-4982-8b2f-85abfc2985fb
2016-04-11 16:46:15 INFO  TestLoadCSV:78 - Document succesfully formatted: {"catalog#":"491302 2-COL 491302 2-01-491302-10","artist":"Slayer","title":"Diabolus In Musica","label":"American Recordings-Columbia-Columbia","format":"CD-Album","rating":"5","released":"1998","release_id":"371100","collectionfolder":"Trash Metal","date added":"2011-05-15 05:46:46"} an inserted into database with id: 9f0f3780-b7fc-4a0b-a234-ffbfdbeae8d9
2016-04-11 16:46:15 INFO  TestLoadCSV:78 - Document succesfully formatted: {"catalog#":"88697128872","artist":"Slayer","title":"Decade Of Aggression Live","label":"American Recordings-Sony Music","format":"2xCD","rating":"5","released":"2009","release_id":"2027559","collectionfolder":"Trash Metal","date added":"2012-06-03 01:33:46","collection style":"Trash Metal"} an inserted into database with id: b522673c-ccc5-4ff7-9a25-44f71acb948a
2016-04-11 16:46:15 INFO  TestLoadCSV:78 - Document succesfully formatted: {"catalog#":"0600753461839","artist":"Slayer","title":"World Painted Blood","label":"American Recordings-Universal","format":"LP-Album-RE","released":"2013","release_id":"5097565","collectionfolder":"Trash Metal","date added":"2015-10-18 02:35:57"} an inserted into database with id: 55224074-f513-48e7-b3c1-8e01c3fc4775
2016-04-11 16:46:15 INFO  TestLoadCSV:78 - Document succesfully formatted: {"catalog#":"AR 001CD","artist":"Thunderbolt (2) / Kataxu","title":"Black Clouds Over Dark Majesty / Roots Thunder","label":"Ancestral Research Records","format":"CD-Comp","rating":"2","released":"2000","release_id":"581314","collectionfolder":"Black Metal","date added":"2013-08-21 00:34:27","collection style":"Black Metal"} an inserted into database with id: 27aa9c1e-3782-44de-a3a8-9920c605523f
2016-04-11 16:46:15 INFO  TestLoadCSV:78 - Document succesfully formatted: {"catalog#":"7 91372-2","artist":"Pantera","title":"Cowboys From Hell","label":"ATCO Records","format":"CD-Album","rating":"5","released":"1990","release_id":"367301","collectionfolder":"Sludge Metal","date added":"2011-05-11 14:09:35"} an inserted into database with id: 2dca0ed5-9887-4d51-9d64-8854312dffc6
2016-04-11 16:46:15 INFO  TestLoadCSV:78 - Document succesfully formatted: {"catalog#":"91758-2","artist":"Pantera","title":"Vulgar Display Of Power","label":"ATCO Records","format":"CD-Album","rating":"5","released":"1992","release_id":"367113","collectionfolder":"Sludge Metal","date added":"2011-05-11 14:09:17"} an inserted into database with id: 02a2ae4e-7634-424b-85db-fa256b17ba35
2016-04-11 16:46:15 INFO  TestLoadCSV:78 - Document succesfully formatted: {"catalog#":"ATL 50 603 (SD 38-112)","artist":"Blackfoot (3)","title":"Strikes","label":"ATCO Records","format":"LP-Album","released":"1979","release_id":"7148143","collectionfolder":"Southern Rock","date added":"2015-07-05 10:49:09"} an inserted into database with id: 66c857fb-8956-44da-bc3b-943f2ec8e33d
2016-04-11 16:46:15 INFO  TestLoadCSV:78 - Document succesfully formatted: {"catalog#":"7567-81930-2","artist":"Manowar","title":"Kings Of Metal","label":"Atlantic","format":"CD-Album-RE","rating":"5","released":"0","release_id":"1473933","collectionfolder":"Heavy Metal","date added":"2011-05-17 13:48:34"} an inserted into database with id: 8c2d32fb-75e0-472b-b60f-ee92ff087c3e
2016-04-11 16:46:15 INFO  TestLoadCSV:78 - Document succesfully formatted: {"catalog#":"7567-81936-2","artist":"Skid Row","title":"Skid Row","label":"Atlantic","format":"CD-Album","released":"1989","release_id":"1191223","collectionfolder":"Heavy Metal","date added":"2015-03-22 09:05:40"} an inserted into database with id: 1d5e711f-eb05-4c2d-8087-42b9f8324b28
2016-04-11 16:46:15 INFO  TestLoadCSV:78 - Document succesfully formatted: {"catalog#":"7567-82242-1","artist":"Skid Row","title":"Slave To The Grind","label":"Atlantic","format":"LP-Album","released":"1991","release_id":"1279521","collectionfolder":"Heavy Metal","date added":"2015-03-22 08:52:51"} an inserted into database with id: f8fbc539-2813-41a9-bf79-bc4180675e3b
2016-04-11 16:46:15 INFO  TestLoadCSV:78 - Document succesfully formatted: {"catalog#":"7567-82242-2","artist":"Skid Row","title":"Slave To The Grind","label":"Atlantic","format":"CD-Album","released":"1991","release_id":"1932050","collectionfolder":"Heavy Metal","date added":"2015-03-22 08:47:30"} an inserted into database with id: 1ab23846-3ae1-47b3-bb07-3b888596bd85
2016-04-11 16:46:15 INFO  TestLoadCSV:78 - Document succesfully formatted: {"catalog#":"7567-82258-2","artist":"Lynyrd Skynyrd","title":"1991","label":"Atlantic","format":"CD-Album","rating":"5","released":"1991","release_id":"1283636","collectionfolder":"Southern Rock","date added":"2011-05-14 06:12:18"} an inserted into database with id: 416b7d53-c21e-419e-a85e-7d6fda44d4dd
2016-04-11 16:46:15 INFO  TestLoadCSV:78 - Document succesfully formatted: {"catalog#":"7567-82730-2","artist":"Skid Row","title":"Subhuman Race","label":"Atlantic","format":"CD-Album","released":"1995","release_id":"2975807","collectionfolder":"Heavy Metal","date added":"2015-03-22 08:42:43"} an inserted into database with id: e852dd88-1a53-4882-8311-4b4d627c8bbb
2016-04-11 16:46:15 INFO  TestLoadCSV:78 - Document succesfully formatted: {"catalog#":"7567-82743-2","artist":"Sugar Ray (2)","title":"Lemonade & Brownies","label":"Atlantic","format":"CD-Album","rating":"4","released":"1995","release_id":"383832","collectionfolder":"Hardcore","date added":"2011-05-29 04:43:57","collection style":"Hardcore"} an inserted into database with id: d560ae3c-c01a-4907-9f1e-1fc3a8a53f43
2016-04-11 16:46:15 INFO  TestLoadCSV:78 - Document succesfully formatted: {"catalog#":"amcd03","artist":"Heathen Dawn","title":"Wasted Land","label":"Aura Mystique Productions","format":"CD-MiniAlbum","released":"2002","release_id":"3527491","collectionfolder":"Black Metal","date added":"2016-02-14 01:00:02"} an inserted into database with id: e0280266-c7b3-4dee-b3b2-cb9497d87558
2016-04-11 16:46:15 INFO  TestLoadCSV:78 - Document succesfully formatted: {"catalog#":"290-09-072 G","artist":"Böhse Onkelz","title":"Heilige Lieder","label":"Bacillus Records","format":"CD-Album-Ltd-RE","released":"1995","release_id":"384038","collectionfolder":"Hard Rock","date added":"2014-03-06 23:08:04"} an inserted into database with id: 37b79f70-5578-4445-a0dc-e37b8b1ed87f
2016-04-11 16:46:15 INFO  TestLoadCSV:78 - Document succesfully formatted: {"catalog#":"BSN 005-1","artist":"Betrayed Blood","title":"Pure And Inflamed Nature","label":"Backstreetnoise Music","format":"CD-MiniAlbum-Ltd-Num","released":"2001","release_id":"6099880","collectionfolder":"R.A.C","date added":"2016-02-14 11:11:46"} an inserted into database with id: 0052c3c9-16f0-45f2-8b3e-7ed593d6636e
2016-04-11 16:46:15 INFO  TestLoadCSV:78 - Document succesfully formatted: {"catalog#":"AFROCD008","artist":"The Hellacopters & The Flaming Sideburns","title":"White Trash Soul!","label":"Bad Afro Records","format":"CD-EP","rating":"3","released":"2001","release_id":"2200930","collectionfolder":"R´N´R","date added":"2011-05-14 06:28:42"} an inserted into database with id: 0f8867d1-a44a-4dbb-b0fd-816fdf8216e2
2016-04-11 16:46:15 INFO  TestLoadCSV:78 - Document succesfully formatted: {"catalog#":"BS001CD","artist":"Nick Cave & The Bad Seeds","title":"Push The Sky Away","label":"Bad Seed Ltd.","format":"CD-Album","released":"2013","release_id":"4365901","collectionfolder":"Blues Rock","date added":"2014-02-10 23:04:12"} an inserted into database with id: f3f7ae72-2f34-4832-9efc-a29e4598f81b
2016-04-11 16:46:15 INFO  TestLoadCSV:78 - Document succesfully formatted: {"catalog#":"none","artist":"Uruk-Hai (2)","title":"In The Side Of Eternal Eclipse","label":"Battlefield Records","format":"CD-MiniAlbum-Ltd","released":"2001","release_id":"587254","collectionfolder":"Black Metal","date added":"2016-02-14 01:02:35"} an inserted into database with id: 629952c4-6e13-45c9-a5df-9a3d13b82500
2016-04-11 16:46:15 INFO  TestLoadCSV:78 - Document succesfully formatted: {"catalog#":"BEGA 2026 CD","artist":"The Cult","title":"Pure Cult - The Singles 1984 - 1995","label":"Beggars Banquet","format":"CD-Comp-RM","rating":"3","released":"2000","release_id":"1355910","collectionfolder":"R´N´R","date added":"2011-05-30 13:09:54","collection style":"R´N´R"} an inserted into database with id: 5eaa4ad7-8510-41f0-82f9-7435545b11ac
2016-04-11 16:46:15 INFO  TestLoadCSV:78 - Document succesfully formatted: {"catalog#":"BEY.9909R-BEY.9909","artist":"Satarial","title":"The Queen Of The Elves' Land","label":"Beyond Productions-Beyond Productions","format":"CD-Album","released":"1999","release_id":"924842","collectionfolder":"Black Metal","date added":"2016-02-14 00:47:28"} an inserted into database with id: 8c1d87d9-8cdc-4162-886c-d4ebbb741044
2016-04-11 16:46:15 INFO  TestLoadCSV:78 - Document succesfully formatted: {"catalog#":"BFG 0077-2","artist":"Bound For Glory","title":"Behold The Iron Cross","label":"BFG Productions","format":"CD-Album","rating":"5","released":"1996","release_id":"1660691","collectionfolder":"R.A.C","date added":"2011-05-11 12:09:32","collection style":"R.A.C"} an inserted into database with id: fffa189d-4176-4848-ba30-8b33f7b27ac0
2016-04-11 16:46:15 INFO  TestLoadCSV:78 - Document succesfully formatted: {"catalog#":"BHCD-41","artist":"Freikorps","title":"Volk Und Vaterland","label":"BHCD","format":"CD-Album","rating":"4","released":"1998","release_id":"1346389","collectionfolder":"R.A.C","date added":"2013-08-14 05:58:40","collection style":"R.A.C"} an inserted into database with id: 22ffbccf-0717-4aeb-9bbb-cd018fcfa408
2016-04-11 16:46:15 INFO  TestLoadCSV:78 - Document succesfully formatted: {"catalog#":"WIKAD 46","artist":"The Cramps","title":"A Date With Elvis","label":"Big Beat Records","format":"LP-Album-RE-Sev","released":"2013","release_id":"4742802","collectionfolder":"R´N´R","date added":"2015-08-08 12:39:06"} an inserted into database with id: 7da8a221-b737-4604-a6ad-5add9985daab
2016-04-11 16:46:15 INFO  TestLoadCSV:78 - Document succesfully formatted: {"catalog#":"BLR/CD 027","artist":"Necromantia","title":"Covering Evil (12 Years Doing The Devil's Work)","label":"Black Lotus Records","format":"2xCD-Comp","released":"2001","release_id":"3211375","collectionfolder":"Black Metal","date added":"2016-02-14 11:36:32"} an inserted into database with id: 19919476-6d94-4d10-a854-1413e70f8f18
2016-04-11 16:46:15 INFO  TestLoadCSV:78 - Document succesfully formatted: {"catalog#":"BLR/CD 015-BLR CD015","artist":"Necromantia","title":"IV: Malice","label":"Black Lotus Records-Black Lotus Records","format":"CD-Album","rating":"5","released":"2000","release_id":"367905","collectionfolder":"Black Metal","date added":"2011-08-21 07:10:25","collection style":"Black Metal"} an inserted into database with id: da28884a-d209-4538-8315-8e58c51013e1
2016-04-11 16:46:15 INFO  TestLoadCSV:78 - Document succesfully formatted: {"catalog#":"none","artist":"Intolleranza","title":"Tutti All' Inferno","label":"Black Shirts Records","format":"LP-Album-Ltd-Num-RE-Whi","released":"2015","release_id":"8027794","collectionfolder":"R.A.C","date added":"2016-02-09 10:46:36"} an inserted into database with id: a07df179-9ed3-46d1-ae36-74906c9c35be
2016-04-11 16:46:15 INFO  TestLoadCSV:78 - Document succesfully formatted: {"catalog#":"BS 003","artist":"Various","title":"Slatanic Slaughter A Tribute To Slayer","label":"Black Sun Records","format":"CD-Comp","rating":"5","released":"1995","release_id":"1135797","collectionfolder":"Death Metal","date added":"2011-05-28 06:27:49","collection style":"Death Metal"} an inserted into database with id: 6c8614ef-ed04-47b5-97f2-69b8e26d772d
2016-04-11 16:46:15 INFO  TestLoadCSV:78 - Document succesfully formatted: {"catalog#":"BS 006-BS006","artist":"Various","title":"Slatanic Slaughter II A Tribute To Slayer","label":"Black Sun Records-Black Sun Records","format":"CD-Comp","rating":"5","released":"1996","release_id":"1135807","collectionfolder":"Death Metal","date added":"2011-05-28 06:28:11","collection style":"Death Metal"} an inserted into database with id: 78318559-6bb4-4256-9989-184df498c0fb
2016-04-11 16:46:15 INFO  TestLoadCSV:78 - Document succesfully formatted: {"catalog#":"BLCKND002","artist":"Metallica","title":"Quebec Magnetic","label":"Blackened Recordings","format":"Blu-ray-Multichannel","rating":"4","released":"2012","release_id":"4141240","collectionfolder":"Trash Metal","date added":"2013-08-14 06:21:57","collection style":"Trash Metal"} an inserted into database with id: 9d4756d5-b888-47be-98f7-1934a0920d52
2016-04-11 16:46:15 INFO  TestLoadCSV:78 - Document succesfully formatted: {"catalog#":"BLCKND011-1","artist":"Metallica","title":"Load","label":"Blackened Recordings","format":"2xLP-Album-RE","released":"2015","release_id":"7276020","collectionfolder":"Trash Metal","date added":"2015-08-22 00:56:51"} an inserted into database with id: 3796c1d9-5e30-44bc-bd9d-38c8d94a7be9
2016-04-11 16:46:15 INFO  TestLoadCSV:78 - Document succesfully formatted: {"catalog#":"9031-76554-2","artist":"The Jesus And Mary Chain","title":"Honey's Dead","label":"Blanco Y Negro","format":"CD-Album","rating":"5","released":"1992","release_id":"392018","collectionfolder":"Gothic","date added":"2011-05-17 13:58:05"} an inserted into database with id: db89afc1-a283-4a71-83aa-53b340712765
2016-04-11 16:46:15 INFO  TestLoadCSV:78 - Document succesfully formatted: {"catalog#":"MXCD 1843 (CS) CTV","artist":"The Prodigy","title":"Invaders Must Die","label":"Blanco Y Negro (2)","format":"CD-Album + DVD-V-NTSC","rating":"4","released":"2009","release_id":"1664081","collectionfolder":"Rave","date added":"2011-05-30 13:26:53"} an inserted into database with id: 2ed24c24-d6f3-48a4-bfc5-8968946c7a6a
2016-04-11 16:46:15 INFO  TestLoadCSV:78 - Document succesfully formatted: {"catalog#":"2292-46221-2-246 221-2","artist":"The Jesus And Mary Chain","title":"Automatic","label":"Blanco Y Negro-Blanco Y Negro","format":"CD-Album","rating":"3","released":"1989","release_id":"392019","collectionfolder":"Gothic","date added":"2011-05-17 13:57:53"} an inserted into database with id: 1470ed25-2123-4bbf-b36a-806b19afaa8d
2016-04-11 16:46:15 INFO  TestLoadCSV:78 - Document succesfully formatted: {"catalog#":"none","artist":"Kaiserbund","title":"Euromatrice Type 1.7","label":"Bleu Blanc Rock","format":"CD-Album","rating":"3","released":"2000","release_id":"2395523","collectionfolder":"Electronic","date added":"2013-08-21 00:36:17","collection style":"Industrial"} an inserted into database with id: e7f27558-cae7-41de-9af9-4667ba1968aa
2016-04-11 16:46:15 INFO  TestLoadCSV:78 - Document succesfully formatted: {"catalog#":"blood rec. 002","artist":"Territory (6)-The Time Machine","title":"Blood Records (6)","label":"CD-Album","rating":"2002","released":"5056679","release_id":"R.A.C","collectionfolder":"2016-02-11 22:51:26"} an inserted into database with id: b7df93c4-346b-42bc-8539-77529c51c1b4
2016-04-11 16:46:15 INFO  TestLoadCSV:78 - Document succesfully formatted: {"catalog#":"BHV-16790-1","artist":"The Black Angels","title":"Indigo Meadow","label":"Blue Horizon (3)","format":"LP-Album","released":"2013","release_id":"4427565","collectionfolder":"Stoner Rock","date added":"2015-07-30 23:25:22"} an inserted into database with id: 0ef80622-b190-47dd-a56d-3a8396dabc08
2016-04-11 16:46:15 INFO  TestLoadCSV:78 - Document succesfully formatted: {"catalog#":"74321 96179 2-none","artist":"Paradise Lost","title":"Symbol Of Life","label":"BMG Berlin Musik Gmbh-Supersonic Records (2)","format":"CD-Album-Ltd-Copy Prot.-Dig","rating":"4","released":"2002","release_id":"1096525","collectionfolder":"Gothic","date added":"2011-05-11 14:07:59"} an inserted into database with id: 5672321f-8af7-4e68-9a67-68861a4f797f
2016-04-11 16:46:15 INFO  TestLoadCSV:78 - Document succesfully formatted: {"catalog#":"74321 68596 2-GUN 185","artist":"Rage (6)","title":"Ghosts","label":"BMG-GUN Records (2)","format":"CD-Album","rating":"5","released":"1999","release_id":"554694","collectionfolder":"Power Metal","date added":"2011-08-21 06:53:37","collection style":"Power Metal"} an inserted into database with id: d0552358-a682-46d7-9ef4-e9c8c06f99d3
2016-04-11 16:46:15 INFO  TestLoadCSV:78 - Document succesfully formatted: {"catalog#":"BULL 70099 CD","artist":"Alta Tensión","title":"La Historia Continúa","label":"Bronco Bullfrog Records","format":"CD-Album","rating":"1","released":"1999","release_id":"1141200","collectionfolder":"Oi!","date added":"2013-09-03 23:32:16","collection style":"Oi!"} an inserted into database with id: e346e3cf-500f-41b3-a3cf-0579d4a2843f
2016-04-11 16:46:15 INFO  TestLoadCSV:78 - Document succesfully formatted: {"catalog#":"BMGRM022LP","artist":"Motörhead","title":"Overkill","label":"Bronze-BMG-Sanctuary Records","format":"LP-Album-RE-180","released":"2015","release_id":"8071969","collectionfolder":"Uncategorized","date added":"2016-03-20 01:55:40"} an inserted into database with id: 8089baf9-b6ca-4952-9b3b-f78ab0ee535e
2016-04-11 16:46:15 INFO  TestLoadCSV:78 - Document succesfully formatted: {"catalog#":"CANDLE035CD","artist":"Emperor (2)","title":"IX Equilibrium","label":"Candlelight Records","format":"CD-Album","rating":"5","released":"1999","release_id":"372082","collectionfolder":"Black Metal","date added":"2013-08-22 23:44:08","collection style":"Black Metal"} an inserted into database with id: fb25fb43-4629-4bb2-a3e5-2c078546ab9d
2016-04-11 16:46:15 INFO  TestLoadCSV:78 - Document succesfully formatted: {"catalog#":"CDL 0030 CD","artist":"Insomnium","title":"In The Halls Of Awaiting","label":"Candlelight Records USA","format":"CD-Album","rating":"2","released":"2004","release_id":"511451","collectionfolder":"Gothic","date added":"2011-05-17 13:50:57"} an inserted into database with id: c77d0f23-1739-4683-86e1-4e672dfc156d
2016-04-11 16:46:15 INFO  TestLoadCSV:78 - Document succesfully formatted: {"catalog#":"CDL 0258 CD","artist":"Candlemass","title":"Epicus Doomicus Metallicus","label":"Candlelight Records USA","format":"CD-Album-RE-RM + CD-RM","rating":"5","released":"2006","release_id":"1292597","collectionfolder":"Doom Metal","date added":"2011-05-29 04:46:21"} an inserted into database with id: 335eeb60-fbcc-4253-918e-2f526b4ca08d
2016-04-11 16:46:15 INFO  TestLoadCSV:78 - Document succesfully formatted: {"catalog#":"7243 4 96504 2 8","artist":"The Cramps","title":"Psychedelic Jungle","label":"Capitol Records-Zonophone","format":"CD-Album","rating":"5","released":"1998","release_id":"767392","collectionfolder":"R´N´R","date added":"2011-05-30 13:08:27","collection style":"R´N´R"} an inserted into database with id: 5bc9f1e0-cae2-4f30-a42e-8cbeb0460762
2016-04-11 16:46:15 INFO  TestLoadCSV:78 - Document succesfully formatted: {"catalog#":"AHOY CD1","artist":"The Last Resort","title":"A Way Of Life - Skinhead Anthems","label":"Captain Oi!","format":"CD-Album-RE","rating":"3","released":"1993","release_id":"395887","collectionfolder":"Oi!","date added":"2013-08-22 23:10:34","collection style":"Oi!"} an inserted into database with id: 954179eb-aefe-487f-a02a-54db85e4bf65
2016-04-11 16:46:15 INFO  TestLoadCSV:78 - Document succesfully formatted: {"catalog#":"none","artist":"Konkwista 88","title":"What Have You Done To The Cause?","label":"Celtic Sounds","format":"CDr-Album-Ltd-RE","rating":"4","released":"2003","release_id":"2869206","collectionfolder":"R.A.C","date added":"2011-09-11 05:47:05","collection style":"R.A.C"} an inserted into database with id: 61e0aad2-f507-4b30-9e90-339b82926c64
2016-04-11 16:46:15 INFO  TestLoadCSV:78 - Document succesfully formatted: {"catalog#":"77180-2","artist":"Tiamat","title":"A Deeper Kind Of Slumber","label":"Century Media","format":"CD-Album-Ltd-Dig","released":"1997","release_id":"422069","collectionfolder":"Doom Metal","date added":"2015-04-14 22:48:43"} an inserted into database with id: 9acdeb4b-f54b-44b3-8553-5f6ebb876526
2016-04-11 16:46:15 INFO  TestLoadCSV:78 - Document succesfully formatted: {"catalog#":"77190-2","artist":"Moonspell","title":"Sin / Pecado","label":"Century Media","format":"CD-Album","rating":"4","released":"1998","release_id":"469287","collectionfolder":"Gothic","date added":"2011-05-17 13:39:09"} an inserted into database with id: eb98bfe5-ad84-4475-b1a7-132a392a49dd
2016-04-11 16:46:15 INFO  TestLoadCSV:78 - Document succesfully formatted: {"catalog#":"77298-2","artist":"The Gathering","title":"If_then_else","label":"Century Media","format":"CD-Album-Dig","rating":"5","released":"2000","release_id":"369077","collectionfolder":"Gothic","date added":"2011-05-17 13:40:58"} an inserted into database with id: af4222cc-6e69-43b1-81d5-212e183ca28e
2016-04-11 16:46:15 INFO  TestLoadCSV:78 - Document succesfully formatted: {"catalog#":"77460-2","artist":"Lacuna Coil","title":"Comalies","label":"Century Media","format":"CD-Album-Enh","rating":"3","released":"2002","release_id":"1808215","collectionfolder":"Gothic","date added":"2011-05-17 13:42:32"} an inserted into database with id: d6a616ac-3b53-4d7d-a031-672c9a57850e
2016-04-11 16:46:15 INFO  TestLoadCSV:78 - Document succesfully formatted: {"catalog#":"77490-2","artist":"Moonspell","title":"The Antidote","label":"Century Media","format":"CD-Album-Enh","rating":"4","released":"2003","release_id":"549222","collectionfolder":"Gothic","date added":"2011-05-17 13:39:32"} an inserted into database with id: 05211ac6-9a27-4a11-acf3-897f362a760d
2016-04-11 16:46:15 INFO  TestLoadCSV:78 - Document succesfully formatted: {"catalog#":"77500-2","artist":"Celtic Frost","title":"Monotheist","label":"Century Media","format":"CD-Album","rating":"5","released":"2006","release_id":"1081746","collectionfolder":"Black-Trash Metal","date added":"2011-05-12 10:30:50"} an inserted into database with id: f2094e87-c5e8-42ce-a1a3-74537f1085d5
2016-04-11 16:46:15 INFO  TestLoadCSV:78 - Document succesfully formatted: {"catalog#":"77637-2","artist":"Paradise Lost","title":"In Requiem","label":"Century Media","format":"CD-Album","rating":"3","released":"2007","release_id":"1602041","collectionfolder":"Gothic","date added":"2011-05-11 11:58:23"} an inserted into database with id: 7d9a4356-0fa7-448a-a7db-6eb6affc5efe
2016-04-11 16:46:15 INFO  TestLoadCSV:78 - Document succesfully formatted: {"catalog#":"77663-3","artist":"Paradise Lost","title":"The Enemy","label":"Century Media","format":"CD-Single-Enh","rating":"3","released":"2007","release_id":"1295270","collectionfolder":"Gothic","date added":"2011-05-11 12:03:20"} an inserted into database with id: 389203dd-c292-448e-9ffb-8cb30c9bbe83
2016-04-11 16:46:15 INFO  TestLoadCSV:78 - Document succesfully formatted: {"catalog#":"77712-1","artist":"Paradise Lost","title":"In Requiem","label":"Century Media","format":"LP-Album","rating":"3","released":"2007","release_id":"1046034","collectionfolder":"Gothic","date added":"2011-05-11 11:58:30"} an inserted into database with id: 2916161d-1108-433a-b294-986fd9f556e9
2016-04-11 16:46:15 INFO  TestLoadCSV:78 - Document succesfully formatted: {"catalog#":"77741-9","artist":"Paradise Lost","title":"Over The Madness","label":"Century Media","format":"2xDVD-Ltd","rating":"2","released":"2007","release_id":"1295312","collectionfolder":"Gothic","date added":"2011-05-11 12:04:40"} an inserted into database with id: 41071632-5ea0-4b30-ade4-d9e264517d93
2016-04-11 16:46:15 INFO  TestLoadCSV:78 - Document succesfully formatted: {"catalog#":"7797-2","artist":"Moonspell","title":"Wolfheart","label":"Century Media","format":"CD-Album","rating":"5","released":"1995","release_id":"1819310","collectionfolder":"Gothic","date added":"2011-05-17 13:38:46"} an inserted into database with id: 7a5713c7-3786-4095-a56a-4354a5b062c9
2016-04-11 16:46:15 INFO  TestLoadCSV:78 - Document succesfully formatted: {"catalog#":"7968-2","artist":"The Gathering","title":"How To Measure A Planet?","label":"Century Media","format":"2xCD-Album","rating":"5","released":"1999","release_id":"1120783","collectionfolder":"Gothic","date added":"2011-05-17 13:40:35"} an inserted into database with id: 8cd2e444-e41d-466d-b438-ace85528107f
2016-04-11 16:46:15 INFO  TestLoadCSV:78 - Document succesfully formatted: {"catalog#":"8764-2","artist":"Vallenfyre","title":"A Fragile King","label":"Century Media","format":"CD-Album","rating":"5","released":"2011","release_id":"3418834","collectionfolder":"Death Metal","date added":"2012-10-07 07:07:17","collection style":"Death Metal"} an inserted into database with id: 44c8d1ae-f8d2-486a-a75b-c35f95a5ee6b
2016-04-11 16:46:15 INFO  TestLoadCSV:78 - Document succesfully formatted: {"catalog#":"9977709","artist":"Paradise Lost","title":"The Anatomy Of Melancholy","label":"Century Media","format":"2xDVD-V-NTSC + 2xCD-Album + Box-Ltd","rating":"3","released":"2008","release_id":"1346639","collectionfolder":"Gothic","date added":"2011-05-11 11:59:02"} an inserted into database with id: f2d97b49-7e05-4bc3-a4f8-ab4e44de3cd6
2016-04-11 16:46:15 INFO  TestLoadCSV:78 - Document succesfully formatted: {"catalog#":"9981159","artist":"Paradise Lost","title":"Draconian Times MMXI","label":"Century Media","format":"2xDVD-V-NTSC-Dlx-Ltd + CD-Album","rating":"4","released":"2011","release_id":"3262566","collectionfolder":"Gothic","date added":"2012-02-29 22:59:24"} an inserted into database with id: ad078ed4-e571-48a2-a2ed-b49163a37ab0
2016-04-11 16:46:15 INFO  TestLoadCSV:78 - Document succesfully formatted: {"catalog#":"9981590","artist":"Paradise Lost","title":"Tragic Idol","label":"Century Media","format":"CD-Album-Dig + CD-EP + Box-Ltd","rating":"5","released":"2012","release_id":"3559959","collectionfolder":"Gothic","date added":"2012-04-25 23:24:25","collection style":"Gothic"} an inserted into database with id: fa2ce99d-f198-4d5c-917f-5b473e6987be
2016-04-11 16:46:15 INFO  TestLoadCSV:78 - Document succesfully formatted: {"catalog#":"9983531","artist":"Paradise Lost","title":"Tragic Illusion 25","label":"Century Media","format":"10-EP-Ltd + CD-Comp","released":"2013","release_id":"5073044","collectionfolder":"Doom Metal","date added":"2015-09-14 21:58:42"} an inserted into database with id: a9619f52-da35-4cc5-9d4b-7af8516921d4
2016-04-11 16:46:15 INFO  TestLoadCSV:78 - Document succesfully formatted: {"catalog#":"9983928","artist":"Vallenfyre","title":"Splinters","label":"Century Media","format":"CD-Album-Ltd-Dig","released":"2014","release_id":"5677173","collectionfolder":"Doom Metal","date added":"2014-06-03 07:52:01","collection style":"Death Metal"} an inserted into database with id: 2315882b-f6bd-4d1a-8e4f-30f831d3784f
2016-04-11 16:46:15 INFO  TestLoadCSV:78 - Document succesfully formatted: {"catalog#":"9985550","artist":"Paradise Lost","title":"The Plague Within","label":"Century Media","format":"CD-Album-Ltd-Med","released":"2015","release_id":"7064847","collectionfolder":"Doom Metal","date added":"2015-06-03 12:05:48"} an inserted into database with id: a4aaf180-8d46-4f07-937a-8c1af7a04057
2016-04-11 16:46:15 INFO  TestLoadCSV:78 - Document succesfully formatted: {"catalog#":"9985551","artist":"Paradise Lost","title":"The Plague Within","label":"Century Media","format":"LP + LP-S/Sided-Etch + Album-180","released":"2015","release_id":"7066288","collectionfolder":"Doom Metal","date added":"2015-06-03 11:51:59"} an inserted into database with id: 5fa8626f-0b2e-419b-81af-30b30d5613d2
2016-04-11 16:46:15 INFO  TestLoadCSV:78 - Document succesfully formatted: {"catalog#":"CMR7937 2","artist":"Mental Home","title":"Upon The Shores Of Inner Seas","label":"Century Media","format":"CD-Album","released":"2000","release_id":"5080571","collectionfolder":"Black Metal","date added":"2016-02-14 11:26:17"} an inserted into database with id: 03f09a23-ae1e-445a-8837-b4651c94ea7f
2016-04-11 16:46:15 INFO  TestLoadCSV:78 - Document succesfully formatted: {"catalog#":"77285-2D-77285-2LE","artist":"Dark Tranquillity","title":"Projector","label":"Century Media-Century Media","format":"CD-Album-Ltd-Dig","released":"1999","release_id":"1515787","collectionfolder":"Doom Metal","date added":"2015-04-14 22:50:26"} an inserted into database with id: 064e4277-06e2-48b3-9caa-3182ee766b15
2016-04-11 16:46:15 INFO  TestLoadCSV:78 - Document succesfully formatted: {"catalog#":"9962122-9962128","artist":"Exodus (6)","title":"Bonded By Blood","label":"Century Media-Century Media","format":"CD-Album-RM","released":"0","release_id":"3415598","collectionfolder":"Trash Metal","date added":"2014-06-03 07:48:24"} an inserted into database with id: 0c52c4ad-e700-4b0c-ae53-45f726ba560d
2016-04-11 16:46:15 INFO  TestLoadCSV:78 - Document succesfully formatted: {"catalog#":"998159-9981591","artist":"Paradise Lost","title":"Tragic Idol","label":"Century Media-Century Media","format":"LP-Album","rating":"5","released":"2012","release_id":"3550786","collectionfolder":"Gothic","date added":"2012-04-25 23:24:09","collection style":"Gothic"} an inserted into database with id: 56f7266a-86cb-4be3-8575-1bca7b1de387
2016-04-11 16:46:15 INFO  TestLoadCSV:78 - Document succesfully formatted: {"catalog#":"9979928-013","artist":"Triptykon","title":"Eparistera Daimones","label":"Century Media-Prowling Death Records","format":"CD-Album-Dig","rating":"5","released":"2010","release_id":"2196730","collectionfolder":"Doom Metal","date added":"2013-08-21 06:04:42","collection style":"R.A.C"} an inserted into database with id: fbf10145-769d-48d7-9261-f90335c8d17a
2016-04-11 16:46:15 INFO  TestLoadCSV:78 - Document succesfully formatted: {"catalog#":"9984200-016","artist":"Triptykon","title":"Melana Chasmata","label":"Century Media-Prowling Death Records","format":"CD-Album-Dlx-Med","released":"2014","release_id":"5630307","collectionfolder":"Doom Metal","date added":"2014-07-15 13:43:58"} an inserted into database with id: d2b472a7-eec2-4f77-9804-679d028e1bdc
2016-04-11 16:46:15 INFO  TestLoadCSV:78 - Document succesfully formatted: {"catalog#":"CMD9984261","artist":"Triptykon","title":"Breathing","label":"Century Media-Prowling Death Records","format":"7-Ltd-Red","released":"2014","release_id":"5493236","collectionfolder":"Doom Metal","date added":"2014-03-20 00:38:28","collection style":"Black-Trash Metal"} an inserted into database with id: 74d3dbba-8431-40e1-b826-a22c7d553663
2016-04-11 16:46:15 INFO  TestLoadCSV:78 - Document succesfully formatted: {"catalog#":"CD MRED 67","artist":"Laibach","title":"Nova Akropola","label":"Cherry Red","format":"CD-Album","rating":"5","released":"1988","release_id":"725102","collectionfolder":"Industrial","date added":"2011-05-17 13:34:57"} an inserted into database with id: dfcb523c-a919-43a7-b322-1405c755ad57
2016-04-11 16:46:15 INFO  TestLoadCSV:78 - Document succesfully formatted: {"catalog#":"CLP 0617-2","artist":"Christian Death","title":"Sex And Drugs And Jesus Christ","label":"Cleopatra","format":"CD-Album-RE","rating":"3","released":"1999","release_id":"543654","collectionfolder":"Gothic","date added":"2011-08-21 07:21:30","collection style":"Gothic"} an inserted into database with id: a0e30661-dbed-4057-9f72-4ee54be7254e
2016-04-11 16:46:15 INFO  TestLoadCSV:78 - Document succesfully formatted: {"catalog#":"CMI.63","artist":"Puissance","title":"Back In Control","label":"Cold Meat Industry","format":"CD-Album-Ltd","rating":"5","released":"1998","release_id":"147905","collectionfolder":"Ambiental","date added":"2011-10-03 23:23:51"} an inserted into database with id: 1599d5b9-ec42-4856-aa46-1206185d3d11
2016-04-11 16:46:15 INFO  TestLoadCSV:78 - Document succesfully formatted: {"catalog#":"COL 474913 2","artist":"Alice In Chains","title":"SAP","label":"Columbia","format":"CD-EP","rating":"3","released":"1993","release_id":"1158692","collectionfolder":"Hard Rock","date added":"2011-05-13 08:35:45","collection style":"Hard Rock"} an inserted into database with id: e7fb326f-4596-4621-830b-3ac7c0f260f3
2016-04-11 16:46:15 INFO  TestLoadCSV:78 - Document succesfully formatted: {"catalog#":"50148 9","artist":"Alice In Chains","title":"MTV Unplugged","label":"Columbia Music Video","format":"DVD-V-PAL","rating":"5","released":"1996","release_id":"596090","collectionfolder":"Hard Rock","date added":"2011-05-13 08:36:41","collection style":"Hard Rock"} an inserted into database with id: 7511d7cc-5455-4165-824a-840ac2f5c6f6
2016-04-11 16:46:15 INFO  TestLoadCSV:78 - Document succesfully formatted: {"catalog#":"COL 491784 2-491784 2-02-491784-10","artist":"Danzig","title":"Danzig II: Lucifuge","label":"Columbia-American Recordings-American Recordings","format":"CD-Album-RE- ","rating":"5","released":"1999","release_id":"917855","collectionfolder":"Hard Rock","date added":"2011-05-13 08:26:17","collection style":"Hard Rock"} an inserted into database with id: 8bfe5d3d-0c3b-4fb6-a979-ff5b8e7af972
2016-04-11 16:46:15 INFO  TestLoadCSV:78 - Document succesfully formatted: {"catalog#":"474855 2-COL 474855 2","artist":"Alice In Chains","title":"Jar Of Flies","label":"Columbia-Columbia","format":"CD-EP","rating":"5","released":"1994","release_id":"367640","collectionfolder":"Hard Rock","date added":"2011-05-13 08:35:58","collection style":"Hard Rock"} an inserted into database with id: e6771a21-af0c-4b4f-8167-68800bc6934c
2016-04-11 16:46:15 INFO  TestLoadCSV:78 - Document succesfully formatted: {"catalog#":"481114 2-COL 481114 2","artist":"Alice In Chains","title":"Alice In Chains","label":"Columbia-Columbia","format":"CD-Album","rating":"3","released":"1995","release_id":"382245","collectionfolder":"Hard Rock","date added":"2011-05-13 08:34:50","collection style":"Hard Rock"} an inserted into database with id: 4e6146a1-d27f-4688-a93a-7aeb7f86a86b
2016-04-11 16:46:15 INFO  TestLoadCSV:78 - Document succesfully formatted: {"catalog#":"467201 2-COL 467201 2-01-467201-10","artist":"Alice In Chains","title":"Facelift","label":"Columbia-Columbia-Columbia","format":"CD-Album-RE","rating":"4","released":"0","release_id":"982546","collectionfolder":"Hard Rock","date added":"2011-05-13 08:34:16","collection style":"Hard Rock"} an inserted into database with id: fe9e059c-fbf0-4abe-8b38-aeb222ff125c
2016-04-11 16:46:15 INFO  TestLoadCSV:78 - Document succesfully formatted: {"catalog#":"472330 2-COL 472330 2-01-472330-10","artist":"Alice In Chains","title":"Dirt","label":"Columbia-Columbia-Columbia","format":"CD-Album","rating":"3","released":"1992","release_id":"982536","collectionfolder":"Hard Rock","date added":"2011-05-13 08:34:33","collection style":"Hard Rock"} an inserted into database with id: c0b091bf-3e14-4f73-a616-e74d72a95460
2016-04-11 16:46:15 INFO  TestLoadCSV:78 - Document succesfully formatted: {"catalog#":"478507 2-COL 478507 2-01-478507-10","artist":"Mad Season","title":"Above","label":"Columbia-Columbia-Columbia","format":"CD-Album","rating":"5","released":"1995","release_id":"861755","collectionfolder":"Blues","date added":"2011-05-29 04:44:56"} an inserted into database with id: c605a118-4e9a-4063-8f49-059d1440762a
2016-04-11 16:46:15 INFO  TestLoadCSV:78 - Document succesfully formatted: {"catalog#":"MX 8020-MBR 1040","artist":"Slayer","title":"Hell Awaits","label":"Combat-Metal Blade Records","format":"LP-Album","rating":"4","released":"1985","release_id":"1026713","collectionfolder":"Trash Metal","date added":"2011-05-15 05:45:06"} an inserted into database with id: be3abcdf-9b22-4537-a6e0-1779534c09ce
2016-04-11 16:46:15 INFO  TestLoadCSV:78 - Document succesfully formatted: {"catalog#":"DARK  2","artist":"Autumn Tears","title":"Love Poems For Dying Children... Act II: The Garden Of Crystalline Dreams","label":"Dark Symphonies","format":"CD-Album-Sli","rating":"3","released":"1997","release_id":"888496","collectionfolder":"Ambiental","date added":"2011-05-28 06:24:03"} an inserted into database with id: 882f73db-e214-4875-aaca-d19f25e5c643
2016-04-11 16:46:15 INFO  TestLoadCSV:78 - Document succesfully formatted: {"catalog#":"DARK 9","artist":"Long Winters' Stare","title":"The Tears Of Odin's Fallen","label":"Dark Symphonies","format":"CD-Promo","rating":"5","released":"2000","release_id":"1992252","collectionfolder":"Gothic","date added":"2011-08-21 06:57:18"} an inserted into database with id: 95d2c915-b62b-415f-9db0-49174dd10577
2016-04-11 16:46:15 INFO  TestLoadCSV:78 - Document succesfully formatted: {"catalog#":"Anti-Mosh 006","artist":"Mayhem","title":"De Mysteriis Dom Sathanas","label":"Deathlike Silence Productions","format":"CD-Album","rating":"5","released":"1994","release_id":"382328","collectionfolder":"Black Metal","date added":"2011-05-15 06:04:07"} an inserted into database with id: ddd5a0c4-4bbb-4dae-9f97-4941118694e2
2016-04-11 16:46:15 INFO  TestLoadCSV:78 - Document succesfully formatted: {"catalog#":"ILLA CD-510","artist":"Decibelios","title":"Igual De Borrachos Pero Mucho Más Orgullosos ","label":"Decibelios Records","format":"CD-Album","rating":"3","released":"0","release_id":"3094587","collectionfolder":"Oi!","date added":"2013-08-22 22:48:06","collection style":"Oi!"} an inserted into database with id: 6e23f419-5635-4383-9f6f-b8a522171ccc
2016-04-11 16:46:15 INFO  TestLoadCSV:78 - Document succesfully formatted: {"catalog#":"846 871-2","artist":"Slayer","title":"Seasons In The Abyss","label":"Def American Recordings","format":"CD-Album","rating":"5","released":"1990","release_id":"406173","collectionfolder":"Trash Metal","date added":"2011-05-15 05:45:38"} an inserted into database with id: d7c2d145-de77-4fc0-b2c5-52d378945af1
2016-04-11 16:46:15 INFO  TestLoadCSV:78 - Document succesfully formatted: {"catalog#":"924203-1","artist":"Slayer","title":"South Of Heaven","label":"Def Jam Recordings-Geffen Records","format":"LP-Album","released":"1988","release_id":"3665962","collectionfolder":"Uncategorized","date added":"2016-03-12 23:56:15"} an inserted into database with id: 23784329-5b00-4da6-81bf-00e7b2a74608
2016-04-11 16:46:15 INFO  TestLoadCSV:78 - Document succesfully formatted: {"catalog#":"DSR0803","artist":"Ravens Wing","title":"Through The Looking Glass","label":"Destiny Records (10)","format":"CD-Album","rating":"5","released":"1997","release_id":"3075365","collectionfolder":"R.A.C","date added":"2011-08-28 08:51:44"} an inserted into database with id: 7f5ada08-5df1-4c3a-97c9-092507388b92
2016-04-11 16:46:15 INFO  TestLoadCSV:78 - Document succesfully formatted: {"catalog#":"DIKOCD021","artist":"Ken McLellan","title":"Don't Think Twice","label":"Dieter Koch","format":"CD-Album","rating":"1","released":"1999","release_id":"1637690","collectionfolder":"R.A.C","date added":"2013-08-20 23:56:04","collection style":"R.A.C"} an inserted into database with id: e999e430-b4e1-44a9-b8b4-2cbe38b65bc3
2016-04-11 16:46:15 INFO  TestLoadCSV:78 - Document succesfully formatted: {"catalog#":"DIM 031","artist":"Rabauken","title":"All' Die Jahre ...","label":"Dim Records","format":"CD-Album","released":"1996","release_id":"2706856","collectionfolder":"R.A.C","date added":"2016-02-14 11:24:54"} an inserted into database with id: 09a6dad4-96d1-470e-9ac2-211a09f1cbd4
2016-04-11 16:46:15 INFO  TestLoadCSV:78 - Document succesfully formatted: {"catalog#":"DIM 032","artist":"Midgårds Söner","title":"Nordens Kall","label":"Dim Records","format":"CD-Album-RE","rating":"1","released":"2002","release_id":"1629461","collectionfolder":"Oi!","date added":"2011-05-11 14:50:50"} an inserted into database with id: 1df0c37c-cd98-4fa5-b4a2-9db01136af1c
2016-04-11 16:46:15 INFO  TestLoadCSV:78 - Document succesfully formatted: {"catalog#":"DIM 036","artist":"Ultima Thule (2)","title":"Skinhead","label":"Dim Records","format":"CD-EP-Ltd","rating":"5","released":"1996","release_id":"2196368","collectionfolder":"R.A.C","date added":"2011-05-23 13:16:46"} an inserted into database with id: 73e66f2b-c4f1-4053-b789-d9685ec5c1e5
2016-04-11 16:46:15 INFO  TestLoadCSV:78 - Document succesfully formatted: {"catalog#":"DIM 081","artist":"Gruesome","title":"Skin Survive Skin","label":"Dim Records","format":"CD-Album-RE","released":"2000","release_id":"5265936","collectionfolder":"Hard Rock","date added":"2014-03-31 00:47:53","collection style":"Hardcore"} an inserted into database with id: 9f62d124-5e08-48b6-ba49-94ab896f619d
2016-04-11 16:46:15 INFO  TestLoadCSV:78 - Document succesfully formatted: {"catalog#":"DIM 084","artist":"Ultima Thule (2)","title":"Once Upon A Time (A Collection Of Raven Tales)","label":"Dim Records","format":"CD-Album-RE","rating":"4","released":"2000","release_id":"2195444","collectionfolder":"R.A.C","date added":"2011-05-23 13:18:41"} an inserted into database with id: 76c5a50d-ca29-4c33-b248-69f8c9ddf9e4
2016-04-11 16:46:15 INFO  TestLoadCSV:78 - Document succesfully formatted: {"catalog#":"DHCD002","artist":"Dismal","title":"The New Bomb","label":"Division House","format":"CD-Album-Inc","rating":"4","released":"1998","release_id":"2916210","collectionfolder":"Death Metal","date added":"2011-06-03 13:51:21","collection style":"Death Metal"} an inserted into database with id: fe59129b-d6f6-48f7-ace7-b25692ff0c1e
2016-04-11 16:46:15 INFO  TestLoadCSV:78 - Document succesfully formatted: {"catalog#":"none","artist":"Nazgul","title":"When The Wolves Return To The Forest","label":"Drama And Sin Company-Battlefield Records","format":"CD-Album-Ltd-Num","rating":"3","released":"2000","release_id":"369378","collectionfolder":"Black Metal","date added":"2013-08-23 01:33:39","collection style":"Black Metal"} an inserted into database with id: d6f59186-6975-492e-919f-e2b54a24082b
2016-04-11 16:46:15 INFO  TestLoadCSV:78 - Document succesfully formatted: {"catalog#":"none","artist":"Ovaltinees","title":"Faith-Folk And Family","label":"Dreadlord Records","format":"CD-Album","rating":"5","released":"1997","release_id":"3274841","collectionfolder":"R.A.C","date added":"2013-01-30 22:52:13","collection style":"R.A.C"} an inserted into database with id: b3b9a980-5466-4b7f-a536-a7fe9433ecd7
2016-04-11 16:46:15 INFO  TestLoadCSV:78 - Document succesfully formatted: {"catalog#":"RED TK 107","artist":"Various","title":"Lords Of Oi!","label":"Dressed To Kill","format":"3xCD-Comp + Box","rating":"5","released":"1997","release_id":"2559333","collectionfolder":"Oi!","date added":"2011-05-28 06:26:35","collection style":"Oi!"} an inserted into database with id: edf64d71-5971-4988-b72b-befef35d75cc
2016-04-11 16:46:15 INFO  TestLoadCSV:78 - Document succesfully formatted: {"catalog#":"06301561402","artist":"Decibelios","title":"Caldo De Pollo","label":"DRO","format":"CD-Album-RE","rating":"5","released":"1996","release_id":"2831468","collectionfolder":"Oi!","date added":"2013-08-22 22:47:28","collection style":"Oi!"} an inserted into database with id: d436c15b-bd5b-4328-8c26-60ea2e5cf9f4
2016-04-11 16:46:15 INFO  TestLoadCSV:78 - Document succesfully formatted: {"catalog#":"EMA 6 1058-2","artist":"Samhain","title":"Unholy Passion","label":"E-Magine Entertainment","format":"CD-EP","rating":"5","released":"2001","release_id":"1347049","collectionfolder":"Punk","date added":"2011-05-12 10:35:08"} an inserted into database with id: ce2527e1-e6d3-43d2-afea-ba3a340eee60
2016-04-11 16:46:15 INFO  TestLoadCSV:78 - Document succesfully formatted: {"catalog#":"EMA 61013-2","artist":"Glenn Danzig","title":"Black Aria","label":"E-Magine Entertainment","format":"CD-Album-RE","rating":"4","released":"2000","release_id":"1045102","collectionfolder":"Gothic","date added":"2011-05-14 05:49:02"} an inserted into database with id: 53aa20ad-8f73-4069-af2f-331ead7a586b
2016-04-11 16:46:15 INFO  TestLoadCSV:78 - Document succesfully formatted: {"catalog#":"EMA 61011-2-none","artist":"Danzig","title":"Danzig 5: Blackacidevil","label":"E-Magine Entertainment-Evilive","format":"CD-Album-RE","rating":"3","released":"2000","release_id":"1376885","collectionfolder":"Hard Rock","date added":"2011-05-13 08:27:38","collection style":"Hard Rock"} an inserted into database with id: dabf9111-6cac-40a1-9c8a-e9e7df24156c
2016-04-11 16:46:15 INFO  TestLoadCSV:78 - Document succesfully formatted: {"catalog#":"EREDV 162","artist":"Metallica","title":"Metallica","label":"Eagle Vision","format":"DVD-PAL-DVD","rating":"3","released":"2001","release_id":"885772","collectionfolder":"Trash Metal","date added":"2011-05-15 04:31:50"} an inserted into database with id: 2225efcf-c29b-4cd2-8982-f60148d951d4
2016-04-11 16:46:15 INFO  TestLoadCSV:78 - Document succesfully formatted: {"catalog#":"MOSH 31 CD-MOSH 31CD","artist":"Morbid Angel","title":"Blessed Are The Sick","label":"Earache-Earache","format":"CD-Album-RE","rating":"4","released":"1995","release_id":"853860","collectionfolder":"Death Metal","date added":"2011-08-21 07:26:23","collection style":"Death Metal"} an inserted into database with id: b7f9adb6-110c-40df-b503-4232a14fcfb3
2016-04-11 16:46:15 INFO  TestLoadCSV:78 - Document succesfully formatted: {"catalog#":"61830-2","artist":"Down (3)","title":"NOLA","label":"EastWest","format":"CD-Album","rating":"5","released":"1995","release_id":"486527","collectionfolder":"Southern Rock","date added":"2011-05-15 06:29:19"} an inserted into database with id: acd1ea59-9d1d-4cb3-be93-659634c26824
2016-04-11 16:46:15 INFO  TestLoadCSV:78 - Document succesfully formatted: {"catalog#":"7559-61908-2","artist":"Pantera","title":"The Great Southern Trendkill","label":"EastWest","format":"CD-Album","rating":"5","released":"1996","release_id":"883913","collectionfolder":"Sludge Metal","date added":"2011-05-11 14:11:17"} an inserted into database with id: 9791e0bf-4cfe-4ff7-a915-e7f1c8818060
2016-04-11 16:46:15 INFO  TestLoadCSV:78 - Document succesfully formatted: {"catalog#":"7567-92302-4","artist":"Pantera","title":"Far Beyond Driven","label":"EastWest Records America","format":"Cass-Album","rating":"5","released":"1994","release_id":"1252439","collectionfolder":"Sludge Metal","date added":"2011-05-11 14:10:49"} an inserted into database with id: efe35010-6a01-4c0b-8f0f-e6ae9889a11c
2016-04-11 16:46:15 INFO  TestLoadCSV:78 - Document succesfully formatted: {"catalog#":"92302-2","artist":"Pantera","title":"Far Beyond Driven","label":"EastWest Records America","format":"CD-Album","rating":"5","released":"1994","release_id":"590308","collectionfolder":"Sludge Metal","date added":"2011-05-11 14:10:28"} an inserted into database with id: 39d06c14-e941-4c16-8ced-5fba439f2eda
2016-04-11 16:46:15 INFO  TestLoadCSV:78 - Document succesfully formatted: {"catalog#":"4509-93579-2","artist":"The Sisters Of Mercy","title":"Greatest Hits Volume One - A Slight Case Of Overbombing","label":"eastwest-Merciful Release","format":"CD-Comp","rating":"5","released":"1993","release_id":"240100","collectionfolder":"Gothic","date added":"2011-05-30 13:38:53"} an inserted into database with id: ba7964fd-d1ef-4257-a1a6-f171821d5bbf
2016-04-11 16:46:15 INFO  TestLoadCSV:78 - Document succesfully formatted: {"catalog#":"GS-0001-CD","artist":"7 Muelles","title":"¡No Te Cortes!","label":"El Güevo De La Selpiente Records","format":"CD-Album","rating":"3","released":"2000","release_id":"3209278","collectionfolder":"R.A.C","date added":"2013-08-20 23:39:24","collection style":"R.A.C"} an inserted into database with id: e0cfe51b-1090-4513-8b6e-d86b2233a8ad
2016-04-11 16:46:15 INFO  TestLoadCSV:78 - Document succesfully formatted: {"catalog#":"ER10","artist":"Sturmführer","title":"Ich Kämpfe","label":"Elegy Records","format":"CD-Album-Ltd","released":"2002","release_id":"680739","collectionfolder":"Ambiental","date added":"2016-02-14 11:27:59"} an inserted into database with id: 2e2f1da8-816f-4500-94b3-e9633d94843f
2016-04-11 16:46:15 INFO  TestLoadCSV:78 - Document succesfully formatted: {"catalog#":"ER10","artist":"Primitive Supremacy","title":"Melody And Madness","label":"Elegy Records","format":"CD-Album","released":"2002","release_id":"3242556","collectionfolder":"Ambiental","date added":"2016-02-14 11:28:07"} an inserted into database with id: 398b8ce8-fa07-422c-94d2-356417a2761e
2016-04-11 16:46:15 INFO  TestLoadCSV:78 - Document succesfully formatted: {"catalog#":"62299-2","artist":"Metallica","title":"Garage Inc.","label":"Elektra","format":"2xCD-Album-Comp","rating":"3","released":"1998","release_id":"421601","collectionfolder":"Trash Metal","date added":"2011-05-15 04:29:04"} an inserted into database with id: 2fdae63b-6bea-4057-bc26-5f67272af617
2016-04-11 16:46:15 INFO  TestLoadCSV:78 - Document succesfully formatted: {"catalog#":"62745-2","artist":"Down (3)","title":"Down II (A Bustle In Your Hedgerow...)","label":"Elektra","format":"CD-Album","rating":"5","released":"2002","release_id":"538495","collectionfolder":"Southern Rock","date added":"2011-05-15 06:29:50"} an inserted into database with id: 07b45bc2-0c84-4f28-8062-c0be7b9daf65
2016-04-11 16:46:15 INFO  TestLoadCSV:78 - Document succesfully formatted: {"catalog#":"7559-61204-2","artist":"Mötley Crüe","title":"Decade Of Decadence '81-'91","label":"Elektra","format":"CD-Comp","rating":"5","released":"1991","release_id":"1098647","collectionfolder":"Glam","date added":"2011-05-23 11:20:03"} an inserted into database with id: cd0f0fe7-19ef-45a9-a4d0-9739dc1e65b0
2016-04-11 16:46:15 INFO  TestLoadCSV:78 - Document succesfully formatted: {"catalog#":"7559-62451-2","artist":"Pantera","title":"Reinventing The Steel","label":"Elektra","format":"CD-Album","rating":"4","released":"2000","release_id":"1231710","collectionfolder":"Sludge Metal","date added":"2011-05-11 14:11:42"} an inserted into database with id: 6a2b3bec-579c-4b16-9be2-ba4eb366e183
2016-04-11 16:46:15 INFO  TestLoadCSV:78 - Document succesfully formatted: {"catalog#":"7559-74042-2","artist":"MC5","title":"Kick Out The Jams","label":"Elektra","format":"CD-Album-RE","released":"1992","release_id":"452520","collectionfolder":"Punk Rock","date added":"2016-02-14 11:22:37"} an inserted into database with id: 97ff0afb-79ac-45dc-92b1-6323bf6a0883
2016-04-11 16:46:15 INFO  TestLoadCSV:78 - Document succesfully formatted: {"catalog#":"960 725-2-60725-2","artist":"Mötley Crüe","title":"Girls-Girls-Girls","label":"Elektra-Elektra","format":"CD-Album","rating":"5","released":"1987","release_id":"1549759","collectionfolder":"Glam","date added":"2011-05-23 11:18:55"} an inserted into database with id: fee2c6c2-4ad0-4e5d-ad60-467d7728d618
2016-04-11 16:46:15 INFO  TestLoadCSV:78 - Document succesfully formatted: {"catalog#":"8536-40218-2","artist":"Metallica With Michael Kamen Conducting The San Francisco Symphony Orchestra","title":"S&M","label":"Elektra-Warner Music Vision","format":"2xDVD-PAL-Multichannel","rating":"5","released":"2000","release_id":"1153165","collectionfolder":"Trash Metal","date added":"2011-05-15 04:29:40"} an inserted into database with id: 137fb2af-4db8-454c-a76d-805a52e5f746
2016-04-11 16:46:15 INFO  TestLoadCSV:78 - Document succesfully formatted: {"catalog#":"7243 5 30031 2 8","artist":"Hawkwind","title":"Doremi Fasol Latido","label":"EMI","format":"CD-Album-RE-RM","released":"2001","release_id":"513109","collectionfolder":"Stoner Rock","date added":"2015-01-28 07:50:29"} an inserted into database with id: 59b7dcdf-5855-43fb-9f45-03966cd9ffe7
2016-04-11 16:46:15 INFO  TestLoadCSV:78 - Document succesfully formatted: {"catalog#":"7243 8 89714 2 3","artist":"Paradise Lost","title":"Fader","label":"EMI","format":"CD-Maxi","rating":"4","released":"2001","release_id":"1250163","collectionfolder":"Gothic","date added":"2011-05-11 12:02:54"} an inserted into database with id: 50513d47-c077-4a49-9721-bd62dd467f6f
2016-04-11 16:46:15 INFO  TestLoadCSV:78 - Document succesfully formatted: {"catalog#":"7243 8 55308 2 1","artist":"The Tea Party","title":"Transmission","label":"EMI Music Canada","format":"CD-Album","rating":"5","released":"1997","release_id":"1033020","collectionfolder":"Industrial","date added":"2013-08-21 06:09:05","collection style":"Industrial"} an inserted into database with id: 0abe1485-bf4a-49b7-90e5-5b7deec4ce06
2016-04-11 16:46:15 INFO  TestLoadCSV:78 - Document succesfully formatted: {"catalog#":"0777 97718 2 0","artist":"George Thorogood & The Destroyers","title":"The Baddest Of George Thorogood And The Destroyers","label":"EMI Records USA","format":"CD-Comp","rating":"5","released":"1992","release_id":"1611575","collectionfolder":"Blues Rock","date added":"2011-06-04 05:54:07"} an inserted into database with id: ed23da36-2acf-4f0f-bb4c-5d3b32c16dc2
2016-04-11 16:46:15 INFO  TestLoadCSV:78 - Document succesfully formatted: {"catalog#":"140 79 9161 1","artist":"Iron Maiden","title":"Fear Of The Dark","label":"EMI-Odeon-S.A.","format":"2xLP-Album-Gat","released":"1992","release_id":"2257529","collectionfolder":"Heavy Metal","date added":"2016-02-14 11:46:41"} an inserted into database with id: d203c629-c951-41a4-9b43-a757abf5c5bb
2016-04-11 16:46:15 INFO  TestLoadCSV:78 - Document succesfully formatted: {"catalog#":"07243 5 21299 2 8-07243 521299 2 8","artist":"Black Sabbath","title":"Headless Cross","label":"EMI-EMI","format":"CD-Album-RE","rating":"3","released":"1999","release_id":"556630","collectionfolder":"Heavy Metal","date added":"2011-08-21 06:56:05"} an inserted into database with id: f7e894ae-b954-493b-82a7-99174caa8d7e
2016-04-11 16:46:15 INFO  TestLoadCSV:78 - Document succesfully formatted: {"catalog#":"7243 5 30707 2 4-530 7072","artist":"Paradise Lost","title":"Believe In Nothing","label":"EMI-EMI","format":"CD-Album","rating":"3","released":"2001","release_id":"511776","collectionfolder":"Gothic","date added":"2011-05-11 11:57:22"} an inserted into database with id: 8122bd4e-d2cb-4129-a235-6fb19a1fbc30
2016-04-11 16:46:15 INFO  TestLoadCSV:78 - Document succesfully formatted: {"catalog#":"7243 4 99947 2 0-0 7243 4 999 47 2 0-0-7243-4 99","artist":"Paradise Lost","title":"Host","label":"EMI-EMI-EMI-EMI","format":"CD-Album","rating":"5","released":"1999","release_id":"459622","collectionfolder":"Gothic","date added":"2011-05-11 11:57:10"} an inserted into database with id: 33abad18-2685-41a6-859f-4ebbb49548d8
2016-04-11 16:46:15 INFO  TestLoadCSV:78 - Document succesfully formatted: {"catalog#":"004099","artist":"Kreuzfeuer","title":"Blut Für Blut","label":"Endzeit Klänge","format":"CD-Album","rating":"3","released":"2000","release_id":"2407239","collectionfolder":"R.A.C","date added":"2011-05-17 14:16:17"} an inserted into database with id: 466b337d-f2c1-40e5-8dc6-a11565abedb5
2016-04-11 16:46:15 INFO  TestLoadCSV:78 - Document succesfully formatted: {"catalog#":"EK002099","artist":"Various","title":"Endzeit - Was Gut Ist-Kommt Wieder!","label":"Endzeit Klänge","format":"CD-Comp","rating":"3","released":"2002","release_id":"4277192","collectionfolder":"R.A.C","date added":"2013-08-18 05:25:46","collection style":"R.A.C"} an inserted into database with id: a763a1c9-3d4b-4764-89e1-a3b29fc7e315
2016-04-11 16:46:15 INFO  TestLoadCSV:78 - Document succesfully formatted: {"catalog#":"ezk01103","artist":"Might Of Rage","title":"Out Of Hand","label":"Endzeit Klänge","format":"CD-Album","rating":"4","released":"2003","release_id":"3037538","collectionfolder":"R.A.C","date added":"2011-08-08 06:57:58","collection style":"R.A.C"} an inserted into database with id: eaf56f9b-294a-4662-89ad-c3e9fd99d899
2016-04-11 16:46:15 INFO  TestLoadCSV:78 - Document succesfully formatted: {"catalog#":"MCD EK003099","artist":"Might Of Rage","title":"When The Storm Comes Down","label":"Endzeit Klänge","format":"CD-EP","rating":"5","released":"1999","release_id":"2919148","collectionfolder":"R.A.C","date added":"2011-06-05 11:01:41","collection style":"R.A.C"} an inserted into database with id: d715d80c-c25e-48a9-b417-59bbb6979102
2016-04-11 16:46:15 INFO  TestLoadCSV:78 - Document succesfully formatted: {"catalog#":"CD EK006000-none","artist":"Before God","title":"Under The Blood Banner","label":"Endzeit Klänge-BFG Productions","format":"CD-Album-DIG","rating":"4","released":"2000","release_id":"584961","collectionfolder":"R.A.C","date added":"2011-05-11 12:07:46","collection style":"R.A.C"} an inserted into database with id: 337bd6ec-2017-4844-9ee2-2615b55ac4c8
2016-04-11 16:46:15 INFO  TestLoadCSV:78 - Document succesfully formatted: {"catalog#":"ET 66649","artist":"Fight","title":"A Small Deadly Space","label":"Epic","format":"Cass-Album","released":"1995","release_id":"3911830","collectionfolder":"Sludge Metal","date added":"2015-04-15 22:12:59"} an inserted into database with id: 6f4e09cf-bc62-4a35-92fd-e083bd7f31cd
2016-04-11 16:46:15 INFO  TestLoadCSV:78 - Document succesfully formatted: {"catalog#":"471343 2-EPC 471343 2","artist":"Social Distortion","title":"Somewhere Between Heaven And Hell","label":"Epic-Epic","format":"CD-Album","rating":"4","released":"1992","release_id":"386710","collectionfolder":"Punk Rock","date added":"2011-05-14 06:17:46"} an inserted into database with id: 9f34606a-5410-40a3-bd89-77065d3d07bb
2016-04-11 16:46:15 INFO  TestLoadCSV:78 - Document succesfully formatted: {"catalog#":"471723 2-EPC 471723 2","artist":"Motörhead","title":"March Ör Die","label":"Epic-Epic","format":"CD-Album","released":"1992","release_id":"3091938","collectionfolder":"Uncategorized","date added":"2016-03-12 13:05:38"} an inserted into database with id: b3fa0d6f-285b-47ed-8fa3-a13fee034780
2016-04-11 16:46:15 INFO  TestLoadCSV:78 - Document succesfully formatted: {"catalog#":"EPC 510130 2-510 130 2","artist":"Audioslave","title":"Audioslave","label":"Epic-Interscope Records","format":"CD-Album","released":"2002","release_id":"403095","collectionfolder":"Hard Rock","date added":"2016-02-14 11:13:36"} an inserted into database with id: d4f7883e-abb0-4626-bb08-bba8bd1271e9
2016-04-11 16:46:15 INFO  TestLoadCSV:78 - Document succesfully formatted: {"catalog#":"ESM CD 330-GAS 0000330ESM","artist":"Black Sabbath","title":"Heaven And Hell","label":"Essential-Essential","format":"CD-Album-RE-RM","released":"1996","release_id":"780431","collectionfolder":"Heavy Metal","date added":"2015-04-13 12:37:19"} an inserted into database with id: e6b938ec-96ff-4dbd-ad4d-893c13be30a6
2016-04-11 16:46:15 INFO  TestLoadCSV:78 - Document succesfully formatted: {"catalog#":"ED-1","artist":"Graveland","title":"Carpathian Wolves","label":"Eternal Devils","format":"CD-Album","rating":"3","released":"1994","release_id":"369742","collectionfolder":"Black Metal","date added":"2013-08-21 00:31:48","collection style":"Black Metal"} an inserted into database with id: 46b29e8f-7caa-4d99-a80a-ad57214c204d
2016-04-11 16:46:15 INFO  TestLoadCSV:78 - Document succesfully formatted: {"catalog#":"EVERCD 039","artist":"The Prodigy","title":"The Fat Of The Land","label":"Everlasting Records (2)","format":"CD-Album","rating":"5","released":"1997","release_id":"332597","collectionfolder":"Rave","date added":"2011-05-30 13:24:48"} an inserted into database with id: 416cfc35-c7c1-4596-89d6-1f36bf1c9597
2016-04-11 16:46:15 INFO  TestLoadCSV:78 - Document succesfully formatted: {"catalog#":"EOR006-EOR006CD","artist":"Conqueror (2)","title":"War Cult Supremacy","label":"Evil Omen Records-Evil Omen Records","format":"CD-Album-Ltd","released":"1999","release_id":"1889613","collectionfolder":"Black Metal","date added":"2015-04-14 22:54:09"} an inserted into database with id: e8de33f7-a837-405c-a987-1ab2aaa8e4d3
2016-04-11 16:46:15 INFO  TestLoadCSV:78 - Document succesfully formatted: {"catalog#":"EVIL99","artist":"Danzig","title":"The Lost Tracks Of Danzig","label":"Evilive-Megaforce Records","format":"2xCD-Comp","rating":"4","released":"2007","release_id":"1027658","collectionfolder":"Hard Rock","date added":"2011-05-13 08:28:42","collection style":"Hard Rock"} an inserted into database with id: ccd177d0-baa3-4410-ad59-e598a3ac0725
2016-04-11 16:46:15 INFO  TestLoadCSV:78 - Document succesfully formatted: {"catalog#":"CD-FA 3220-CDM 7 92025 2 ·","artist":"Hawkwind","title":"Masters Of The Universe","label":"Fame-EMI","format":"CD-Comp","released":"1989","release_id":"2576982","collectionfolder":"Stoner Rock","date added":"2014-09-14 11:29:32"} an inserted into database with id: dd0f5066-6e36-4bac-9533-c4e8686a39ba
2016-04-11 16:46:15 INFO  TestLoadCSV:78 - Document succesfully formatted: {"catalog#":"FF 006","artist":"Kreuzfeuer","title":"Zurück-Um Zu Verletzen","label":"Foier Frei","format":"CD-Album","rating":"2","released":"1998","release_id":"4154064","collectionfolder":"R.A.C","date added":"2013-01-08 00:57:49","collection style":"R.A.C"} an inserted into database with id: 8522815b-68c5-4a34-9e22-502ece5bac82
2016-04-11 16:46:15 INFO  TestLoadCSV:78 - Document succesfully formatted: {"catalog#":"GBF 007","artist":"Axis (44)","title":"Agitate","label":"G.B.F. Records","format":"CD-Album","rating":"4","released":"2001","release_id":"3028106","collectionfolder":"R.A.C","date added":"2011-08-03 07:31:12","collection style":"R.A.C"} an inserted into database with id: 31cb237c-c3ab-430d-b6e1-b59170de78a0
2016-04-11 16:46:15 INFO  TestLoadCSV:78 - Document succesfully formatted: {"catalog#":"B0000918-09","artist":"Guns N' Roses","title":"Use Your Illusion I - World Tour - 1992 In Tokyo","label":"Geffen Records","format":"DVD-Kee","rating":"5","released":"2004","release_id":"612894","collectionfolder":"Hard Rock","date added":"2011-05-13 08:42:57","collection style":"Hard Rock"} an inserted into database with id: 7b80a548-669a-4b39-a899-710039435b53
2016-04-11 16:46:15 INFO  TestLoadCSV:78 - Document succesfully formatted: {"catalog#":"B0000920-09","artist":"Guns N' Roses","title":"Use Your Illusion II - World Tour - 1992 In Tokyo","label":"Geffen Records","format":"DVD-Kee","rating":"5","released":"2004","release_id":"630253","collectionfolder":"Hard Rock","date added":"2011-05-13 09:24:37","collection style":"Hard Rock"} an inserted into database with id: dacaf25f-3749-4e15-a9da-3672143033d0
2016-04-11 16:46:15 INFO  TestLoadCSV:78 - Document succesfully formatted: {"catalog#":"GED 24925","artist":"Manowar","title":"Louder Than Hell","label":"Geffen Records","format":"CD-Album","rating":"3","released":"1996","release_id":"383003","collectionfolder":"Heavy Metal","date added":"2011-05-17 13:49:13"} an inserted into database with id: 175ef32d-c950-48c5-89c5-8dcad3f4fd4c
2016-04-11 16:46:15 INFO  TestLoadCSV:78 - Document succesfully formatted: {"catalog#":"GES 19039","artist":"Guns N' Roses","title":"You Could Be Mine","label":"Geffen Records","format":"7-Single","rating":"5","released":"1991","release_id":"382990","collectionfolder":"Hard Rock","date added":"2011-05-13 08:39:18","collection style":"Hard Rock"} an inserted into database with id: 0bd9534f-03b9-49ef-b239-dfd319791ed9
2016-04-11 16:46:15 INFO  TestLoadCSV:78 - Document succesfully formatted: {"catalog#":"GED 24415-GEFD 24415","artist":"Guns N' Roses","title":"Use Your Illusion I","label":"Geffen Records-Geffen Records-Uzi Suicide Records","format":"CD-Album-RP","rating":"3","released":"0","release_id":"370005","collectionfolder":"Hard Rock","date added":"2011-05-13 08:38:43","collection style":"Hard Rock"} an inserted into database with id: 6607616e-8e06-4799-98bd-5a3dce704971
2016-04-11 16:46:15 INFO  TestLoadCSV:78 - Document succesfully formatted: {"catalog#":"GED 24420-GEFD 24420-none","artist":"Guns N' Roses","title":"Use Your Illusion II","label":"Geffen Records-Geffen Records-Uzi Suicide Records","format":"CD-Album","rating":"5","released":"1991","release_id":"370013","collectionfolder":"Hard Rock","date added":"2011-05-13 08:38:23","collection style":"Hard Rock"} an inserted into database with id: 012f2531-e6bf-4e37-9516-b48672b5ecf6
2016-04-11 16:46:15 INFO  TestLoadCSV:78 - Document succesfully formatted: {"catalog#":"GED 24148-GEFD 24148","artist":"Guns N' Roses","title":"Appetite For Destruction","label":"Geffen Records-Geffen Records-Uzi Suicide-Uzi Suicide","format":"CD-Album","rating":"5","released":"1987","release_id":"425250","collectionfolder":"Hard Rock","date added":"2011-05-13 08:37:55","collection style":"Hard Rock"} an inserted into database with id: 3e39eef2-da3e-4344-9fc5-988a039087f3
2016-04-11 16:46:15 INFO  TestLoadCSV:78 - Document succesfully formatted: {"catalog#":"924 198-2","artist":"Guns N' Roses","title":"G N' R Lies","label":"Geffen Records-Uzi Suicide Records","format":"CD-Album","rating":"4","released":"1988","release_id":"1985121","collectionfolder":"Hard Rock","date added":"2011-05-13 08:38:07","collection style":"Hard Rock"} an inserted into database with id: 05d3bf85-bc77-447f-a5a4-1c8cc8a925d6
2016-04-11 16:46:15 INFO  TestLoadCSV:78 - Document succesfully formatted: {"catalog#":"PIP CD 050","artist":"Long Tall Texans","title":"Saturnalia","label":"Great Expectations","format":"CD-Album-RE","rating":"5","released":"1993","release_id":"1961154","collectionfolder":"Psychobilly","date added":"2011-05-14 06:15:44"} an inserted into database with id: bd843cae-a1af-4e6e-b613-b03d3e890569
2016-04-11 16:46:15 INFO  TestLoadCSV:78 - Document succesfully formatted: {"catalog#":"G.W.P. 002","artist":"Fortress (6)","title":"The Fires Of Our Rage","label":"Great White Productions","format":"CD-Album","rating":"5","released":"1999","release_id":"3046971","collectionfolder":"R.A.C","date added":"2011-08-17 02:12:03","collection style":"R.A.C"} an inserted into database with id: e7f785ae-a825-45b1-ac4f-62bfe9ef2025
2016-04-11 16:46:15 INFO  TestLoadCSV:78 - Document succesfully formatted: {"catalog#":"GWP-003","artist":"Various","title":"Southern Thunder","label":"Great White Productions","format":"CD-Comp","rating":"5","released":"2000","release_id":"4639979","collectionfolder":"R.A.C","date added":"2013-08-16 00:04:48","collection style":"R.A.C"} an inserted into database with id: 510992ef-6df4-4433-8937-9d67f21b7414
2016-04-11 16:46:15 INFO  TestLoadCSV:78 - Document succesfully formatted: {"catalog#":"none","artist":"Fortress (6)","title":"Victory Or Valhalla: Seize The Day / Fortress I","label":"Great White Productions","format":"CD-Comp-RE","rating":"5","released":"0","release_id":"701596","collectionfolder":"R.A.C","date added":"2011-05-14 05:59:25","collection style":"R.A.C"} an inserted into database with id: a8b1c5c8-9e93-40a8-946a-ac9e1df66024
2016-04-11 16:46:15 INFO  TestLoadCSV:78 - Document succesfully formatted: {"catalog#":"GUN 209-82876 67187 2","artist":"Paradise Lost","title":"Forever After","label":"GUN Records (2)-BMG","format":"CD-Single","rating":"4","released":"2005","release_id":"1295253","collectionfolder":"Gothic","date added":"2011-05-11 12:03:39"} an inserted into database with id: 32a709db-2c3b-4d0f-b6f7-ee49be86aec6
2016-04-11 16:46:15 INFO  TestLoadCSV:78 - Document succesfully formatted: {"catalog#":"GUN 209-82876 67670 9","artist":"Paradise Lost","title":"Forever After","label":"GUN Records (2)-BMG","format":"Hybrid-DVDplus-PAL-Single-Ltd-Dig","rating":"4","released":"2005","release_id":"1295218","collectionfolder":"Gothic","date added":"2011-05-11 12:03:35"} an inserted into database with id: f2ac1705-3b03-4c59-8717-45e22d40d1cc
2016-04-11 16:46:15 INFO  TestLoadCSV:78 - Document succesfully formatted: {"catalog#":"GUN 210-82876 67189 2","artist":"Paradise Lost","title":"Paradise Lost","label":"GUN Records (2)-BMG","format":"CD-Album","rating":"2","released":"2005","release_id":"759061","collectionfolder":"Gothic","date added":"2011-05-11 11:57:50"} an inserted into database with id: a81958ce-f613-48d3-916b-e98137ebb121
2016-04-11 16:46:15 INFO  TestLoadCSV:78 - Document succesfully formatted: {"catalog#":"GUN 210-82876 67190 2","artist":"Paradise Lost","title":"Paradise Lost","label":"GUN Records (2)-BMG","format":"CD-Album-Enh-Ltd-Dig","rating":"2","released":"2005","release_id":"521736","collectionfolder":"Gothic","date added":"2011-05-11 11:58:06"} an inserted into database with id: 3fb6ddac-48b1-4c19-857b-c24fc46d6ea9
2016-04-11 16:46:15 INFO  TestLoadCSV:78 - Document succesfully formatted: {"catalog#":"HAGAL011 -none","artist":"Strike Back (3)","title":"Gelobt Sei... Was Hart Macht","label":"Hagal Records-Hate Records","format":"CD-Album","released":"1999","release_id":"4326610","collectionfolder":"R.A.C","date added":"2016-02-11 22:53:23"} an inserted into database with id: b6f6c439-ebe7-4589-a3f8-d5a59e358e0f
2016-04-11 16:46:15 INFO  TestLoadCSV:78 - Document succesfully formatted: {"catalog#":"Haken 005-VWR002","artist":"Grom (3)","title":"Pagan War Machine","label":"Hakenkreuz Productions-Vinland Winds Records","format":"CD-MiniAlbum","released":"2001","release_id":"370214","collectionfolder":"Black Metal","date added":"2015-04-14 22:29:11"} an inserted into database with id: 16eb07fa-e014-4b32-b528-e9a92756bdf9
2016-04-11 16:46:15 INFO  TestLoadCSV:78 - Document succesfully formatted: {"catalog#":"HHR074","artist":"Ancient Rites (2)","title":"Dim Carcosa","label":"Hammerheart Records","format":"CD-Album-Ltd-Dig","released":"2001","release_id":"1883118","collectionfolder":"Gothic","date added":"2016-02-14 11:19:17"} an inserted into database with id: 4dd21054-d79e-4bbe-b7c3-439d7f44c02d
[...]
2016-04-11 16:46:16 INFO  TestLoadCSV:78 - Document succesfully formatted: {"catalog#":"171 421 1","artist":"Amy Winehouse","title":"Back To Black","label":"Universal Records-Island Records Group","format":"CD-Album","rating":"5","released":"2006","release_id":"1024172","collectionfolder":"Blues","date added":"2011-05-30 13:10:41"} an inserted into database with id: 382efe36-f1bc-49d3-84ad-451867669f66
2016-04-11 16:46:16 INFO  TestLoadCSV:78 - Document succesfully formatted: {"catalog#":"V7 Rec. 10","artist":"Exxtrem","title":"Tätowiert","label":"V7 Versand","format":"CD-Album","rating":"3","released":"2003","release_id":"4040268","collectionfolder":"R.A.C","date added":"2013-03-12 09:38:36"} an inserted into database with id: cd5eda32-b3e1-4f40-8b17-eefeb8519415
2016-04-11 16:46:16 INFO  TestLoadCSV:78 - Document succesfully formatted: {"catalog#":"V7 Rec. 30","artist":"Bound For Glory","title":"Warrior's Glory","label":"V7 Versand","format":"CD-Album-RE","rating":"3","released":"2004","release_id":"650616","collectionfolder":"R.A.C","date added":"2011-10-07 14:17:21","collection style":"R.A.C"} an inserted into database with id: c49807fa-0f8c-40c6-8f1a-87bec01c4988
2016-04-11 16:46:16 INFO  TestLoadCSV:78 - Document succesfully formatted: {"catalog#":"V7 Rec. 33","artist":"Bound For Glory","title":"Hate Train Rolling","label":"V7 Versand","format":"CD-Album-RE","rating":"4","released":"2005","release_id":"713035","collectionfolder":"R.A.C","date added":"2013-08-18 05:22:33","collection style":"R.A.C"} an inserted into database with id: 92de74f5-479c-46c8-879c-2afbb72a0577
2016-04-11 16:46:16 INFO  TestLoadCSV:78 - Document succesfully formatted: {"catalog#":"00602517840201","artist":"Metallica","title":"Death Magnetic","label":"Vertigo","format":"CD-Album","rating":"5","released":"2008","release_id":"2076092","collectionfolder":"Trash Metal","date added":"2011-05-15 04:30:47"} an inserted into database with id: c19842fc-0db2-4def-ba48-bdd48a0f3fd2
2016-04-11 16:46:16 INFO  TestLoadCSV:78 - Document succesfully formatted: {"catalog#":"0602498654033","artist":"Metallica","title":"St. Anger","label":"Vertigo","format":"CD-Album + DVD-V-Multichannel-PAL-Copy Prot.","rating":"3","released":"2003","release_id":"2088276","collectionfolder":"Trash Metal","date added":"2011-05-15 04:30:12"} an inserted into database with id: 00074a43-2527-4b89-8682-c8c20605aa64
2016-04-11 16:46:16 INFO  TestLoadCSV:78 - Document succesfully formatted: {"catalog#":"0602517144484","artist":"Metallica","title":"The Videos 1989 - 2004","label":"Vertigo","format":"DVD-V-PAL-Comp","rating":"5","released":"2006","release_id":"1030391","collectionfolder":"Trash Metal","date added":"2011-05-15 04:32:05"} an inserted into database with id: 3455b52e-7e89-4d70-b1fa-a9dafb364798
2016-04-11 16:46:16 INFO  TestLoadCSV:78 - Document succesfully formatted: {"catalog#":"510 022-2","artist":"Metallica","title":"Metallica","label":"Vertigo","format":"CD-Album","rating":"4","released":"1991","release_id":"1125013","collectionfolder":"Trash Metal","date added":"2011-05-15 04:27:39"} an inserted into database with id: cc76c72b-9cec-4008-a88e-58d7deab744f
2016-04-11 16:46:16 INFO  TestLoadCSV:78 - Document succesfully formatted: {"catalog#":"532 618-2","artist":"Metallica","title":"Load","label":"Vertigo","format":"CD-Album","rating":"5","released":"1996","release_id":"368311","collectionfolder":"Trash Metal","date added":"2011-05-15 04:28:18"} an inserted into database with id: b038cb9e-0e94-4af0-90b2-54ba5a2cea38
2016-04-11 16:46:16 INFO  TestLoadCSV:78 - Document succesfully formatted: {"catalog#":"536 409-2","artist":"Metallica","title":"Reload","label":"Vertigo","format":"CD-Album","rating":"2","released":"1997","release_id":"367926","collectionfolder":"Trash Metal","date added":"2011-05-15 04:28:36"} an inserted into database with id: 90616c4d-2e65-4efb-844a-8e3b4a4bd788
2016-04-11 16:46:16 INFO  TestLoadCSV:78 - Document succesfully formatted: {"catalog#":"546 797-2","artist":"Metallica With Michael Kamen Conducting The San Francisco Symphony Orchestra","title":"S&M","label":"Vertigo","format":"2xCD-Album","rating":"5","released":"1999","release_id":"2202013","collectionfolder":"Trash Metal","date added":"2011-05-15 04:29:43"} an inserted into database with id: 11e8dd4e-e80d-462e-b996-3d257d485c72
2016-04-11 16:46:16 INFO  TestLoadCSV:78 - Document succesfully formatted: {"catalog#":"60 59 002","artist":"Black Sabbath","title":"Evil Woman = Mujer Perversa","label":"Vertigo","format":"7-Single","rating":"5","released":"1970","release_id":"1358924","collectionfolder":"Heavy Metal","date added":"2011-06-04 12:11:05"} an inserted into database with id: 37b8c560-81bd-4502-b4ab-c3497a98c7e4
2016-04-11 16:46:16 INFO  TestLoadCSV:78 - Document succesfully formatted: {"catalog#":"602527863689 (86)","artist":"Lou Reed & Metallica","title":"Lulu","label":"Vertigo","format":"2xCD-Album","rating":"3","released":"2011","release_id":"3388480","collectionfolder":"Hard Rock","date added":"2012-06-03 01:32:41"} an inserted into database with id: b0726a4b-a8c3-4001-b67b-dad67f4e0306
2016-04-11 16:46:16 INFO  TestLoadCSV:78 - Document succesfully formatted: {"catalog#":"6302 017","artist":"Black Sabbath","title":"Heaven And Hell","label":"Vertigo","format":"LP-Album","released":"1980","release_id":"3927301","collectionfolder":"Heavy Metal","date added":"2015-11-10 14:23:26"} an inserted into database with id: 09590cf6-9a76-4d3d-8264-2afdfd6b3b4a
2016-04-11 16:46:16 INFO  TestLoadCSV:78 - Document succesfully formatted: {"catalog#":"836062-1","artist":"Metallica","title":"...And Justice For All","label":"Vertigo","format":"2xLP-Album","rating":"5","released":"1988","release_id":"371162","collectionfolder":"Trash Metal","date added":"2011-05-15 04:25:50"} an inserted into database with id: 72930d1d-9af6-4987-8d25-c1b88fe12893
2016-04-11 16:46:16 INFO  TestLoadCSV:78 - Document succesfully formatted: {"catalog#":"838 142-2","artist":"Metallica","title":"Kill 'Em All","label":"Vertigo","format":"CD-Album-RE","rating":"4","released":"0","release_id":"368288","collectionfolder":"Trash Metal","date added":"2011-05-15 04:24:04"} an inserted into database with id: d9cb78ea-bee7-489f-a5b4-d4c06d9b0e84
2016-04-11 16:46:16 INFO  TestLoadCSV:78 - Document succesfully formatted: {"catalog#":"none","artist":"Metallica","title":"Francais Pour Une Nuit - Live Aux Arènes De Nîmes","label":"Vertigo","format":"DVD-PAL-Reg","rating":"5","released":"2009","release_id":"2881130","collectionfolder":"Trash Metal","date added":"2011-05-15 05:16:09"} an inserted into database with id: 14445dbc-6c5f-4b58-9f10-120b49d7c283
2016-04-11 16:46:16 INFO  TestLoadCSV:78 - Document succesfully formatted: {"catalog#":"none","artist":"Metallica","title":"Orgullo-Passion-Y Gloria - Tres Noches En La Ciudad De México","label":"Vertigo","format":"DVD-PAL-Reg","rating":"5","released":"2009","release_id":"2881164","collectionfolder":"Trash Metal","date added":"2011-05-15 05:30:24"} an inserted into database with id: 8db95a6c-f548-4405-8013-0ec0871a3203
2016-04-11 16:46:16 INFO  TestLoadCSV:78 - Document succesfully formatted: {"catalog#":"836062-2-none","artist":"Metallica","title":"...And Justice For All","label":"Vertigo-Phonogram","format":"CD-Album","rating":"5","released":"1988","release_id":"1605589","collectionfolder":"Trash Metal","date added":"2011-05-15 04:26:01"} an inserted into database with id: 43116669-5042-4feb-aafe-d98a52c9702c
2016-04-11 16:46:16 INFO  TestLoadCSV:78 - Document succesfully formatted: {"catalog#":"838 140-2","artist":"Metallica","title":"Ride The Lightning","label":"Vertigo-Phonogram","format":"CD-Album-RE","rating":"5","released":"1989","release_id":"2669645","collectionfolder":"Trash Metal","date added":"2011-05-15 04:24:24"} an inserted into database with id: 55741e6e-010a-4f6b-b341-6bbc06f9c21e
2016-04-11 16:46:16 INFO  TestLoadCSV:78 - Document succesfully formatted: {"catalog#":"838 141-2","artist":"Metallica","title":"Master Of Puppets","label":"Vertigo-Phonogram","format":"CD-Album-RE","rating":"5","released":"1989","release_id":"1594201","collectionfolder":"Trash Metal","date added":"2011-05-15 04:24:55"} an inserted into database with id: 4cfeafc7-01ff-4f7e-8370-975162f03fc4
2016-04-11 16:46:16 INFO  TestLoadCSV:78 - Document succesfully formatted: {"catalog#":"METAL 512-874 067-1","artist":"Metallica","title":"One","label":"Vertigo-Phonogram","format":"12-Single","rating":"5","released":"1988","release_id":"1933945","collectionfolder":"Trash Metal","date added":"2011-05-15 04:26:33"} an inserted into database with id: 0aa9e96c-675c-44f9-94c9-4a91773e40ba
2016-04-11 16:46:16 INFO  TestLoadCSV:78 - Document succesfully formatted: {"catalog#":"VICCD 1005","artist":"Fortress (6)","title":"Seize The Day","label":"Victory Records (5)","format":"CD-Album","rating":"4","released":"1993","release_id":"678901","collectionfolder":"R.A.C","date added":"2011-05-11 11:48:25","collection style":"R.A.C"} an inserted into database with id: 7f9b7a35-e556-4ff8-9161-a5b6df4a8b4c
2016-04-11 16:46:16 INFO  TestLoadCSV:78 - Document succesfully formatted: {"catalog#":"0777 7 87886 2 1","artist":"Blind Guardian","title":"Battalions Of Fear","label":"Virgin","format":"CD-Album-RE","released":"1991","release_id":"387455","collectionfolder":"Heavy Metal","date added":"2015-04-13 12:04:34"} an inserted into database with id: 51979aee-52be-4c6f-ab13-3c65c4ec5eb9
2016-04-11 16:46:16 INFO  TestLoadCSV:78 - Document succesfully formatted: {"catalog#":"50999 3 08265 2 6","artist":"Alice In Chains","title":"Black Gives Way To Blue","label":"Virgin","format":"CD-Album","rating":"5","released":"2009","release_id":"2582473","collectionfolder":"Hard Rock","date added":"2011-05-13 08:35:12","collection style":"Hard Rock"} an inserted into database with id: bb07c91b-063d-43a9-925d-e706765dd765
2016-04-11 16:46:16 INFO  TestLoadCSV:78 - Document succesfully formatted: {"catalog#":"7243 8 49253 2 1","artist":"A Perfect Circle","title":"Mer De Noms","label":"Virgin","format":"CD-Album","released":"2000","release_id":"367860","collectionfolder":"Uncategorized","date added":"2016-02-14 11:17:08"} an inserted into database with id: 3c93197c-575d-4cf4-ab2a-099acb38d4c7
2016-04-11 16:46:16 INFO  TestLoadCSV:78 - Document succesfully formatted: {"catalog#":"828765364720","artist":"Tool (2)","title":"Undertow","label":"Volcano (2)-Tool Dissectional","format":"CD-Album-RE","rating":"4","released":"2003","release_id":"1704508","collectionfolder":"Industrial","date added":"2013-08-21 06:07:35","collection style":"Industrial"} an inserted into database with id: fa76084b-a608-4ab3-8737-f1859b532f79
2016-04-11 16:46:16 INFO  TestLoadCSV:78 - Document succesfully formatted: {"catalog#":"WALCD 115","artist":"Holsteiner Jungs","title":"Hass Im Gesicht","label":"Walhalla Records (3)","format":"CD-Album","rating":"3","released":"1997","release_id":"3847612","collectionfolder":"R.A.C","date added":"2013-08-21 05:49:00","collection style":"R.A.C"} an inserted into database with id: b888fec0-7091-4a4b-a496-b5cef433c492
2016-04-11 16:46:16 INFO  TestLoadCSV:78 - Document succesfully formatted: {"catalog#":"war003cd","artist":"Shellyz Raven","title":"Desolation","label":"War Is Imminent Productions","format":"CD-Album","rating":"4","released":"2000","release_id":"1697204","collectionfolder":"Gothic","date added":"2011-08-21 06:53:59","collection style":"Gothic"} an inserted into database with id: 3297bd28-3284-49ca-9d68-7e4cd04fca11
2016-04-11 16:46:16 INFO  TestLoadCSV:78 - Document succesfully formatted: {"catalog#":"56603","artist":"ZZ Top","title":"Tres Hombres","label":"Warner Bros. Records","format":"LP-Album-RE","released":"1984","release_id":"2203826","collectionfolder":"Southern Rock","date added":"2015-08-01 03:29:56"} an inserted into database with id: dbbea287-6f9c-4b9d-9c36-ab87076d75de
2016-04-11 16:46:16 INFO  TestLoadCSV:78 - Document succesfully formatted: {"catalog#":"7599-23774-2","artist":"ZZ Top","title":"Eliminator","label":"Warner Bros. Records","format":"CD-Album-RE","rating":"4","released":"0","release_id":"390556","collectionfolder":"Southern Rock","date added":"2011-05-22 13:15:34","collection style":"Southern Rock"} an inserted into database with id: 36544589-04ba-47f3-89e2-ab5907dabc85
2016-04-11 16:46:16 INFO  TestLoadCSV:78 - Document succesfully formatted: {"catalog#":"7599-26846-2","artist":"ZZ Top","title":"Greatest Hits","label":"Warner Bros. Records","format":"CD-Comp","rating":"5","released":"1992","release_id":"931234","collectionfolder":"Southern Rock","date added":"2013-07-22 11:42:54"} an inserted into database with id: dafa35fd-df54-4c99-ad0f-d61cf9059eb6
2016-04-11 16:46:16 INFO  TestLoadCSV:78 - Document succesfully formatted: {"catalog#":"9362 47737-2","artist":"Van Halen","title":"Van Halen","label":"Warner Bros. Records","format":"HDCD-Album-RM","released":"2000","release_id":"852625","collectionfolder":"Hard Rock","date added":"2015-04-22 22:10:00"} an inserted into database with id: 0265cdd8-34b6-443f-8e90-fe53c85dcc10
2016-04-11 16:46:16 INFO  TestLoadCSV:78 - Document succesfully formatted: {"catalog#":"9362-49919-9","artist":"Avenged Sevenfold","title":"Avenged Sevenfold","label":"Warner Bros. Records","format":"CD-Album","rating":"3","released":"2007","release_id":"3650569","collectionfolder":"Heavy Metal","date added":"2013-07-22 11:42:06"} an inserted into database with id: 43699417-3542-44ac-9c4a-b61712ebe4ab
2016-04-11 16:46:16 INFO  TestLoadCSV:78 - Document succesfully formatted: {"catalog#":"4509-91155-2","artist":"The Smiths","title":"The Complete Picture","label":"Warner Music Vision","format":"DVD-V-Comp-PAL-Copy Prot.","rating":"5","released":"2000","release_id":"683134","collectionfolder":"Brit Pop","date added":"2013-08-20 23:58:32"} an inserted into database with id: 51d8ae03-cfe8-46c3-b2c4-fb0beac06ed7
2016-04-11 16:46:16 INFO  TestLoadCSV:78 - Document succesfully formatted: {"catalog#":"WWR004","artist":"Exxtrem","title":"Unsere Götter Leben Weiter","label":"Wehrwolf Records","format":"CD-Album","rating":"3","released":"2002","release_id":"2894811","collectionfolder":"R.A.C","date added":"2011-05-22 12:31:02","collection style":"R.A.C"} an inserted into database with id: 40fd8411-5164-40c6-ae23-2b8d7a00e2b3
2016-04-11 16:46:16 INFO  TestLoadCSV:78 - Document succesfully formatted: {"catalog#":"JAZZ 004CD","artist":"The Hellacopters","title":"Payin' The Dues","label":"White Jazz Records","format":"CD-Album","rating":"5","released":"1997","release_id":"712045","collectionfolder":"R´N´R","date added":"2011-05-14 06:25:20"} an inserted into database with id: 9305a6ab-fa27-4cd7-b07f-66b29b8c1667
2016-04-11 16:46:16 INFO  TestLoadCSV:78 - Document succesfully formatted: {"catalog#":"JAZZ 016CD","artist":"The Hellacopters","title":"Grande Rock","label":"White Jazz Records","format":"CD-Album","rating":"5","released":"1999","release_id":"712049","collectionfolder":"R´N´R","date added":"2011-05-14 06:25:51"} an inserted into database with id: 69ad9117-de93-43d8-a279-99fb9273dbf9
2016-04-11 16:46:16 INFO  TestLoadCSV:78 - Document succesfully formatted: {"catalog#":"JAZZ023LCD","artist":"The Hellacopters","title":"Move Right Out Of Here","label":"White Jazz Records","format":"CD-Maxi-Enh","rating":"3","released":"1999","release_id":"1666774","collectionfolder":"R´N´R","date added":"2011-05-14 06:27:37"} an inserted into database with id: 291cad9a-dfc9-488e-9357-d14a1e9789c7
2016-04-11 16:46:16 INFO  TestLoadCSV:78 - Document succesfully formatted: {"catalog#":"WKN 10","artist":"Der Blutharsch","title":"The Track Of The Hunted","label":"WKN","format":"CD-Album","rating":"5","released":"2000","release_id":"48940","collectionfolder":"Ambiental","date added":"2011-05-23 13:03:03"} an inserted into database with id: 8225212c-4adb-4538-afd2-d7eeaa4d7d87
2016-04-11 16:46:16 INFO  TestLoadCSV:78 - Document succesfully formatted: {"catalog#":"WKN 14","artist":"Der Blutharsch","title":"Der Blutharsch","label":"WKN","format":"CD-Album-RE","rating":"5","released":"2001","release_id":"48932","collectionfolder":"Ambiental","date added":"2011-05-23 13:02:30"} an inserted into database with id: 75119e8e-52d3-4dde-a621-9b226c3c498a
2016-04-11 16:46:16 INFO  TestLoadCSV:78 - Document succesfully formatted: {"catalog#":"WKN 15","artist":"Der Blutharsch","title":"When All Else Fails!","label":"WKN","format":"CD-Album","rating":"5","released":"2001","release_id":"148315","collectionfolder":"Ambiental","date added":"2011-05-23 13:03:32"} an inserted into database with id: 0a3823eb-b918-4c0e-8bbd-6e9fc02aad60
2016-04-11 16:46:16 INFO  TestLoadCSV:78 - Document succesfully formatted: {"catalog#":"WKN 8","artist":"Der Blutharsch","title":"The Pleasures Received In Pain","label":"WKN","format":"CD-Album-1st","rating":"5","released":"1999","release_id":"48945","collectionfolder":"Ambiental","date added":"2011-05-23 13:02:49"} an inserted into database with id: a439816b-0e51-46da-b794-4377c0f9d157
2016-04-11 16:46:16 INFO  TestLoadCSV:78 - Document succesfully formatted: {"catalog#":"WKN31","artist":"Der Blutharsch / Sotto Fascia Semplice","title":"Untitled","label":"WKN","format":"7-Ltd","released":"2008","release_id":"1404850","collectionfolder":"R.A.C","date added":"2015-08-18 07:35:44"} an inserted into database with id: f31c9af6-3186-4d98-8474-93dcf3b36462
2016-04-11 16:46:16 INFO  TestLoadCSV:78 - Document succesfully formatted: {"catalog#":"WP007","artist":"Estirpe Imperial","title":"Estirpe Imperial","label":"Wolf Pact Records","format":"12-Maxi-Ltd-Num-RE-Red","released":"2016","release_id":"8067304","collectionfolder":"Uncategorized","date added":"2016-03-06 23:09:57"} an inserted into database with id: 7aa94e77-7621-47f1-a7e0-512647edc5d0
2016-04-11 16:46:16 INFO  TestLoadCSV:78 - Document succesfully formatted: {"catalog#":"CUT 010-cut 010","artist":"Thyrane","title":"Symphonies Of Infernality","label":"Woodcut Records-Woodcut Records","format":"CD-Album","rating":"5","released":"1999","release_id":"850160","collectionfolder":"Black Metal","date added":"2011-05-17 13:49:50"} an inserted into database with id: 4c35da4b-9fa6-4c3a-ba04-939ea47e67db
2016-04-11 16:46:16 INFO  TestLoadCSV:78 - Document succesfully formatted: {"catalog#":"XLCD 183","artist":"The Prodigy","title":"Always Outnumbered-Never Outgunned","label":"XL Recordings","format":"CD-Album","rating":"3","released":"2004","release_id":"313346","collectionfolder":"Rave","date added":"2011-05-30 13:26:29"} an inserted into database with id: 9fd2f3de-11c7-49d5-8ffa-ce5499f8f66c
2016-04-11 16:46:16 INFO  TestLoadCSV:78 - Document succesfully formatted: {"catalog#":"7243 4 93836 2 3-493 8362","artist":"The Cramps","title":"Songs The Lord Taught Us","label":"Zonophone-Zonophone","format":"CD-Album-RE","rating":"5","released":"1998","release_id":"636471","collectionfolder":"R´N´R","date added":"2011-08-21 06:49:53","collection style":"R´N´R"} an inserted into database with id: 4b2bd96c-3d4c-43d9-8554-058dcda28430
2016-04-11 16:46:16 INFO  Node:145 - Disconnected from Node localhost
2016-04-11 16:46:16 INFO  ConfigurationProvider:300 - Closed bucket default
2016-04-11 16:46:16 INFO  CoreEnvironment:446 - Shutdown Core Scheduler: success 
2016-04-11 16:46:16 INFO  CoreEnvironment:446 - Shutdown Runtime Metrics Collector: success 
2016-04-11 16:46:16 INFO  CoreEnvironment:446 - Shutdown Latency Metrics Collector: success 
2016-04-11 16:46:16 INFO  CoreEnvironment:446 - Shutdown IoPool: success 
2016-04-11 16:46:18 INFO  CoreEnvironment:446 - Shutdown Netty: success 
]]></system-out>
  <system-err><![CDATA[]]></system-err>
</testsuite>
